INFO : [27/Oct/2023 13:32:31 logger 7 9912 9084 package : apps.auths.controller.register_controller --> position : Register.post]
INFO : [27/Oct/2023 13:33:23 logger 7 9136 1308 package : apps.auths.controller.register_controller --> position : Register.post]
ERROR : [27/Oct/2023 13:33:25 logger 10 9136 1308 package : apps.auths.controller.register_controller --> position : Register.post --> exception : 'bool' object is not subscriptable]
INFO : [27/Oct/2023 13:33:51 logger 7 10484 8500 package : apps.auths.controller.register_controller --> position : Register.post]
ERROR : [27/Oct/2023 13:33:53 logger 10 10484 8500 package : apps.auths.controller.register_controller --> position : Register.post --> exception : 'bool' object is not subscriptable]
INFO : [27/Oct/2023 13:34:11 logger 7 1392 8796 package : apps.auths.controller.register_controller --> position : Register.post]
ERROR : [27/Oct/2023 13:34:13 logger 10 1392 8796 package : apps.auths.controller.register_controller --> position : Register.post --> exception : 'bool' object is not subscriptable]
INFO : [27/Oct/2023 13:35:21 logger 7 13252 1408 package : apps.auths.controller.register_controller --> position : Register.post]
INFO : [27/Oct/2023 13:37:53 logger 7 13252 1408 package : apps.auths.controller.login_controller --> position : Login.post]
ERROR : [27/Oct/2023 13:37:53 logger 10 13252 1408 package : apps.auths.controller.login_controller --> position : Login.post --> exception : username doesn't exists]
INFO : [27/Oct/2023 13:38:04 logger 7 13252 1408 package : apps.auths.controller.register_controller --> position : Register.post]
INFO : [27/Oct/2023 13:38:10 logger 7 13252 1408 package : apps.auths.controller.login_controller --> position : Login.post]
INFO : [27/Oct/2023 13:38:20 logger 7 13252 1408 package : apps.auths.controller.login_controller --> position : Login.post]
INFO : [27/Oct/2023 20:19:02 logger 7 3684 12420 package : apps.sections.controller.section_controller --> position : SectionController.post]
ERROR : [27/Oct/2023 20:19:02 logger 10 3684 12420 package : apps.sections.controller.section_controller --> position : SectionController.post --> exception : 1 validation error for AddSectionDTO
section_name
  Field required [type=missing, input_value={}, input_type=dict]
    For further information visit https://errors.pydantic.dev/2.4/v/missing]
INFO : [27/Oct/2023 20:19:11 logger 7 3684 12420 package : apps.sections.controller.section_controller --> position : SectionController.post]
ERROR : [27/Oct/2023 20:19:11 logger 10 3684 12420 package : apps.sections.controller.section_controller --> position : SectionController.post --> exception : 1 validation error for AddSectionDTO
section_name
  Field required [type=missing, input_value={}, input_type=dict]
    For further information visit https://errors.pydantic.dev/2.4/v/missing]
INFO : [27/Oct/2023 20:19:49 logger 7 3684 12420 package : apps.auths.controller.login_controller --> position : Login.post]
INFO : [27/Oct/2023 20:19:56 logger 7 3684 12420 package : apps.sections.controller.section_controller --> position : SectionController.post]
ERROR : [27/Oct/2023 20:19:56 logger 10 3684 12420 package : apps.sections.controller.section_controller --> position : SectionController.post --> exception : 1 validation error for AddSectionDTO
section_name
  Field required [type=missing, input_value={'username': 'Utsavch1890...password': 'utsav@2001'}, input_type=dict]
    For further information visit https://errors.pydantic.dev/2.4/v/missing]
INFO : [27/Oct/2023 20:19:59 logger 7 3684 12420 package : apps.sections.controller.section_controller --> position : SectionController.post]
ERROR : [27/Oct/2023 20:19:59 logger 10 3684 12420 package : apps.sections.controller.section_controller --> position : SectionController.post --> exception : 1 validation error for AddSectionDTO
section_name
  Field required [type=missing, input_value={'username': 'Utsavch1890...password': 'utsav@2001'}, input_type=dict]
    For further information visit https://errors.pydantic.dev/2.4/v/missing]
INFO : [27/Oct/2023 20:20:09 logger 7 9756 9812 package : apps.sections.controller.section_controller --> position : SectionController.post]
INFO : [27/Oct/2023 20:21:42 logger 7 2112 8584 package : apps.sections.controller.section_controller --> position : SectionController.post]
INFO : [27/Oct/2023 20:21:58 logger 7 11488 3940 package : apps.sections.controller.section_controller --> position : SectionController.post]
INFO : [27/Oct/2023 20:22:31 logger 7 8780 404 package : apps.sections.controller.section_controller --> position : SectionController.post]
INFO : [27/Oct/2023 20:22:49 logger 7 11560 2796 package : apps.sections.controller.section_controller --> position : SectionController.post]
ERROR : [27/Oct/2023 20:22:49 logger 10 11560 2796 package : apps.sections.controller.section_controller --> position : SectionController.post --> exception : 'list' object has no attribute 'split']
INFO : [27/Oct/2023 20:23:21 logger 7 14208 8708 package : apps.sections.controller.section_controller --> position : SectionController.post]
INFO : [27/Oct/2023 20:23:44 logger 7 6568 6564 package : apps.sections.controller.section_controller --> position : SectionController.post]
INFO : [27/Oct/2023 20:23:57 logger 7 9504 12680 package : apps.sections.controller.section_controller --> position : SectionController.post]
INFO : [27/Oct/2023 20:24:10 logger 7 13260 7244 package : apps.sections.controller.section_controller --> position : SectionController.post]
INFO : [27/Oct/2023 20:25:33 logger 7 10468 12888 package : apps.sections.controller.section_controller --> position : SectionController.post]
INFO : [27/Oct/2023 20:53:03 logger 7 5928 10656 package : apps.sections.controller.section_controller --> position : SectionController.post]
INFO : [27/Oct/2023 20:53:20 logger 7 856 9128 package : apps.sections.controller.section_controller --> position : SectionController.post]
INFO : [27/Oct/2023 20:54:02 logger 7 11548 5944 package : apps.sections.controller.section_controller --> position : SectionController.post]
ERROR : [27/Oct/2023 20:54:02 logger 10 11548 5944 package : apps.sections.controller.section_controller --> position : SectionController.post --> exception : print() argument after ** must be a mapping, not str]
INFO : [27/Oct/2023 20:54:21 logger 7 12020 4620 package : apps.sections.controller.section_controller --> position : SectionController.post]
ERROR : [27/Oct/2023 20:54:21 logger 10 12020 4620 package : apps.sections.controller.section_controller --> position : SectionController.post --> exception : 'str' object is not a mapping]
INFO : [27/Oct/2023 20:54:46 logger 7 7204 11172 package : apps.sections.controller.section_controller --> position : SectionController.post]
ERROR : [27/Oct/2023 20:54:46 logger 10 7204 11172 package : apps.sections.controller.section_controller --> position : SectionController.post --> exception : 'str' object is not a mapping]
INFO : [27/Oct/2023 20:54:55 logger 7 3312 10740 package : apps.sections.controller.section_controller --> position : SectionController.post]
INFO : [27/Oct/2023 20:56:16 logger 7 12868 2692 package : apps.sections.controller.section_controller --> position : SectionController.post]
INFO : [27/Oct/2023 20:57:03 logger 7 7892 2552 package : apps.sections.controller.section_controller --> position : SectionController.post]
ERROR : [27/Oct/2023 20:57:03 logger 10 7892 2552 package : apps.sections.controller.section_controller --> position : SectionController.post --> exception : 'dict' object has no attribute 'encode']
INFO : [27/Oct/2023 20:57:30 logger 7 11084 8784 package : apps.sections.controller.section_controller --> position : SectionController.post]
INFO : [27/Oct/2023 21:00:18 logger 7 1348 12752 package : apps.sections.controller.section_controller --> position : SectionController.post]
INFO : [27/Oct/2023 21:01:52 logger 7 12604 2936 package : apps.sections.controller.section_controller --> position : SectionController.post]
INFO : [27/Oct/2023 21:02:50 logger 7 8992 12140 package : apps.sections.controller.section_controller --> position : SectionController.post]
INFO : [27/Oct/2023 21:03:04 logger 7 9592 5660 package : apps.sections.controller.section_controller --> position : SectionController.post]
INFO : [27/Oct/2023 21:03:24 logger 7 3848 12400 package : apps.sections.controller.section_controller --> position : SectionController.post]
INFO : [27/Oct/2023 21:04:06 logger 7 9508 12396 package : apps.sections.controller.section_controller --> position : SectionController.post]
INFO : [27/Oct/2023 21:04:25 logger 7 836 2640 package : apps.sections.controller.section_controller --> position : SectionController.post]
INFO : [27/Oct/2023 21:04:41 logger 7 6568 10436 package : apps.sections.controller.section_controller --> position : SectionController.post]
INFO : [27/Oct/2023 21:06:37 logger 7 14140 3352 package : apps.sections.controller.section_controller --> position : SectionController.post]
INFO : [27/Oct/2023 21:08:33 logger 7 11284 2720 package : apps.sections.controller.section_controller --> position : SectionController.post]
INFO : [27/Oct/2023 21:15:08 logger 7 5420 3624 package : apps.sections.controller.section_controller --> position : SectionController.post]
INFO : [27/Oct/2023 21:16:47 logger 7 1364 13920 package : apps.sections.controller.section_controller --> position : SectionController.post]
INFO : [27/Oct/2023 21:17:02 logger 7 8320 9624 package : apps.sections.controller.section_controller --> position : SectionController.post]
INFO : [27/Oct/2023 21:17:16 logger 7 13432 1508 package : apps.sections.controller.section_controller --> position : SectionController.post]
INFO : [27/Oct/2023 21:26:18 logger 7 10656 3580 package : apps.auths.controller.login_controller --> position : Login.post]
INFO : [27/Oct/2023 21:26:29 logger 7 10656 3580 package : apps.auths.controller.login_controller --> position : Login.post]
INFO : [27/Oct/2023 21:31:59 logger 7 10868 12612 package : apps.auths.controller.login_controller --> position : Login.post]
INFO : [27/Oct/2023 21:34:46 logger 7 2792 4016 package : apps.sections.controller.section_controller --> position : SectionController.post]
INFO : [27/Oct/2023 21:35:33 logger 7 10936 9376 package : apps.sections.controller.section_controller --> position : SectionController.post]
ERROR : [27/Oct/2023 21:35:33 logger 10 10936 9376 package : apps.sections.controller.section_controller --> position : SectionController.post --> exception : 1 validation error for AddSectionDTO
section_name
  Field required [type=missing, input_value={'username': 'Utsavch1890...password': 'utsav@2001'}, input_type=dict]
    For further information visit https://errors.pydantic.dev/2.4/v/missing]
INFO : [27/Oct/2023 21:35:48 logger 7 10936 9376 package : apps.sections.controller.section_controller --> position : SectionController.post]
ERROR : [27/Oct/2023 21:35:48 logger 10 10936 9376 package : apps.sections.controller.section_controller --> position : SectionController.post --> exception : add() missing 1 required positional argument: 'request']
INFO : [27/Oct/2023 21:36:06 logger 7 8272 2192 package : apps.sections.controller.section_controller --> position : SectionController.post]
ERROR : [27/Oct/2023 21:36:06 logger 10 8272 2192 package : apps.sections.controller.section_controller --> position : SectionController.post --> exception : uuid3() missing 1 required positional argument: 'name']
INFO : [27/Oct/2023 21:36:24 logger 7 13632 5780 package : apps.sections.controller.section_controller --> position : SectionController.post]
ERROR : [27/Oct/2023 21:36:24 logger 10 13632 5780 package : apps.sections.controller.section_controller --> position : SectionController.post --> exception : uuid1() got an unexpected keyword argument 'namespace']
INFO : [27/Oct/2023 21:36:35 logger 7 10068 13800 package : apps.sections.controller.section_controller --> position : SectionController.post]
ERROR : [27/Oct/2023 21:36:35 logger 10 10068 13800 package : apps.sections.controller.section_controller --> position : SectionController.post --> exception : no such table: sections_section]
INFO : [27/Oct/2023 21:37:53 logger 7 5388 3956 package : apps.sections.controller.section_controller --> position : SectionController.post]
INFO : [27/Oct/2023 21:41:41 logger 7 3124 3388 package : apps.sections.controller.section_controller --> position : SectionController.post]
ERROR : [27/Oct/2023 21:41:41 logger 10 3124 3388 package : apps.sections.controller.section_controller --> position : SectionController.post --> exception : 'Request' object has no attribute 'User']
INFO : [27/Oct/2023 21:43:36 logger 7 9812 12520 package : apps.auths.controller.login_controller --> position : Login.post]
INFO : [27/Oct/2023 21:43:40 logger 7 9812 12520 package : apps.sections.controller.section_controller --> position : SectionController.post]
INFO : [27/Oct/2023 21:43:45 logger 7 9812 12520 package : apps.sections.controller.section_controller --> position : SectionController.post]
INFO : [27/Oct/2023 21:52:34 logger 7 1996 10136 package : apps.sections.controller.section_controller --> position : SectionController.post]
