INFO : [29/Oct/2023 11:01:16 logger 7 8476 4712 package : apps.auths.controller.register_controller --> position : Register.post]
INFO : [29/Oct/2023 11:32:09 logger 7 8476 4712 package : apps.auths.controller.login_controller --> position : Login.post]
INFO : [29/Oct/2023 11:32:11 logger 7 8476 4712 package : apps.sections.controller.section_controller --> position : SectionController.get]
INFO : [29/Oct/2023 11:32:23 logger 7 8476 4712 package : apps.sections.controller.section_controller --> position : SectionController.post]
INFO : [29/Oct/2023 11:32:27 logger 7 8476 4712 package : apps.sections.controller.section_controller --> position : SectionController.get]
INFO : [29/Oct/2023 11:34:08 logger 7 7744 2792 package : apps.posts.controller.post_controller --> position : PostController.post]
ERROR : [29/Oct/2023 11:34:08 logger 10 7744 2792 package : apps.posts.controller.post_controller --> position : PostController.post --> exception : NOT NULL constraint failed: posts_post.notes]
INFO : [29/Oct/2023 11:35:25 logger 7 13976 2368 package : apps.posts.controller.post_controller --> position : PostController.post]
INFO : [29/Oct/2023 11:36:04 logger 7 9708 11916 package : apps.posts.controller.post_controller --> position : PostController.post]
INFO : [29/Oct/2023 11:40:41 logger 7 11884 7108 package : apps.posts.controller.post_controller --> position : PostController.post]
ERROR : [29/Oct/2023 11:40:41 logger 10 11884 7108 package : apps.posts.controller.post_controller --> position : PostController.post --> exception : 'file_name']
INFO : [29/Oct/2023 11:41:38 logger 7 1228 13652 package : apps.posts.controller.post_controller --> position : PostController.post]
ERROR : [29/Oct/2023 11:41:38 logger 10 1228 13652 package : apps.posts.controller.post_controller --> position : PostController.post --> exception : 'file_name']
INFO : [29/Oct/2023 11:41:51 logger 7 1228 13652 package : apps.posts.controller.post_controller --> position : PostController.post]
ERROR : [29/Oct/2023 11:41:51 logger 10 1228 13652 package : apps.posts.controller.post_controller --> position : PostController.post --> exception : 'AddPostDTO' object has no attribute 'profile_pic_base64']
INFO : [29/Oct/2023 11:42:51 logger 7 12176 6532 package : apps.posts.controller.post_controller --> position : PostController.post]
ERROR : [29/Oct/2023 11:42:53 logger 10 12176 6532 package : apps.posts.controller.post_controller --> position : PostController.post --> exception : 'file_url']
INFO : [29/Oct/2023 11:44:08 logger 7 3852 1640 package : apps.posts.controller.post_controller --> position : PostController.post]
INFO : [29/Oct/2023 11:55:54 logger 7 12876 3268 package : apps.posts.controller.post_controller --> position : PostController.post]
INFO : [29/Oct/2023 11:56:31 logger 7 9588 5944 package : apps.posts.controller.post_controller --> position : PostController.post]
ERROR : [29/Oct/2023 11:56:33 logger 10 9588 5944 package : apps.posts.controller.post_controller --> position : PostController.post --> exception : 'Post' object is not iterable]
INFO : [29/Oct/2023 11:56:58 logger 7 9220 9120 package : apps.posts.controller.post_controller --> position : PostController.post]
ERROR : [29/Oct/2023 11:57:00 logger 10 9220 9120 package : apps.posts.controller.post_controller --> position : PostController.post --> exception : Got AttributeError when attempting to get a value for field `post_file_meta_id` on serializer `PostMetaSerializer`.
The serializer field might be named incorrectly and not match any attribute or key on the `list` instance.
Original exception text was: 'list' object has no attribute 'post_file_meta_id'.]
INFO : [29/Oct/2023 11:57:43 logger 7 10136 12272 package : apps.posts.controller.post_controller --> position : PostController.post]
INFO : [29/Oct/2023 12:00:28 logger 7 10136 12272 package : apps.posts.controller.post_controller --> position : PostController.post]
INFO : [29/Oct/2023 19:21:41 logger 7 1900 8432 package : apps.posts.controller.post_controller --> position : PostController.get]
INFO : [29/Oct/2023 19:56:44 logger 7 10612 1132 package : apps.posts.controller.post_controller --> position : PostController.get]
ERROR : [29/Oct/2023 19:56:44 logger 10 10612 1132 package : apps.posts.controller.post_controller --> position : PostController.get --> exception : Can't instantiate abstract class PostModelRepo with abstract method getAllPostMetaOfAPost]
INFO : [29/Oct/2023 19:57:02 logger 7 11412 212 package : apps.posts.controller.post_controller --> position : PostController.get]
INFO : [29/Oct/2023 19:58:29 logger 7 11412 212 package : apps.posts.controller.post_controller --> position : PostController.post]
INFO : [29/Oct/2023 19:58:32 logger 7 11412 212 package : apps.posts.controller.post_controller --> position : PostController.get]
INFO : [29/Oct/2023 19:59:16 logger 7 6804 9628 package : apps.posts.controller.post_controller --> position : PostController.get]
INFO : [29/Oct/2023 20:01:19 logger 7 6804 9628 package : apps.posts.controller.post_controller --> position : PostController.get]
INFO : [29/Oct/2023 20:03:38 logger 7 1392 13980 package : apps.posts.controller.post_controller --> position : PostController.get]
ERROR : [29/Oct/2023 20:03:38 logger 10 1392 13980 package : apps.posts.controller.post_controller --> position : PostController.get --> exception : near "Join": syntax error]
INFO : [29/Oct/2023 20:04:28 logger 7 13072 5748 package : apps.posts.controller.post_controller --> position : PostController.get]
INFO : [29/Oct/2023 20:05:36 logger 7 8044 4816 package : apps.posts.controller.post_controller --> position : PostController.get]
INFO : [29/Oct/2023 20:12:48 logger 7 9736 6000 package : apps.posts.controller.post_controller --> position : PostController.get]
ERROR : [29/Oct/2023 20:12:48 logger 10 9736 6000 package : apps.posts.controller.post_controller --> position : PostController.get --> exception : no such column: posts_postfilemeta.post_id]
INFO : [29/Oct/2023 20:15:12 logger 7 8016 8168 package : apps.posts.controller.post_controller --> position : PostController.get]
INFO : [29/Oct/2023 20:17:08 logger 7 13760 11800 package : apps.posts.controller.post_controller --> position : PostController.get]
ERROR : [29/Oct/2023 20:17:08 logger 10 13760 11800 package : apps.posts.controller.post_controller --> position : PostController.get --> exception : near "on": syntax error]
INFO : [29/Oct/2023 20:17:30 logger 7 7268 2700 package : apps.posts.controller.post_controller --> position : PostController.get]
INFO : [29/Oct/2023 20:18:43 logger 7 12788 5248 package : apps.posts.controller.post_controller --> position : PostController.get]
ERROR : [29/Oct/2023 20:18:43 logger 10 12788 5248 package : apps.posts.controller.post_controller --> position : PostController.get --> exception : near "left": syntax error]
INFO : [29/Oct/2023 20:18:51 logger 7 10012 13776 package : apps.posts.controller.post_controller --> position : PostController.get]
ERROR : [29/Oct/2023 20:18:51 logger 10 10012 13776 package : apps.posts.controller.post_controller --> position : PostController.get --> exception : near "left": syntax error]
INFO : [29/Oct/2023 20:22:45 logger 7 10120 1612 package : apps.posts.controller.post_controller --> position : PostController.get]
INFO : [29/Oct/2023 20:25:40 logger 7 13648 9528 package : apps.posts.controller.post_controller --> position : PostController.get]
ERROR : [29/Oct/2023 20:25:40 logger 10 13648 9528 package : apps.posts.controller.post_controller --> position : PostController.get --> exception : no such column: section.section_id]
INFO : [29/Oct/2023 20:26:02 logger 7 7684 12392 package : apps.posts.controller.post_controller --> position : PostController.get]
ERROR : [29/Oct/2023 20:26:02 logger 10 7684 12392 package : apps.posts.controller.post_controller --> position : PostController.get --> exception : no such column: section.section_id]
INFO : [29/Oct/2023 20:26:17 logger 7 13072 3424 package : apps.posts.controller.post_controller --> position : PostController.get]
INFO : [29/Oct/2023 20:26:38 logger 7 4156 1756 package : apps.posts.controller.post_controller --> position : PostController.get]
INFO : [29/Oct/2023 20:27:08 logger 7 10508 5964 package : apps.posts.controller.post_controller --> position : PostController.get]
INFO : [29/Oct/2023 20:27:44 logger 7 2940 13188 package : apps.posts.controller.post_controller --> position : PostController.get]
INFO : [29/Oct/2023 20:28:30 logger 7 980 13664 package : apps.posts.controller.post_controller --> position : PostController.get]
ERROR : [29/Oct/2023 20:28:30 logger 10 980 13664 package : apps.posts.controller.post_controller --> position : PostController.get --> exception : near "(": syntax error]
INFO : [29/Oct/2023 20:28:40 logger 7 5200 1876 package : apps.posts.controller.post_controller --> position : PostController.get]
INFO : [29/Oct/2023 20:29:04 logger 7 2392 8796 package : apps.posts.controller.post_controller --> position : PostController.get]
INFO : [29/Oct/2023 20:29:42 logger 7 6504 12852 package : apps.posts.controller.post_controller --> position : PostController.get]
ERROR : [29/Oct/2023 20:29:42 logger 10 6504 12852 package : apps.posts.controller.post_controller --> position : PostController.get --> exception : RIGHT and FULL OUTER JOINs are not currently supported]
INFO : [29/Oct/2023 20:29:57 logger 7 3132 12068 package : apps.posts.controller.post_controller --> position : PostController.get]
ERROR : [29/Oct/2023 20:29:57 logger 10 3132 12068 package : apps.posts.controller.post_controller --> position : PostController.get --> exception : RIGHT and FULL OUTER JOINs are not currently supported]
INFO : [29/Oct/2023 20:30:06 logger 7 8332 14308 package : apps.posts.controller.post_controller --> position : PostController.get]
INFO : [29/Oct/2023 20:36:43 logger 7 11300 9276 package : apps.posts.controller.post_controller --> position : PostController.get]
INFO : [29/Oct/2023 20:38:09 logger 7 13556 14164 package : apps.posts.controller.post_controller --> position : PostController.get]
ERROR : [29/Oct/2023 20:38:09 logger 10 13556 14164 package : apps.posts.controller.post_controller --> position : PostController.get --> exception : a JOIN clause is required before ON]
INFO : [29/Oct/2023 20:39:03 logger 7 13296 5468 package : apps.posts.controller.post_controller --> position : PostController.get]
INFO : [29/Oct/2023 20:41:17 logger 7 13212 13020 package : apps.posts.controller.post_controller --> position : PostController.get]
ERROR : [29/Oct/2023 20:41:17 logger 10 13212 13020 package : apps.posts.controller.post_controller --> position : PostController.get --> exception : no such column: posts_post.post_id]
INFO : [29/Oct/2023 20:41:33 logger 7 14120 1568 package : apps.posts.controller.post_controller --> position : PostController.get]
INFO : [29/Oct/2023 20:42:53 logger 7 9036 8320 package : apps.posts.controller.post_controller --> position : PostController.get]
INFO : [29/Oct/2023 20:43:09 logger 7 9036 8320 package : apps.posts.controller.post_controller --> position : PostController.get]
INFO : [29/Oct/2023 20:43:32 logger 7 9036 8320 package : apps.posts.controller.post_controller --> position : PostController.get]
INFO : [29/Oct/2023 20:44:55 logger 7 6896 9996 package : apps.posts.controller.post_controller --> position : PostController.get]
INFO : [29/Oct/2023 21:01:05 logger 7 9956 13632 package : apps.posts.controller.post_controller --> position : PostController.get]
INFO : [29/Oct/2023 21:03:22 logger 7 11080 13092 package : apps.posts.controller.post_controller --> position : PostController.get]
INFO : [29/Oct/2023 21:04:04 logger 7 12492 1880 package : apps.posts.controller.post_controller --> position : PostController.get]
