INFO : [27/Nov/2023 08:24:06 logger 7 6188 1044 package : apps.auths.controller.login_controller --> position : Login.post]
INFO : [27/Nov/2023 08:24:07 logger 7 6188 1044 package : apps.users.controller.getUserController --> position : GetAUser.get]
INFO : [27/Nov/2023 08:24:07 logger 7 6188 10584 package : apps.sections.controller.section_controller --> position : SectionController.get]
INFO : [27/Nov/2023 08:36:06 logger 7 10096 9608 package : apps.auths.controller.login_controller --> position : Login.post]
INFO : [27/Nov/2023 08:37:05 logger 7 10096 11180 package : apps.sections.controller.section_controller --> position : SectionController.get]
INFO : [27/Nov/2023 08:37:05 logger 7 10096 8956 package : apps.users.controller.getUserController --> position : GetAUser.get]
INFO : [27/Nov/2023 08:37:06 logger 7 10096 8956 package : apps.users.controller.getUserController --> position : GetAUser.get]
INFO : [27/Nov/2023 08:37:06 logger 7 10096 11180 package : apps.sections.controller.section_controller --> position : SectionController.get]
INFO : [27/Nov/2023 08:37:11 logger 7 10096 11180 package : apps.users.controller.getUserController --> position : GetAUser.get]
INFO : [27/Nov/2023 08:37:11 logger 7 10096 8956 package : apps.sections.controller.section_controller --> position : SectionController.get]
INFO : [27/Nov/2023 08:39:38 logger 7 10096 8956 package : apps.users.controller.getUserController --> position : GetAUser.get]
INFO : [27/Nov/2023 08:39:38 logger 7 10096 11180 package : apps.sections.controller.section_controller --> position : SectionController.get]
INFO : [27/Nov/2023 08:48:27 logger 7 10096 7992 package : apps.auths.controller.refreshToken_controller --> position : RefreshToken.post]
INFO : [27/Nov/2023 08:48:27 logger 7 10096 1312 package : apps.users.controller.getUserController --> position : GetAUser.get]
INFO : [27/Nov/2023 08:48:27 logger 7 10096 9332 package : apps.sections.controller.section_controller --> position : SectionController.get]
INFO : [27/Nov/2023 08:48:28 logger 7 10096 9332 package : apps.users.controller.getUserController --> position : GetAUser.get]
INFO : [27/Nov/2023 08:48:28 logger 7 10096 9332 package : apps.sections.controller.section_controller --> position : SectionController.get]
INFO : [27/Nov/2023 09:02:31 logger 7 10096 10964 package : apps.auths.controller.refreshToken_controller --> position : RefreshToken.post]
INFO : [27/Nov/2023 09:02:31 logger 7 10096 12052 package : apps.sections.controller.section_controller --> position : SectionController.get]
INFO : [27/Nov/2023 09:02:31 logger 7 10096 4728 package : apps.users.controller.getUserController --> position : GetAUser.get]
INFO : [27/Nov/2023 09:02:31 logger 7 10096 12052 package : apps.users.controller.getUserController --> position : GetAUser.get]
INFO : [27/Nov/2023 09:02:31 logger 7 10096 10964 package : apps.sections.controller.section_controller --> position : SectionController.get]
INFO : [27/Nov/2023 09:04:16 logger 7 10096 10964 package : apps.users.controller.getUserController --> position : GetAUser.get]
INFO : [27/Nov/2023 09:04:16 logger 7 10096 12052 package : apps.sections.controller.section_controller --> position : SectionController.get]
INFO : [27/Nov/2023 09:04:38 logger 7 10096 12052 package : apps.sections.controller.section_controller --> position : SectionController.get]
INFO : [27/Nov/2023 09:04:38 logger 7 10096 10964 package : apps.users.controller.getUserController --> position : GetAUser.get]
INFO : [27/Nov/2023 09:04:53 logger 7 10096 12052 package : apps.sections.controller.section_controller --> position : SectionController.get]
INFO : [27/Nov/2023 09:04:53 logger 7 10096 10964 package : apps.users.controller.getUserController --> position : GetAUser.get]
INFO : [27/Nov/2023 09:05:15 logger 7 10096 12052 package : apps.sections.controller.section_controller --> position : SectionController.get]
INFO : [27/Nov/2023 09:05:15 logger 7 10096 10964 package : apps.users.controller.getUserController --> position : GetAUser.get]
INFO : [27/Nov/2023 09:06:52 logger 7 10096 10964 package : apps.users.controller.getUserController --> position : GetAUser.get]
INFO : [27/Nov/2023 09:06:52 logger 7 10096 12052 package : apps.sections.controller.section_controller --> position : SectionController.get]
INFO : [27/Nov/2023 09:06:54 logger 7 10096 10964 package : apps.sections.controller.section_controller --> position : SectionController.get]
INFO : [27/Nov/2023 09:06:54 logger 7 10096 12052 package : apps.users.controller.getUserController --> position : GetAUser.get]
INFO : [27/Nov/2023 09:13:48 logger 7 10096 2616 package : apps.sections.controller.section_controller --> position : SectionController.get]
INFO : [27/Nov/2023 09:13:48 logger 7 10096 9924 package : apps.users.controller.getUserController --> position : GetAUser.get]
INFO : [27/Nov/2023 09:13:48 logger 7 10096 10488 package : apps.auths.controller.refreshToken_controller --> position : RefreshToken.post]
INFO : [27/Nov/2023 09:13:49 logger 7 10096 9924 package : apps.users.controller.getUserController --> position : GetAUser.get]
INFO : [27/Nov/2023 09:13:49 logger 7 10096 10488 package : apps.sections.controller.section_controller --> position : SectionController.get]
INFO : [27/Nov/2023 09:14:32 logger 7 10096 10488 package : apps.users.controller.getUserController --> position : GetAUser.get]
INFO : [27/Nov/2023 09:14:32 logger 7 10096 9924 package : apps.sections.controller.section_controller --> position : SectionController.get]
INFO : [27/Nov/2023 09:14:35 logger 7 10096 9924 package : apps.users.controller.getUserController --> position : GetAUser.get]
INFO : [27/Nov/2023 09:14:35 logger 7 10096 10488 package : apps.sections.controller.section_controller --> position : SectionController.get]
INFO : [27/Nov/2023 09:16:00 logger 7 10096 10488 package : apps.users.controller.getUserController --> position : GetAUser.get]
INFO : [27/Nov/2023 09:16:00 logger 7 10096 9924 package : apps.sections.controller.section_controller --> position : SectionController.get]
INFO : [27/Nov/2023 09:16:36 logger 7 10096 9924 package : apps.users.controller.getUserController --> position : GetAUser.get]
INFO : [27/Nov/2023 09:16:36 logger 7 10096 10488 package : apps.sections.controller.section_controller --> position : SectionController.get]
INFO : [27/Nov/2023 09:16:38 logger 7 10096 9924 package : apps.sections.controller.section_controller --> position : SectionController.get]
INFO : [27/Nov/2023 09:16:38 logger 7 10096 10488 package : apps.users.controller.getUserController --> position : GetAUser.get]
INFO : [27/Nov/2023 09:16:41 logger 7 10096 10488 package : apps.users.controller.getUserController --> position : GetAUser.get]
INFO : [27/Nov/2023 09:16:41 logger 7 10096 9924 package : apps.sections.controller.section_controller --> position : SectionController.get]
INFO : [27/Nov/2023 09:19:20 logger 7 10096 9924 package : apps.users.controller.getUserController --> position : GetAUser.get]
INFO : [27/Nov/2023 09:19:20 logger 7 10096 10488 package : apps.sections.controller.section_controller --> position : SectionController.get]
INFO : [27/Nov/2023 09:27:06 logger 7 10096 4088 package : apps.auths.controller.refreshToken_controller --> position : RefreshToken.post]
INFO : [27/Nov/2023 09:27:06 logger 7 10096 12028 package : apps.users.controller.getUserController --> position : GetAUser.get]
INFO : [27/Nov/2023 09:27:06 logger 7 10096 4088 package : apps.sections.controller.section_controller --> position : SectionController.get]
INFO : [27/Nov/2023 09:27:07 logger 7 10096 4088 package : apps.users.controller.getUserController --> position : GetAUser.get]
INFO : [27/Nov/2023 09:27:07 logger 7 10096 12028 package : apps.sections.controller.section_controller --> position : SectionController.get]
INFO : [27/Nov/2023 09:33:55 logger 7 10096 11004 package : apps.users.controller.getUserController --> position : GetAUser.get]
INFO : [27/Nov/2023 09:33:55 logger 7 10096 8516 package : apps.sections.controller.section_controller --> position : SectionController.get]
INFO : [27/Nov/2023 09:36:26 logger 7 10096 8516 package : apps.users.controller.getUserController --> position : GetAUser.get]
INFO : [27/Nov/2023 09:36:26 logger 7 10096 11004 package : apps.sections.controller.section_controller --> position : SectionController.get]
INFO : [27/Nov/2023 09:36:33 logger 7 10096 11004 package : apps.users.controller.getUserController --> position : GetAUser.get]
INFO : [27/Nov/2023 09:36:33 logger 7 10096 8516 package : apps.sections.controller.section_controller --> position : SectionController.get]
INFO : [27/Nov/2023 09:40:50 logger 7 10096 11004 package : apps.auths.controller.refreshToken_controller --> position : RefreshToken.post]
INFO : [27/Nov/2023 09:40:50 logger 7 10096 8516 package : apps.sections.controller.section_controller --> position : SectionController.get]
INFO : [27/Nov/2023 09:40:50 logger 7 10096 11004 package : apps.users.controller.getUserController --> position : GetAUser.get]
INFO : [27/Nov/2023 09:40:51 logger 7 10096 11004 package : apps.users.controller.getUserController --> position : GetAUser.get]
INFO : [27/Nov/2023 09:40:51 logger 7 10096 8516 package : apps.sections.controller.section_controller --> position : SectionController.get]
INFO : [27/Nov/2023 09:41:05 logger 7 10096 8516 package : apps.users.controller.getUserController --> position : GetAUser.get]
INFO : [27/Nov/2023 09:41:05 logger 7 10096 11004 package : apps.sections.controller.section_controller --> position : SectionController.get]
INFO : [27/Nov/2023 10:11:54 logger 7 10096 8616 package : apps.auths.controller.login_controller --> position : Login.post]
INFO : [27/Nov/2023 10:11:55 logger 7 10096 8616 package : apps.users.controller.getUserController --> position : GetAUser.get]
INFO : [27/Nov/2023 10:11:55 logger 7 10096 1936 package : apps.sections.controller.section_controller --> position : SectionController.get]
INFO : [27/Nov/2023 10:31:38 logger 7 10096 8904 package : apps.auths.controller.refreshToken_controller --> position : RefreshToken.post]
INFO : [27/Nov/2023 10:31:38 logger 7 10096 11984 package : apps.users.controller.getUserController --> position : GetAUser.get]
INFO : [27/Nov/2023 10:31:38 logger 7 10096 960 package : apps.sections.controller.section_controller --> position : SectionController.get]
INFO : [27/Nov/2023 10:31:39 logger 7 10096 960 package : apps.users.controller.getUserController --> position : GetAUser.get]
INFO : [27/Nov/2023 10:31:39 logger 7 10096 11984 package : apps.sections.controller.section_controller --> position : SectionController.get]
INFO : [27/Nov/2023 12:44:38 logger 7 10096 7996 package : apps.auths.controller.login_controller --> position : Login.post]
INFO : [27/Nov/2023 12:44:40 logger 7 10096 7996 package : apps.users.controller.getUserController --> position : GetAUser.get]
INFO : [27/Nov/2023 12:44:40 logger 7 10096 7996 package : apps.sections.controller.section_controller --> position : SectionController.get]
INFO : [27/Nov/2023 12:45:48 logger 7 10096 7996 package : apps.sections.controller.section_controller --> position : SectionController.post]
INFO : [27/Nov/2023 12:47:37 logger 7 10096 7996 package : apps.users.controller.getUserController --> position : GetAUser.get]
INFO : [27/Nov/2023 12:47:37 logger 7 10096 7996 package : apps.sections.controller.section_controller --> position : SectionController.get]
INFO : [27/Nov/2023 12:48:26 logger 7 10096 7996 package : apps.users.controller.getUserController --> position : GetAUser.get]
INFO : [27/Nov/2023 12:48:26 logger 7 10096 11620 package : apps.sections.controller.section_controller --> position : SectionController.get]
INFO : [27/Nov/2023 12:48:58 logger 7 10096 11620 package : apps.users.controller.getUserController --> position : GetAUser.get]
INFO : [27/Nov/2023 12:48:58 logger 7 10096 7996 package : apps.sections.controller.section_controller --> position : SectionController.get]
INFO : [27/Nov/2023 13:14:39 logger 7 3248 12704 package : apps.auths.controller.login_controller --> position : Login.post]
INFO : [27/Nov/2023 13:14:41 logger 7 3248 10048 package : apps.sections.controller.section_controller --> position : SectionController.get]
INFO : [27/Nov/2023 13:14:41 logger 7 3248 12704 package : apps.users.controller.getUserController --> position : GetAUser.get]
INFO : [27/Nov/2023 13:14:56 logger 7 3248 12704 package : apps.sections.controller.section_controller --> position : SectionController.post]
INFO : [27/Nov/2023 13:15:09 logger 7 3248 10048 package : apps.sections.controller.section_controller --> position : SectionController.get]
INFO : [27/Nov/2023 13:15:09 logger 7 3248 12704 package : apps.users.controller.getUserController --> position : GetAUser.get]
INFO : [27/Nov/2023 13:15:10 logger 7 3248 12704 package : apps.users.controller.getUserController --> position : GetAUser.get]
INFO : [27/Nov/2023 13:15:10 logger 7 3248 10048 package : apps.sections.controller.section_controller --> position : SectionController.get]
INFO : [27/Nov/2023 13:18:34 logger 7 3248 10048 package : apps.users.controller.getUserController --> position : GetAUser.get]
INFO : [27/Nov/2023 13:18:34 logger 7 3248 12704 package : apps.sections.controller.section_controller --> position : SectionController.get]
INFO : [27/Nov/2023 13:19:30 logger 7 3248 12704 package : apps.users.controller.getUserController --> position : GetAUser.get]
INFO : [27/Nov/2023 13:19:30 logger 7 3248 10048 package : apps.sections.controller.section_controller --> position : SectionController.get]
INFO : [27/Nov/2023 13:23:16 logger 7 3248 10048 package : apps.users.controller.getUserController --> position : GetAUser.get]
INFO : [27/Nov/2023 13:23:16 logger 7 3248 12704 package : apps.sections.controller.section_controller --> position : SectionController.get]
INFO : [27/Nov/2023 13:26:13 logger 7 3248 12704 package : apps.auths.controller.refreshToken_controller --> position : RefreshToken.post]
INFO : [27/Nov/2023 13:26:13 logger 7 3248 10048 package : apps.users.controller.getUserController --> position : GetAUser.get]
INFO : [27/Nov/2023 13:26:13 logger 7 3248 12704 package : apps.sections.controller.section_controller --> position : SectionController.get]
INFO : [27/Nov/2023 13:26:14 logger 7 3248 12704 package : apps.users.controller.getUserController --> position : GetAUser.get]
INFO : [27/Nov/2023 13:26:14 logger 7 3248 10048 package : apps.sections.controller.section_controller --> position : SectionController.get]
INFO : [27/Nov/2023 13:26:16 logger 7 3248 10048 package : apps.users.controller.getUserController --> position : GetAUser.get]
INFO : [27/Nov/2023 13:26:16 logger 7 3248 12704 package : apps.sections.controller.section_controller --> position : SectionController.get]
INFO : [27/Nov/2023 13:27:43 logger 7 3248 12704 package : apps.users.controller.getUserController --> position : GetAUser.get]
INFO : [27/Nov/2023 13:27:43 logger 7 3248 10048 package : apps.sections.controller.section_controller --> position : SectionController.get]
INFO : [27/Nov/2023 13:27:45 logger 7 3248 10048 package : apps.users.controller.getUserController --> position : GetAUser.get]
INFO : [27/Nov/2023 13:27:45 logger 7 3248 12704 package : apps.sections.controller.section_controller --> position : SectionController.get]
INFO : [27/Nov/2023 13:27:56 logger 7 3248 12704 package : apps.users.controller.getUserController --> position : GetAUser.get]
INFO : [27/Nov/2023 13:27:56 logger 7 3248 10048 package : apps.sections.controller.section_controller --> position : SectionController.get]
INFO : [27/Nov/2023 13:29:17 logger 7 3248 10048 package : apps.users.controller.getUserController --> position : GetAUser.get]
INFO : [27/Nov/2023 13:29:17 logger 7 3248 12704 package : apps.sections.controller.section_controller --> position : SectionController.get]
INFO : [27/Nov/2023 13:29:20 logger 7 3248 12704 package : apps.users.controller.getUserController --> position : GetAUser.get]
INFO : [27/Nov/2023 13:29:20 logger 7 3248 10048 package : apps.sections.controller.section_controller --> position : SectionController.get]
INFO : [27/Nov/2023 13:29:22 logger 7 3248 10048 package : apps.users.controller.getUserController --> position : GetAUser.get]
INFO : [27/Nov/2023 13:29:22 logger 7 3248 12704 package : apps.sections.controller.section_controller --> position : SectionController.get]
INFO : [27/Nov/2023 13:29:48 logger 7 3248 12704 package : apps.users.controller.getUserController --> position : GetAUser.get]
INFO : [27/Nov/2023 13:29:48 logger 7 3248 10048 package : apps.sections.controller.section_controller --> position : SectionController.get]
INFO : [27/Nov/2023 13:30:14 logger 7 3248 10048 package : apps.users.controller.getUserController --> position : GetAUser.get]
INFO : [27/Nov/2023 13:30:14 logger 7 3248 12704 package : apps.sections.controller.section_controller --> position : SectionController.get]
INFO : [27/Nov/2023 13:30:21 logger 7 3248 12704 package : apps.users.controller.getUserController --> position : GetAUser.get]
INFO : [27/Nov/2023 13:30:21 logger 7 3248 10048 package : apps.sections.controller.section_controller --> position : SectionController.get]
INFO : [27/Nov/2023 13:30:33 logger 7 3248 10048 package : apps.users.controller.getUserController --> position : GetAUser.get]
INFO : [27/Nov/2023 13:30:33 logger 7 3248 12704 package : apps.sections.controller.section_controller --> position : SectionController.get]
INFO : [27/Nov/2023 13:30:57 logger 7 3248 12704 package : apps.users.controller.getUserController --> position : GetAUser.get]
INFO : [27/Nov/2023 13:30:57 logger 7 3248 10048 package : apps.sections.controller.section_controller --> position : SectionController.get]
INFO : [27/Nov/2023 13:31:00 logger 7 3248 12704 package : apps.users.controller.getUserController --> position : GetAUser.get]
INFO : [27/Nov/2023 13:31:00 logger 7 3248 10048 package : apps.sections.controller.section_controller --> position : SectionController.get]
INFO : [27/Nov/2023 13:31:27 logger 7 3248 10048 package : apps.users.controller.getUserController --> position : GetAUser.get]
INFO : [27/Nov/2023 13:31:27 logger 7 3248 12704 package : apps.sections.controller.section_controller --> position : SectionController.get]
INFO : [27/Nov/2023 13:31:29 logger 7 3248 12704 package : apps.users.controller.getUserController --> position : GetAUser.get]
INFO : [27/Nov/2023 13:31:29 logger 7 3248 10048 package : apps.sections.controller.section_controller --> position : SectionController.get]
INFO : [27/Nov/2023 13:31:34 logger 7 3248 10048 package : apps.users.controller.getUserController --> position : GetAUser.get]
INFO : [27/Nov/2023 13:31:34 logger 7 3248 12704 package : apps.sections.controller.section_controller --> position : SectionController.get]
INFO : [27/Nov/2023 13:31:50 logger 7 3248 12704 package : apps.users.controller.getUserController --> position : GetAUser.get]
INFO : [27/Nov/2023 13:31:50 logger 7 3248 10048 package : apps.sections.controller.section_controller --> position : SectionController.get]
INFO : [27/Nov/2023 13:32:39 logger 7 3248 10048 package : apps.users.controller.getUserController --> position : GetAUser.get]
INFO : [27/Nov/2023 13:32:39 logger 7 3248 12704 package : apps.sections.controller.section_controller --> position : SectionController.get]
INFO : [27/Nov/2023 13:33:07 logger 7 3248 10048 package : apps.sections.controller.section_controller --> position : SectionController.get]
INFO : [27/Nov/2023 13:33:07 logger 7 3248 12704 package : apps.users.controller.getUserController --> position : GetAUser.get]
INFO : [27/Nov/2023 13:33:25 logger 7 3248 12704 package : apps.users.controller.getUserController --> position : GetAUser.get]
INFO : [27/Nov/2023 13:33:25 logger 7 3248 10048 package : apps.sections.controller.section_controller --> position : SectionController.get]
INFO : [27/Nov/2023 13:33:39 logger 7 3248 12704 package : apps.sections.controller.section_controller --> position : SectionController.post]
INFO : [27/Nov/2023 13:33:44 logger 7 3248 12704 package : apps.users.controller.getUserController --> position : GetAUser.get]
INFO : [27/Nov/2023 13:33:44 logger 7 3248 10048 package : apps.sections.controller.section_controller --> position : SectionController.get]
INFO : [27/Nov/2023 13:34:36 logger 7 3248 10048 package : apps.users.controller.getUserController --> position : GetAUser.get]
INFO : [27/Nov/2023 13:34:36 logger 7 3248 12704 package : apps.sections.controller.section_controller --> position : SectionController.get]
INFO : [27/Nov/2023 13:34:45 logger 7 3248 10048 package : apps.sections.controller.section_controller --> position : SectionController.get]
INFO : [27/Nov/2023 13:34:45 logger 7 3248 12704 package : apps.users.controller.getUserController --> position : GetAUser.get]
INFO : [27/Nov/2023 13:34:46 logger 7 3248 12704 package : apps.users.controller.getUserController --> position : GetAUser.get]
INFO : [27/Nov/2023 13:34:46 logger 7 3248 10048 package : apps.sections.controller.section_controller --> position : SectionController.get]
INFO : [27/Nov/2023 13:36:23 logger 7 3248 10048 package : apps.auths.controller.refreshToken_controller --> position : RefreshToken.post]
INFO : [27/Nov/2023 13:36:23 logger 7 3248 12704 package : apps.users.controller.getUserController --> position : GetAUser.get]
INFO : [27/Nov/2023 13:36:23 logger 7 3248 10048 package : apps.sections.controller.section_controller --> position : SectionController.get]
INFO : [27/Nov/2023 13:36:23 logger 7 3248 10048 package : apps.users.controller.getUserController --> position : GetAUser.get]
INFO : [27/Nov/2023 13:36:23 logger 7 3248 10048 package : apps.sections.controller.section_controller --> position : SectionController.get]
INFO : [27/Nov/2023 13:36:25 logger 7 3248 10048 package : apps.users.controller.getUserController --> position : GetAUser.get]
INFO : [27/Nov/2023 13:36:25 logger 7 3248 12704 package : apps.sections.controller.section_controller --> position : SectionController.get]
INFO : [27/Nov/2023 13:39:16 logger 7 3248 12704 package : apps.sections.controller.section_controller --> position : SectionController.delete]
ERROR : [27/Nov/2023 13:39:16 logger 10 3248 12704 package : apps.sections.controller.section_controller --> position : SectionController.delete --> exception : 1 validation error for DeleteSectionDTO
section_id
  field required (type=value_error.missing)]
INFO : [27/Nov/2023 13:39:24 logger 7 3248 12704 package : apps.users.controller.getUserController --> position : GetAUser.get]
INFO : [27/Nov/2023 13:39:24 logger 7 3248 10048 package : apps.sections.controller.section_controller --> position : SectionController.get]
INFO : [27/Nov/2023 13:39:29 logger 7 3248 10048 package : apps.sections.controller.section_controller --> position : SectionController.delete]
ERROR : [27/Nov/2023 13:39:29 logger 10 3248 10048 package : apps.sections.controller.section_controller --> position : SectionController.delete --> exception : 1 validation error for DeleteSectionDTO
section_id
  field required (type=value_error.missing)]
INFO : [27/Nov/2023 13:40:24 logger 7 3248 10048 package : apps.sections.controller.section_controller --> position : SectionController.delete]
ERROR : [27/Nov/2023 13:40:24 logger 10 3248 10048 package : apps.sections.controller.section_controller --> position : SectionController.delete --> exception : 1 validation error for DeleteSectionDTO
section_id
  field required (type=value_error.missing)]
INFO : [27/Nov/2023 13:42:41 logger 7 3248 10048 package : apps.sections.controller.section_controller --> position : SectionController.delete]
INFO : [27/Nov/2023 13:42:47 logger 7 3248 12704 package : apps.sections.controller.section_controller --> position : SectionController.get]
INFO : [27/Nov/2023 13:42:47 logger 7 3248 10048 package : apps.users.controller.getUserController --> position : GetAUser.get]
INFO : [27/Nov/2023 13:43:22 logger 7 3248 10048 package : apps.sections.controller.section_controller --> position : SectionController.delete]
INFO : [27/Nov/2023 13:43:49 logger 7 3248 10048 package : apps.sections.controller.section_controller --> position : SectionController.get]
INFO : [27/Nov/2023 13:43:49 logger 7 3248 12704 package : apps.users.controller.getUserController --> position : GetAUser.get]
INFO : [27/Nov/2023 13:43:54 logger 7 3248 12704 package : apps.sections.controller.section_controller --> position : SectionController.post]
ERROR : [27/Nov/2023 13:43:54 logger 10 3248 12704 package : apps.sections.controller.section_controller --> position : SectionController.post --> exception : 1 validation error for AddSectionDTO
section_about
  ensure this value has at least 1 characters (type=value_error.any_str.min_length; limit_value=1)]
INFO : [27/Nov/2023 13:44:41 logger 7 5564 8096 package : apps.sections.controller.section_controller --> position : SectionController.post]
ERROR : [27/Nov/2023 13:44:41 logger 10 5564 8096 package : apps.sections.controller.section_controller --> position : SectionController.post --> exception : 1 validation error for AddSectionDTO
section_name
  ensure this value has at least 1 characters (type=value_error.any_str.min_length; limit_value=1)]
INFO : [27/Nov/2023 13:45:09 logger 7 12752 9172 package : apps.sections.controller.section_controller --> position : SectionController.post]
INFO : [27/Nov/2023 13:45:13 logger 7 12752 9172 package : apps.users.controller.getUserController --> position : GetAUser.get]
INFO : [27/Nov/2023 13:45:13 logger 7 12752 8308 package : apps.sections.controller.section_controller --> position : SectionController.get]
INFO : [27/Nov/2023 13:45:16 logger 7 12752 8308 package : apps.sections.controller.section_controller --> position : SectionController.delete]
INFO : [27/Nov/2023 13:49:09 logger 7 12752 8308 package : apps.auths.controller.refreshToken_controller --> position : RefreshToken.post]
INFO : [27/Nov/2023 13:49:09 logger 7 12752 8308 package : apps.sections.controller.section_controller --> position : SectionController.get]
INFO : [27/Nov/2023 13:49:09 logger 7 12752 9172 package : apps.users.controller.getUserController --> position : GetAUser.get]
INFO : [27/Nov/2023 13:49:10 logger 7 12752 9172 package : apps.users.controller.getUserController --> position : GetAUser.get]
INFO : [27/Nov/2023 13:49:10 logger 7 12752 8308 package : apps.sections.controller.section_controller --> position : SectionController.get]
INFO : [27/Nov/2023 13:49:16 logger 7 12752 8308 package : apps.sections.controller.section_controller --> position : SectionController.post]
INFO : [27/Nov/2023 13:49:18 logger 7 12752 8308 package : apps.sections.controller.section_controller --> position : SectionController.delete]
INFO : [27/Nov/2023 13:49:22 logger 7 12752 8308 package : apps.sections.controller.section_controller --> position : SectionController.get]
INFO : [27/Nov/2023 13:49:22 logger 7 12752 9172 package : apps.users.controller.getUserController --> position : GetAUser.get]
INFO : [27/Nov/2023 13:49:30 logger 7 12752 9172 package : apps.sections.controller.section_controller --> position : SectionController.post]
INFO : [27/Nov/2023 13:50:30 logger 7 12752 9172 package : apps.sections.controller.section_controller --> position : SectionController.post]
ERROR : [27/Nov/2023 13:50:30 logger 10 12752 9172 package : apps.sections.controller.section_controller --> position : SectionController.post --> exception : 1 validation error for AddSectionDTO
section_name
  ensure this value has at least 1 characters (type=value_error.any_str.min_length; limit_value=1)]
INFO : [27/Nov/2023 13:51:25 logger 7 12752 9172 package : apps.sections.controller.section_controller --> position : SectionController.post]
ERROR : [27/Nov/2023 13:51:25 logger 10 12752 9172 package : apps.sections.controller.section_controller --> position : SectionController.post --> exception : 1 validation error for AddSectionDTO
section_name
  ensure this value has at least 1 characters (type=value_error.any_str.min_length; limit_value=1)]
INFO : [27/Nov/2023 13:52:06 logger 7 12752 9172 package : apps.sections.controller.section_controller --> position : SectionController.post]
ERROR : [27/Nov/2023 13:52:06 logger 10 12752 9172 package : apps.sections.controller.section_controller --> position : SectionController.post --> exception : 1 validation error for AddSectionDTO
section_name
  ensure this value has at least 1 characters (type=value_error.any_str.min_length; limit_value=1)]
INFO : [27/Nov/2023 13:53:12 logger 7 12752 9172 package : apps.sections.controller.section_controller --> position : SectionController.post]
ERROR : [27/Nov/2023 13:53:12 logger 10 12752 9172 package : apps.sections.controller.section_controller --> position : SectionController.post --> exception : 1 validation error for AddSectionDTO
section_name
  ensure this value has at least 1 characters (type=value_error.any_str.min_length; limit_value=1)]
INFO : [27/Nov/2023 13:53:25 logger 7 12752 9172 package : apps.sections.controller.section_controller --> position : SectionController.get]
INFO : [27/Nov/2023 13:53:25 logger 7 12752 8308 package : apps.users.controller.getUserController --> position : GetAUser.get]
INFO : [27/Nov/2023 13:53:28 logger 7 12752 8308 package : apps.sections.controller.section_controller --> position : SectionController.post]
ERROR : [27/Nov/2023 13:53:28 logger 10 12752 8308 package : apps.sections.controller.section_controller --> position : SectionController.post --> exception : 1 validation error for AddSectionDTO
section_name
  ensure this value has at least 1 characters (type=value_error.any_str.min_length; limit_value=1)]
INFO : [27/Nov/2023 13:54:17 logger 7 12752 8308 package : apps.sections.controller.section_controller --> position : SectionController.post]
ERROR : [27/Nov/2023 13:54:17 logger 10 12752 8308 package : apps.sections.controller.section_controller --> position : SectionController.post --> exception : 1 validation error for AddSectionDTO
section_name
  ensure this value has at least 1 characters (type=value_error.any_str.min_length; limit_value=1)]
INFO : [27/Nov/2023 13:54:31 logger 7 12752 8308 package : apps.users.controller.getUserController --> position : GetAUser.get]
INFO : [27/Nov/2023 13:54:31 logger 7 12752 9172 package : apps.sections.controller.section_controller --> position : SectionController.get]
INFO : [27/Nov/2023 13:54:33 logger 7 12752 9172 package : apps.users.controller.getUserController --> position : GetAUser.get]
INFO : [27/Nov/2023 13:54:34 logger 7 12752 8308 package : apps.sections.controller.section_controller --> position : SectionController.get]
INFO : [27/Nov/2023 13:56:28 logger 7 12752 8308 package : apps.sections.controller.section_controller --> position : SectionController.post]
ERROR : [27/Nov/2023 13:56:28 logger 10 12752 8308 package : apps.sections.controller.section_controller --> position : SectionController.post --> exception : 1 validation error for AddSectionDTO
section_name
  ensure this value has at least 1 characters (type=value_error.any_str.min_length; limit_value=1)]
INFO : [27/Nov/2023 13:56:33 logger 7 12752 8308 package : apps.sections.controller.section_controller --> position : SectionController.post]
ERROR : [27/Nov/2023 13:56:33 logger 10 12752 8308 package : apps.sections.controller.section_controller --> position : SectionController.post --> exception : 1 validation error for AddSectionDTO
section_name
  ensure this value has at least 1 characters (type=value_error.any_str.min_length; limit_value=1)]
INFO : [27/Nov/2023 13:56:40 logger 7 12752 8308 package : apps.users.controller.getUserController --> position : GetAUser.get]
INFO : [27/Nov/2023 13:56:40 logger 7 12752 9172 package : apps.sections.controller.section_controller --> position : SectionController.get]
INFO : [27/Nov/2023 13:56:42 logger 7 12752 9172 package : apps.sections.controller.section_controller --> position : SectionController.post]
ERROR : [27/Nov/2023 13:56:42 logger 10 12752 9172 package : apps.sections.controller.section_controller --> position : SectionController.post --> exception : 1 validation error for AddSectionDTO
section_name
  ensure this value has at least 1 characters (type=value_error.any_str.min_length; limit_value=1)]
INFO : [27/Nov/2023 13:58:28 logger 7 12752 9172 package : apps.users.controller.getUserController --> position : GetAUser.get]
INFO : [27/Nov/2023 13:58:28 logger 7 12752 8308 package : apps.sections.controller.section_controller --> position : SectionController.get]
INFO : [27/Nov/2023 13:58:32 logger 7 12752 8308 package : apps.users.controller.getUserController --> position : GetAUser.get]
INFO : [27/Nov/2023 13:58:32 logger 7 12752 9172 package : apps.sections.controller.section_controller --> position : SectionController.get]
INFO : [27/Nov/2023 13:58:35 logger 7 12752 9172 package : apps.users.controller.getUserController --> position : GetAUser.get]
INFO : [27/Nov/2023 13:58:35 logger 7 12752 8308 package : apps.sections.controller.section_controller --> position : SectionController.get]
INFO : [27/Nov/2023 13:59:06 logger 7 12752 8308 package : apps.users.controller.getUserController --> position : GetAUser.get]
INFO : [27/Nov/2023 13:59:06 logger 7 12752 9172 package : apps.sections.controller.section_controller --> position : SectionController.get]
INFO : [27/Nov/2023 13:59:07 logger 7 12752 9172 package : apps.users.controller.getUserController --> position : GetAUser.get]
INFO : [27/Nov/2023 13:59:07 logger 7 12752 8308 package : apps.sections.controller.section_controller --> position : SectionController.get]
INFO : [27/Nov/2023 13:59:10 logger 7 12752 8308 package : apps.sections.controller.section_controller --> position : SectionController.post]
ERROR : [27/Nov/2023 13:59:10 logger 10 12752 8308 package : apps.sections.controller.section_controller --> position : SectionController.post --> exception : 1 validation error for AddSectionDTO
section_name
  ensure this value has at least 1 characters (type=value_error.any_str.min_length; limit_value=1)]
INFO : [27/Nov/2023 13:59:15 logger 7 12752 8308 package : apps.auths.controller.refreshToken_controller --> position : RefreshToken.post]
INFO : [27/Nov/2023 13:59:15 logger 7 12752 9172 package : apps.users.controller.getUserController --> position : GetAUser.get]
INFO : [27/Nov/2023 13:59:15 logger 7 12752 8308 package : apps.sections.controller.section_controller --> position : SectionController.get]
INFO : [27/Nov/2023 13:59:15 logger 7 12752 8308 package : apps.users.controller.getUserController --> position : GetAUser.get]
INFO : [27/Nov/2023 13:59:15 logger 7 12752 9172 package : apps.sections.controller.section_controller --> position : SectionController.get]
INFO : [27/Nov/2023 13:59:56 logger 7 12752 9172 package : apps.users.controller.getUserController --> position : GetAUser.get]
INFO : [27/Nov/2023 13:59:56 logger 7 12752 8308 package : apps.sections.controller.section_controller --> position : SectionController.get]
INFO : [27/Nov/2023 13:59:58 logger 7 12752 8308 package : apps.users.controller.getUserController --> position : GetAUser.get]
INFO : [27/Nov/2023 13:59:58 logger 7 12752 9172 package : apps.sections.controller.section_controller --> position : SectionController.get]
INFO : [27/Nov/2023 14:00:01 logger 7 12752 9172 package : apps.users.controller.getUserController --> position : GetAUser.get]
INFO : [27/Nov/2023 14:00:01 logger 7 12752 8308 package : apps.sections.controller.section_controller --> position : SectionController.get]
INFO : [27/Nov/2023 14:00:04 logger 7 12752 8308 package : apps.sections.controller.section_controller --> position : SectionController.post]
ERROR : [27/Nov/2023 14:00:04 logger 10 12752 8308 package : apps.sections.controller.section_controller --> position : SectionController.post --> exception : 1 validation error for AddSectionDTO
section_name
  ensure this value has at least 1 characters (type=value_error.any_str.min_length; limit_value=1)]
INFO : [27/Nov/2023 14:00:16 logger 7 12752 8308 package : apps.sections.controller.section_controller --> position : SectionController.post]
ERROR : [27/Nov/2023 14:00:16 logger 10 12752 8308 package : apps.sections.controller.section_controller --> position : SectionController.post --> exception : 1 validation error for AddSectionDTO
section_name
  ensure this value has at least 1 characters (type=value_error.any_str.min_length; limit_value=1)]
INFO : [27/Nov/2023 14:00:19 logger 7 12752 8308 package : apps.users.controller.getUserController --> position : GetAUser.get]
INFO : [27/Nov/2023 14:00:19 logger 7 12752 9172 package : apps.sections.controller.section_controller --> position : SectionController.get]
INFO : [27/Nov/2023 14:00:27 logger 7 12752 9172 package : apps.users.controller.getUserController --> position : GetAUser.get]
INFO : [27/Nov/2023 14:00:27 logger 7 12752 8308 package : apps.sections.controller.section_controller --> position : SectionController.get]
INFO : [27/Nov/2023 14:00:48 logger 7 12752 8308 package : apps.users.controller.getUserController --> position : GetAUser.get]
INFO : [27/Nov/2023 14:00:48 logger 7 12752 9172 package : apps.sections.controller.section_controller --> position : SectionController.get]
INFO : [27/Nov/2023 14:00:51 logger 7 12752 9172 package : apps.users.controller.getUserController --> position : GetAUser.get]
INFO : [27/Nov/2023 14:00:51 logger 7 12752 8308 package : apps.sections.controller.section_controller --> position : SectionController.get]
INFO : [27/Nov/2023 14:01:05 logger 7 12752 8308 package : apps.sections.controller.section_controller --> position : SectionController.post]
ERROR : [27/Nov/2023 14:01:05 logger 10 12752 8308 package : apps.sections.controller.section_controller --> position : SectionController.post --> exception : 1 validation error for AddSectionDTO
section_name
  ensure this value has at least 1 characters (type=value_error.any_str.min_length; limit_value=1)]
INFO : [27/Nov/2023 14:01:07 logger 7 12752 8308 package : apps.users.controller.getUserController --> position : GetAUser.get]
INFO : [27/Nov/2023 14:01:07 logger 7 12752 9172 package : apps.sections.controller.section_controller --> position : SectionController.get]
INFO : [27/Nov/2023 14:12:02 logger 7 12752 2064 package : apps.auths.controller.refreshToken_controller --> position : RefreshToken.post]
INFO : [27/Nov/2023 14:12:02 logger 7 12752 12432 package : apps.users.controller.getUserController --> position : GetAUser.get]
INFO : [27/Nov/2023 14:12:02 logger 7 12752 6512 package : apps.sections.controller.section_controller --> position : SectionController.get]
INFO : [27/Nov/2023 14:12:03 logger 7 12752 6512 package : apps.users.controller.getUserController --> position : GetAUser.get]
INFO : [27/Nov/2023 14:12:03 logger 7 12752 12432 package : apps.sections.controller.section_controller --> position : SectionController.get]
INFO : [27/Nov/2023 14:12:08 logger 7 12752 12432 package : apps.users.controller.getUserController --> position : GetAUser.get]
INFO : [27/Nov/2023 14:12:08 logger 7 12752 6512 package : apps.sections.controller.section_controller --> position : SectionController.get]
INFO : [27/Nov/2023 14:12:09 logger 7 12752 6512 package : apps.users.controller.getUserController --> position : GetAUser.get]
INFO : [27/Nov/2023 14:12:09 logger 7 12752 12432 package : apps.sections.controller.section_controller --> position : SectionController.get]
INFO : [27/Nov/2023 14:12:10 logger 7 12752 12432 package : apps.users.controller.getUserController --> position : GetAUser.get]
INFO : [27/Nov/2023 14:12:10 logger 7 12752 6512 package : apps.sections.controller.section_controller --> position : SectionController.get]
INFO : [27/Nov/2023 14:12:11 logger 7 12752 6512 package : apps.users.controller.getUserController --> position : GetAUser.get]
INFO : [27/Nov/2023 14:12:11 logger 7 12752 12432 package : apps.sections.controller.section_controller --> position : SectionController.get]
INFO : [27/Nov/2023 14:12:22 logger 7 12752 12432 package : apps.users.controller.getUserController --> position : GetAUser.get]
INFO : [27/Nov/2023 14:12:22 logger 7 12752 6512 package : apps.sections.controller.section_controller --> position : SectionController.get]
INFO : [27/Nov/2023 14:14:26 logger 7 12752 6512 package : apps.users.controller.getUserController --> position : GetAUser.get]
INFO : [27/Nov/2023 14:14:26 logger 7 12752 12432 package : apps.sections.controller.section_controller --> position : SectionController.get]
INFO : [27/Nov/2023 14:15:06 logger 7 12752 12432 package : apps.users.controller.getUserController --> position : GetAUser.get]
INFO : [27/Nov/2023 14:15:06 logger 7 12752 6512 package : apps.sections.controller.section_controller --> position : SectionController.get]
INFO : [27/Nov/2023 14:15:14 logger 7 12752 6512 package : apps.users.controller.getUserController --> position : GetAUser.get]
INFO : [27/Nov/2023 14:15:14 logger 7 12752 12432 package : apps.sections.controller.section_controller --> position : SectionController.get]
INFO : [27/Nov/2023 14:15:36 logger 7 12752 12432 package : apps.users.controller.getUserController --> position : GetAUser.get]
INFO : [27/Nov/2023 14:15:36 logger 7 12752 6512 package : apps.sections.controller.section_controller --> position : SectionController.get]
INFO : [27/Nov/2023 14:18:04 logger 7 12752 6512 package : apps.users.controller.getUserController --> position : GetAUser.get]
INFO : [27/Nov/2023 14:18:04 logger 7 12752 12432 package : apps.sections.controller.section_controller --> position : SectionController.get]
INFO : [27/Nov/2023 14:19:43 logger 7 12752 12432 package : apps.users.controller.getUserController --> position : GetAUser.get]
INFO : [27/Nov/2023 14:19:43 logger 7 12752 6512 package : apps.sections.controller.section_controller --> position : SectionController.get]
INFO : [27/Nov/2023 14:20:21 logger 7 12752 6512 package : apps.users.controller.getUserController --> position : GetAUser.get]
INFO : [27/Nov/2023 14:20:21 logger 7 12752 12432 package : apps.sections.controller.section_controller --> position : SectionController.get]
INFO : [27/Nov/2023 14:22:00 logger 7 12752 12432 package : apps.users.controller.getUserController --> position : GetAUser.get]
INFO : [27/Nov/2023 14:22:00 logger 7 12752 6512 package : apps.sections.controller.section_controller --> position : SectionController.get]
INFO : [27/Nov/2023 14:23:25 logger 7 12752 6512 package : apps.auths.controller.refreshToken_controller --> position : RefreshToken.post]
INFO : [27/Nov/2023 14:23:25 logger 7 12752 12432 package : apps.sections.controller.section_controller --> position : SectionController.get]
INFO : [27/Nov/2023 14:23:25 logger 7 12752 6512 package : apps.users.controller.getUserController --> position : GetAUser.get]
INFO : [27/Nov/2023 14:23:26 logger 7 12752 6512 package : apps.users.controller.getUserController --> position : GetAUser.get]
INFO : [27/Nov/2023 14:23:26 logger 7 12752 12432 package : apps.sections.controller.section_controller --> position : SectionController.get]
INFO : [27/Nov/2023 14:23:37 logger 7 12752 6512 package : apps.users.controller.getUserController --> position : GetAUser.get]
INFO : [27/Nov/2023 14:23:37 logger 7 12752 12432 package : apps.sections.controller.section_controller --> position : SectionController.get]
INFO : [27/Nov/2023 14:24:56 logger 7 12752 12432 package : apps.users.controller.getUserController --> position : GetAUser.get]
INFO : [27/Nov/2023 14:24:56 logger 7 12752 6512 package : apps.sections.controller.section_controller --> position : SectionController.get]
INFO : [27/Nov/2023 14:25:22 logger 7 12752 6512 package : apps.users.controller.getUserController --> position : GetAUser.get]
INFO : [27/Nov/2023 14:25:22 logger 7 12752 12432 package : apps.sections.controller.section_controller --> position : SectionController.get]
INFO : [27/Nov/2023 14:25:25 logger 7 12752 12432 package : apps.users.controller.getUserController --> position : GetAUser.get]
INFO : [27/Nov/2023 14:25:25 logger 7 12752 12432 package : apps.sections.controller.section_controller --> position : SectionController.get]
INFO : [27/Nov/2023 14:25:55 logger 7 12752 12432 package : apps.users.controller.getUserController --> position : GetAUser.get]
INFO : [27/Nov/2023 14:25:55 logger 7 12752 6512 package : apps.sections.controller.section_controller --> position : SectionController.get]
INFO : [27/Nov/2023 14:26:31 logger 7 12752 12432 package : apps.users.controller.getUserController --> position : GetAUser.get]
INFO : [27/Nov/2023 14:26:31 logger 7 12752 6512 package : apps.sections.controller.section_controller --> position : SectionController.get]
INFO : [27/Nov/2023 14:27:26 logger 7 12752 6512 package : apps.users.controller.getUserController --> position : GetAUser.get]
INFO : [27/Nov/2023 14:27:26 logger 7 12752 12432 package : apps.sections.controller.section_controller --> position : SectionController.get]
INFO : [27/Nov/2023 14:27:56 logger 7 12752 12432 package : apps.users.controller.getUserController --> position : GetAUser.get]
INFO : [27/Nov/2023 14:27:56 logger 7 12752 6512 package : apps.sections.controller.section_controller --> position : SectionController.get]
INFO : [27/Nov/2023 14:28:03 logger 7 12752 6512 package : apps.users.controller.getUserController --> position : GetAUser.get]
INFO : [27/Nov/2023 14:28:03 logger 7 12752 12432 package : apps.sections.controller.section_controller --> position : SectionController.get]
INFO : [27/Nov/2023 14:28:26 logger 7 12752 12432 package : apps.users.controller.getUserController --> position : GetAUser.get]
INFO : [27/Nov/2023 14:28:26 logger 7 12752 6512 package : apps.sections.controller.section_controller --> position : SectionController.get]
INFO : [27/Nov/2023 14:28:46 logger 7 12752 6512 package : apps.users.controller.getUserController --> position : GetAUser.get]
INFO : [27/Nov/2023 14:28:46 logger 7 12752 12432 package : apps.sections.controller.section_controller --> position : SectionController.get]
INFO : [27/Nov/2023 14:29:42 logger 7 12752 12432 package : apps.users.controller.getUserController --> position : GetAUser.get]
INFO : [27/Nov/2023 14:29:42 logger 7 12752 12432 package : apps.sections.controller.section_controller --> position : SectionController.get]
INFO : [27/Nov/2023 14:29:51 logger 7 12752 6512 package : apps.sections.controller.section_controller --> position : SectionController.get]
INFO : [27/Nov/2023 14:29:51 logger 7 12752 12432 package : apps.users.controller.getUserController --> position : GetAUser.get]
INFO : [27/Nov/2023 14:30:36 logger 7 12752 12432 package : apps.users.controller.getUserController --> position : GetAUser.get]
INFO : [27/Nov/2023 14:30:36 logger 7 12752 6512 package : apps.sections.controller.section_controller --> position : SectionController.get]
INFO : [27/Nov/2023 14:30:51 logger 7 12752 6512 package : apps.users.controller.getUserController --> position : GetAUser.get]
INFO : [27/Nov/2023 14:30:51 logger 7 12752 12432 package : apps.sections.controller.section_controller --> position : SectionController.get]
INFO : [27/Nov/2023 14:35:30 logger 7 12752 12432 package : apps.auths.controller.refreshToken_controller --> position : RefreshToken.post]
INFO : [27/Nov/2023 14:35:30 logger 7 12752 12432 package : apps.users.controller.getUserController --> position : GetAUser.get]
INFO : [27/Nov/2023 14:35:30 logger 7 12752 6512 package : apps.sections.controller.section_controller --> position : SectionController.get]
INFO : [27/Nov/2023 14:35:31 logger 7 12752 6512 package : apps.users.controller.getUserController --> position : GetAUser.get]
INFO : [27/Nov/2023 14:35:31 logger 7 12752 12432 package : apps.sections.controller.section_controller --> position : SectionController.get]
INFO : [27/Nov/2023 18:16:32 logger 7 11416 912 package : apps.auths.controller.login_controller --> position : Login.post]
INFO : [27/Nov/2023 18:16:33 logger 7 11416 912 package : apps.sections.controller.section_controller --> position : SectionController.get]
INFO : [27/Nov/2023 18:16:33 logger 7 11416 12596 package : apps.users.controller.getUserController --> position : GetAUser.get]
INFO : [27/Nov/2023 18:17:38 logger 7 11416 912 package : apps.users.controller.getUserController --> position : GetAUser.get]
INFO : [27/Nov/2023 18:17:38 logger 7 11416 12596 package : apps.sections.controller.section_controller --> position : SectionController.get]
INFO : [27/Nov/2023 18:18:41 logger 7 11416 12596 package : apps.users.controller.getUserController --> position : GetAUser.get]
INFO : [27/Nov/2023 18:18:41 logger 7 11416 912 package : apps.sections.controller.section_controller --> position : SectionController.get]
INFO : [27/Nov/2023 18:19:31 logger 7 11416 912 package : apps.users.controller.getUserController --> position : GetAUser.get]
INFO : [27/Nov/2023 18:19:31 logger 7 11416 12596 package : apps.sections.controller.section_controller --> position : SectionController.get]
INFO : [27/Nov/2023 18:19:40 logger 7 11416 12596 package : apps.users.controller.getUserController --> position : GetAUser.get]
INFO : [27/Nov/2023 18:19:40 logger 7 11416 912 package : apps.sections.controller.section_controller --> position : SectionController.get]
INFO : [27/Nov/2023 18:21:50 logger 7 11416 912 package : apps.users.controller.getUserController --> position : GetAUser.get]
INFO : [27/Nov/2023 18:21:50 logger 7 11416 12596 package : apps.sections.controller.section_controller --> position : SectionController.get]
INFO : [27/Nov/2023 18:27:33 logger 7 11416 1116 package : apps.auths.controller.refreshToken_controller --> position : RefreshToken.post]
INFO : [27/Nov/2023 18:27:33 logger 7 11416 12452 package : apps.users.controller.getUserController --> position : GetAUser.get]
INFO : [27/Nov/2023 18:27:33 logger 7 11416 10052 package : apps.sections.controller.section_controller --> position : SectionController.get]
INFO : [27/Nov/2023 18:27:34 logger 7 11416 12452 package : apps.sections.controller.section_controller --> position : SectionController.get]
INFO : [27/Nov/2023 18:27:34 logger 7 11416 10052 package : apps.users.controller.getUserController --> position : GetAUser.get]
INFO : [27/Nov/2023 18:27:46 logger 7 11416 10052 package : apps.users.controller.getUserController --> position : GetAUser.get]
INFO : [27/Nov/2023 18:27:46 logger 7 11416 12452 package : apps.sections.controller.section_controller --> position : SectionController.get]
INFO : [27/Nov/2023 18:28:50 logger 7 11416 12452 package : apps.users.controller.getUserController --> position : GetAUser.get]
INFO : [27/Nov/2023 18:28:50 logger 7 11416 10052 package : apps.sections.controller.section_controller --> position : SectionController.get]
INFO : [27/Nov/2023 18:29:07 logger 7 11416 10052 package : apps.users.controller.getUserController --> position : GetAUser.get]
INFO : [27/Nov/2023 18:29:07 logger 7 11416 12452 package : apps.sections.controller.section_controller --> position : SectionController.get]
INFO : [27/Nov/2023 18:29:20 logger 7 11416 12452 package : apps.users.controller.getUserController --> position : GetAUser.get]
INFO : [27/Nov/2023 18:29:20 logger 7 11416 10052 package : apps.sections.controller.section_controller --> position : SectionController.get]
INFO : [27/Nov/2023 18:29:57 logger 7 11416 10052 package : apps.users.controller.getUserController --> position : GetAUser.get]
INFO : [27/Nov/2023 18:29:57 logger 7 11416 12452 package : apps.sections.controller.section_controller --> position : SectionController.get]
INFO : [27/Nov/2023 18:30:44 logger 7 11416 12452 package : apps.users.controller.getUserController --> position : GetAUser.get]
INFO : [27/Nov/2023 18:30:44 logger 7 11416 12452 package : apps.sections.controller.section_controller --> position : SectionController.get]
INFO : [27/Nov/2023 18:31:20 logger 7 11416 12452 package : apps.users.controller.getUserController --> position : GetAUser.get]
INFO : [27/Nov/2023 18:31:20 logger 7 11416 10052 package : apps.sections.controller.section_controller --> position : SectionController.get]
INFO : [27/Nov/2023 18:32:08 logger 7 11416 10052 package : apps.users.controller.getUserController --> position : GetAUser.get]
INFO : [27/Nov/2023 18:32:08 logger 7 11416 12452 package : apps.sections.controller.section_controller --> position : SectionController.get]
INFO : [27/Nov/2023 18:32:32 logger 7 11416 12452 package : apps.users.controller.getUserController --> position : GetAUser.get]
INFO : [27/Nov/2023 18:32:32 logger 7 11416 10052 package : apps.sections.controller.section_controller --> position : SectionController.get]
INFO : [27/Nov/2023 18:35:12 logger 7 11416 10052 package : apps.users.controller.getUserController --> position : GetAUser.get]
INFO : [27/Nov/2023 18:35:12 logger 7 11416 12452 package : apps.sections.controller.section_controller --> position : SectionController.get]
INFO : [27/Nov/2023 18:35:21 logger 7 11416 12452 package : apps.users.controller.getUserController --> position : GetAUser.get]
INFO : [27/Nov/2023 18:35:21 logger 7 11416 10052 package : apps.sections.controller.section_controller --> position : SectionController.get]
INFO : [27/Nov/2023 18:35:53 logger 7 11416 10052 package : apps.users.controller.getUserController --> position : GetAUser.get]
INFO : [27/Nov/2023 18:35:53 logger 7 11416 12452 package : apps.sections.controller.section_controller --> position : SectionController.get]
INFO : [27/Nov/2023 18:36:00 logger 7 11416 12452 package : apps.users.controller.getUserController --> position : GetAUser.get]
INFO : [27/Nov/2023 18:36:00 logger 7 11416 10052 package : apps.sections.controller.section_controller --> position : SectionController.get]
INFO : [27/Nov/2023 18:37:23 logger 7 11416 10052 package : apps.users.controller.getUserController --> position : GetAUser.get]
INFO : [27/Nov/2023 18:37:23 logger 7 11416 12452 package : apps.sections.controller.section_controller --> position : SectionController.get]
INFO : [27/Nov/2023 18:38:15 logger 7 11416 12452 package : apps.auths.controller.refreshToken_controller --> position : RefreshToken.post]
INFO : [27/Nov/2023 18:38:15 logger 7 11416 10052 package : apps.users.controller.getUserController --> position : GetAUser.get]
INFO : [27/Nov/2023 18:38:15 logger 7 11416 12452 package : apps.sections.controller.section_controller --> position : SectionController.get]
INFO : [27/Nov/2023 18:38:15 logger 7 11416 12452 package : apps.users.controller.getUserController --> position : GetAUser.get]
INFO : [27/Nov/2023 18:38:15 logger 7 11416 10052 package : apps.sections.controller.section_controller --> position : SectionController.get]
INFO : [27/Nov/2023 18:39:08 logger 7 11416 10052 package : apps.users.controller.getUserController --> position : GetAUser.get]
INFO : [27/Nov/2023 18:39:08 logger 7 11416 12452 package : apps.sections.controller.section_controller --> position : SectionController.get]
INFO : [27/Nov/2023 18:47:34 logger 7 11416 4652 package : apps.users.controller.getUserController --> position : GetAUser.get]
INFO : [27/Nov/2023 18:47:34 logger 7 11416 8364 package : apps.sections.controller.section_controller --> position : SectionController.get]
INFO : [27/Nov/2023 18:48:05 logger 7 11416 4652 package : apps.users.controller.getUserController --> position : GetAUser.get]
INFO : [27/Nov/2023 18:48:05 logger 7 11416 8364 package : apps.sections.controller.section_controller --> position : SectionController.get]
INFO : [27/Nov/2023 18:50:31 logger 7 11416 8364 package : apps.auths.controller.refreshToken_controller --> position : RefreshToken.post]
INFO : [27/Nov/2023 18:50:31 logger 7 11416 8364 package : apps.users.controller.getUserController --> position : GetAUser.get]
INFO : [27/Nov/2023 18:50:31 logger 7 11416 4652 package : apps.sections.controller.section_controller --> position : SectionController.get]
INFO : [27/Nov/2023 18:50:31 logger 7 11416 4652 package : apps.users.controller.getUserController --> position : GetAUser.get]
INFO : [27/Nov/2023 18:50:31 logger 7 11416 8364 package : apps.sections.controller.section_controller --> position : SectionController.get]
INFO : [27/Nov/2023 18:56:47 logger 7 11416 2016 package : apps.users.controller.getUserController --> position : GetAUser.get]
INFO : [27/Nov/2023 18:56:47 logger 7 11416 4148 package : apps.sections.controller.section_controller --> position : SectionController.get]
INFO : [27/Nov/2023 18:56:53 logger 7 11416 4148 package : apps.users.controller.getUserController --> position : GetAUser.get]
INFO : [27/Nov/2023 18:56:53 logger 7 11416 2016 package : apps.sections.controller.section_controller --> position : SectionController.get]
INFO : [27/Nov/2023 18:59:55 logger 7 11416 4148 package : apps.sections.controller.section_controller --> position : SectionController.get]
INFO : [27/Nov/2023 18:59:55 logger 7 11416 2016 package : apps.users.controller.getUserController --> position : GetAUser.get]
INFO : [27/Nov/2023 18:59:57 logger 7 11416 2016 package : apps.users.controller.getUserController --> position : GetAUser.get]
INFO : [27/Nov/2023 18:59:57 logger 7 11416 4148 package : apps.sections.controller.section_controller --> position : SectionController.get]
INFO : [27/Nov/2023 19:00:18 logger 7 11416 4148 package : apps.users.controller.getUserController --> position : GetAUser.get]
INFO : [27/Nov/2023 19:00:18 logger 7 11416 2016 package : apps.sections.controller.section_controller --> position : SectionController.get]
INFO : [27/Nov/2023 19:01:23 logger 7 11416 2016 package : apps.auths.controller.refreshToken_controller --> position : RefreshToken.post]
INFO : [27/Nov/2023 19:01:23 logger 7 11416 2016 package : apps.users.controller.getUserController --> position : GetAUser.get]
INFO : [27/Nov/2023 19:01:23 logger 7 11416 4148 package : apps.sections.controller.section_controller --> position : SectionController.get]
INFO : [27/Nov/2023 19:01:24 logger 7 11416 4148 package : apps.users.controller.getUserController --> position : GetAUser.get]
INFO : [27/Nov/2023 19:01:24 logger 7 11416 2016 package : apps.sections.controller.section_controller --> position : SectionController.get]
INFO : [27/Nov/2023 19:01:36 logger 7 11416 2016 package : apps.users.controller.getUserController --> position : GetAUser.get]
INFO : [27/Nov/2023 19:01:36 logger 7 11416 4148 package : apps.sections.controller.section_controller --> position : SectionController.get]
INFO : [27/Nov/2023 19:02:05 logger 7 11416 4148 package : apps.users.controller.getUserController --> position : GetAUser.get]
INFO : [27/Nov/2023 19:02:05 logger 7 11416 2016 package : apps.sections.controller.section_controller --> position : SectionController.get]
INFO : [27/Nov/2023 19:06:09 logger 7 11416 2016 package : apps.users.controller.getUserController --> position : GetAUser.get]
INFO : [27/Nov/2023 19:06:09 logger 7 11416 4148 package : apps.sections.controller.section_controller --> position : SectionController.get]
INFO : [27/Nov/2023 19:10:27 logger 7 11416 4148 package : apps.users.controller.getUserController --> position : GetAUser.get]
INFO : [27/Nov/2023 19:10:27 logger 7 11416 2016 package : apps.sections.controller.section_controller --> position : SectionController.get]
INFO : [27/Nov/2023 19:10:35 logger 7 11416 2016 package : apps.users.controller.getUserController --> position : GetAUser.get]
INFO : [27/Nov/2023 19:10:35 logger 7 11416 4148 package : apps.sections.controller.section_controller --> position : SectionController.get]
INFO : [27/Nov/2023 19:10:39 logger 7 11416 4148 package : apps.users.controller.getUserController --> position : GetAUser.get]
INFO : [27/Nov/2023 19:10:39 logger 7 11416 2016 package : apps.sections.controller.section_controller --> position : SectionController.get]
INFO : [27/Nov/2023 19:13:41 logger 7 11416 2016 package : apps.auths.controller.refreshToken_controller --> position : RefreshToken.post]
INFO : [27/Nov/2023 19:13:41 logger 7 11416 2016 package : apps.users.controller.getUserController --> position : GetAUser.get]
INFO : [27/Nov/2023 19:13:41 logger 7 11416 4148 package : apps.sections.controller.section_controller --> position : SectionController.get]
INFO : [27/Nov/2023 19:13:42 logger 7 11416 4148 package : apps.users.controller.getUserController --> position : GetAUser.get]
INFO : [27/Nov/2023 19:13:42 logger 7 11416 2016 package : apps.sections.controller.section_controller --> position : SectionController.get]
INFO : [27/Nov/2023 19:14:20 logger 7 11416 2016 package : apps.users.controller.getUserController --> position : GetAUser.get]
INFO : [27/Nov/2023 19:14:20 logger 7 11416 4148 package : apps.sections.controller.section_controller --> position : SectionController.get]
INFO : [27/Nov/2023 19:14:44 logger 7 11416 4148 package : apps.users.controller.getUserController --> position : GetAUser.get]
INFO : [27/Nov/2023 19:14:44 logger 7 11416 2016 package : apps.sections.controller.section_controller --> position : SectionController.get]
INFO : [27/Nov/2023 19:14:53 logger 7 11416 4148 package : apps.users.controller.getUserController --> position : GetAUser.get]
INFO : [27/Nov/2023 19:14:53 logger 7 11416 2016 package : apps.sections.controller.section_controller --> position : SectionController.get]
INFO : [27/Nov/2023 19:15:36 logger 7 11416 2016 package : apps.users.controller.getUserController --> position : GetAUser.get]
INFO : [27/Nov/2023 19:15:36 logger 7 11416 4148 package : apps.sections.controller.section_controller --> position : SectionController.get]
INFO : [27/Nov/2023 19:15:53 logger 7 11416 4148 package : apps.users.controller.getUserController --> position : GetAUser.get]
INFO : [27/Nov/2023 19:15:53 logger 7 11416 2016 package : apps.sections.controller.section_controller --> position : SectionController.get]
INFO : [27/Nov/2023 19:19:48 logger 7 11416 2016 package : apps.users.controller.getUserController --> position : GetAUser.get]
INFO : [27/Nov/2023 19:19:48 logger 7 11416 4148 package : apps.sections.controller.section_controller --> position : SectionController.get]
INFO : [27/Nov/2023 19:19:53 logger 7 11416 4148 package : apps.users.controller.getUserController --> position : GetAUser.get]
INFO : [27/Nov/2023 19:19:53 logger 7 11416 2016 package : apps.sections.controller.section_controller --> position : SectionController.get]
INFO : [27/Nov/2023 19:20:39 logger 7 11416 2016 package : apps.users.controller.getUserController --> position : GetAUser.get]
INFO : [27/Nov/2023 19:20:39 logger 7 11416 4148 package : apps.sections.controller.section_controller --> position : SectionController.get]
INFO : [27/Nov/2023 19:20:49 logger 7 11416 4148 package : apps.users.controller.getUserController --> position : GetAUser.get]
INFO : [27/Nov/2023 19:20:49 logger 7 11416 2016 package : apps.sections.controller.section_controller --> position : SectionController.get]
INFO : [27/Nov/2023 19:21:40 logger 7 11416 2016 package : apps.users.controller.getUserController --> position : GetAUser.get]
INFO : [27/Nov/2023 19:21:40 logger 7 11416 4148 package : apps.sections.controller.section_controller --> position : SectionController.get]
INFO : [27/Nov/2023 19:23:18 logger 7 11416 4148 package : apps.users.controller.getUserController --> position : GetAUser.get]
INFO : [27/Nov/2023 19:23:18 logger 7 11416 2016 package : apps.sections.controller.section_controller --> position : SectionController.get]
INFO : [27/Nov/2023 19:23:39 logger 7 11416 2016 package : apps.users.controller.getUserController --> position : GetAUser.get]
INFO : [27/Nov/2023 19:23:39 logger 7 11416 4148 package : apps.sections.controller.section_controller --> position : SectionController.get]
INFO : [27/Nov/2023 19:24:35 logger 7 11416 4148 package : apps.auths.controller.refreshToken_controller --> position : RefreshToken.post]
INFO : [27/Nov/2023 19:24:35 logger 7 11416 4148 package : apps.users.controller.getUserController --> position : GetAUser.get]
INFO : [27/Nov/2023 19:24:35 logger 7 11416 2016 package : apps.sections.controller.section_controller --> position : SectionController.get]
INFO : [27/Nov/2023 19:24:35 logger 7 11416 2016 package : apps.users.controller.getUserController --> position : GetAUser.get]
INFO : [27/Nov/2023 19:24:35 logger 7 11416 4148 package : apps.sections.controller.section_controller --> position : SectionController.get]
INFO : [27/Nov/2023 19:24:45 logger 7 11416 4148 package : apps.users.controller.getUserController --> position : GetAUser.get]
INFO : [27/Nov/2023 19:24:45 logger 7 11416 2016 package : apps.sections.controller.section_controller --> position : SectionController.get]
INFO : [27/Nov/2023 19:31:10 logger 7 11416 6544 package : apps.users.controller.getUserController --> position : GetAUser.get]
INFO : [27/Nov/2023 19:31:10 logger 7 11416 7792 package : apps.sections.controller.section_controller --> position : SectionController.get]
INFO : [27/Nov/2023 19:35:43 logger 7 11416 7792 package : apps.auths.controller.refreshToken_controller --> position : RefreshToken.post]
INFO : [27/Nov/2023 19:35:43 logger 7 11416 7792 package : apps.users.controller.getUserController --> position : GetAUser.get]
INFO : [27/Nov/2023 19:35:43 logger 7 11416 6544 package : apps.sections.controller.section_controller --> position : SectionController.get]
INFO : [27/Nov/2023 19:35:44 logger 7 11416 6544 package : apps.users.controller.getUserController --> position : GetAUser.get]
INFO : [27/Nov/2023 19:35:44 logger 7 11416 7792 package : apps.sections.controller.section_controller --> position : SectionController.get]
INFO : [27/Nov/2023 19:38:06 logger 7 11416 7792 package : apps.users.controller.getUserController --> position : GetAUser.get]
INFO : [27/Nov/2023 19:38:06 logger 7 11416 6544 package : apps.sections.controller.section_controller --> position : SectionController.get]
INFO : [27/Nov/2023 19:41:00 logger 7 11416 7792 package : apps.users.controller.getUserController --> position : GetAUser.get]
INFO : [27/Nov/2023 19:41:00 logger 7 11416 6544 package : apps.sections.controller.section_controller --> position : SectionController.get]
INFO : [27/Nov/2023 19:50:52 logger 7 11416 11372 package : apps.auths.controller.refreshToken_controller --> position : RefreshToken.post]
INFO : [27/Nov/2023 19:50:52 logger 7 11416 6672 package : apps.users.controller.getUserController --> position : GetAUser.get]
INFO : [27/Nov/2023 19:50:52 logger 7 11416 11372 package : apps.sections.controller.section_controller --> position : SectionController.get]
INFO : [27/Nov/2023 19:50:52 logger 7 11416 11372 package : apps.users.controller.getUserController --> position : GetAUser.get]
INFO : [27/Nov/2023 19:50:52 logger 7 11416 6672 package : apps.sections.controller.section_controller --> position : SectionController.get]
INFO : [27/Nov/2023 19:55:02 logger 7 11108 2888 package : apps.sections.controller.section_controller --> position : SectionController.put]
ERROR : [27/Nov/2023 19:55:02 logger 10 11108 2888 package : apps.sections.controller.section_controller --> position : SectionController.put --> exception : 2 validation errors for ModifySectionDTO
section_id
  field required (type=value_error.missing)
visibility
  field required (type=value_error.missing)]
INFO : [27/Nov/2023 19:56:13 logger 7 11108 2888 package : apps.users.controller.getUserController --> position : GetAUser.get]
INFO : [27/Nov/2023 19:56:13 logger 7 11108 2888 package : apps.sections.controller.section_controller --> position : SectionController.get]
INFO : [27/Nov/2023 19:57:45 logger 7 11108 2888 package : apps.users.controller.getUserController --> position : GetAUser.get]
INFO : [27/Nov/2023 19:57:45 logger 7 11108 2888 package : apps.sections.controller.section_controller --> position : SectionController.get]
INFO : [27/Nov/2023 19:58:02 logger 7 11108 2888 package : apps.sections.controller.section_controller --> position : SectionController.put]
ERROR : [27/Nov/2023 19:58:02 logger 10 11108 2888 package : apps.sections.controller.section_controller --> position : SectionController.put --> exception : 2 validation errors for ModifySectionDTO
section_id
  field required (type=value_error.missing)
visibility
  field required (type=value_error.missing)]
INFO : [27/Nov/2023 19:58:44 logger 7 11108 2888 package : apps.users.controller.getUserController --> position : GetAUser.get]
INFO : [27/Nov/2023 19:58:44 logger 7 11108 1308 package : apps.sections.controller.section_controller --> position : SectionController.get]
INFO : [27/Nov/2023 19:58:59 logger 7 11108 1308 package : apps.users.controller.getUserController --> position : GetAUser.get]
INFO : [27/Nov/2023 19:58:59 logger 7 11108 2888 package : apps.sections.controller.section_controller --> position : SectionController.get]
INFO : [27/Nov/2023 20:02:13 logger 7 11108 2888 package : apps.auths.controller.refreshToken_controller --> position : RefreshToken.post]
INFO : [27/Nov/2023 20:02:13 logger 7 11108 1308 package : apps.users.controller.getUserController --> position : GetAUser.get]
INFO : [27/Nov/2023 20:02:13 logger 7 11108 2888 package : apps.sections.controller.section_controller --> position : SectionController.get]
INFO : [27/Nov/2023 20:02:14 logger 7 11108 2888 package : apps.users.controller.getUserController --> position : GetAUser.get]
INFO : [27/Nov/2023 20:02:14 logger 7 11108 1308 package : apps.sections.controller.section_controller --> position : SectionController.get]
INFO : [27/Nov/2023 20:03:09 logger 7 11108 1308 package : apps.users.controller.getUserController --> position : GetAUser.get]
INFO : [27/Nov/2023 20:03:09 logger 7 11108 2888 package : apps.sections.controller.section_controller --> position : SectionController.get]
INFO : [27/Nov/2023 20:03:15 logger 7 11108 2888 package : apps.sections.controller.section_controller --> position : SectionController.put]
ERROR : [27/Nov/2023 20:03:15 logger 10 11108 2888 package : apps.sections.controller.section_controller --> position : SectionController.put --> exception : 1 validation error for ModifySectionDTO
section_about
  none is not an allowed value (type=type_error.none.not_allowed)]
INFO : [27/Nov/2023 20:03:21 logger 7 11108 2888 package : apps.users.controller.getUserController --> position : GetAUser.get]
INFO : [27/Nov/2023 20:03:21 logger 7 11108 1308 package : apps.sections.controller.section_controller --> position : SectionController.get]
INFO : [27/Nov/2023 20:03:53 logger 7 11108 1308 package : apps.sections.controller.section_controller --> position : SectionController.put]
ERROR : [27/Nov/2023 20:03:53 logger 10 11108 1308 package : apps.sections.controller.section_controller --> position : SectionController.put --> exception : 1 validation error for ModifySectionDTO
section_about
  none is not an allowed value (type=type_error.none.not_allowed)]
INFO : [27/Nov/2023 20:05:47 logger 7 11108 1308 package : apps.sections.controller.section_controller --> position : SectionController.put]
ERROR : [27/Nov/2023 20:05:47 logger 10 11108 1308 package : apps.sections.controller.section_controller --> position : SectionController.put --> exception : Section matching query does not exist.]
INFO : [27/Nov/2023 20:06:04 logger 7 11108 1308 package : apps.users.controller.getUserController --> position : GetAUser.get]
INFO : [27/Nov/2023 20:06:04 logger 7 11108 2888 package : apps.sections.controller.section_controller --> position : SectionController.get]
INFO : [27/Nov/2023 20:06:13 logger 7 11108 2888 package : apps.sections.controller.section_controller --> position : SectionController.put]
ERROR : [27/Nov/2023 20:06:13 logger 10 11108 2888 package : apps.sections.controller.section_controller --> position : SectionController.put --> exception : Section matching query does not exist.]
INFO : [27/Nov/2023 20:08:17 logger 7 5616 11024 package : apps.sections.controller.section_controller --> position : SectionController.put]
ERROR : [27/Nov/2023 20:08:17 logger 10 5616 11024 package : apps.sections.controller.section_controller --> position : SectionController.put --> exception : Section matching query does not exist.]
INFO : [27/Nov/2023 20:08:49 logger 7 11580 13156 package : apps.sections.controller.section_controller --> position : SectionController.put]
ERROR : [27/Nov/2023 20:08:49 logger 10 11580 13156 package : apps.sections.controller.section_controller --> position : SectionController.put --> exception : Section matching query does not exist.]
INFO : [27/Nov/2023 20:09:15 logger 7 12108 7512 package : apps.sections.controller.section_controller --> position : SectionController.put]
ERROR : [27/Nov/2023 20:09:15 logger 10 12108 7512 package : apps.sections.controller.section_controller --> position : SectionController.put --> exception : Section matching query does not exist.]
INFO : [27/Nov/2023 20:09:23 logger 7 12108 7512 package : apps.users.controller.getUserController --> position : GetAUser.get]
INFO : [27/Nov/2023 20:09:23 logger 7 12108 9684 package : apps.sections.controller.section_controller --> position : SectionController.get]
INFO : [27/Nov/2023 20:10:06 logger 7 6732 10144 package : apps.sections.controller.section_controller --> position : SectionController.put]
INFO : [27/Nov/2023 20:10:09 logger 7 6732 10144 package : apps.sections.controller.section_controller --> position : SectionController.get]
INFO : [27/Nov/2023 20:10:09 logger 7 6732 5284 package : apps.users.controller.getUserController --> position : GetAUser.get]
INFO : [27/Nov/2023 20:10:18 logger 7 6732 5284 package : apps.users.controller.getUserController --> position : GetAUser.get]
INFO : [27/Nov/2023 20:10:18 logger 7 6732 10144 package : apps.sections.controller.section_controller --> position : SectionController.get]
INFO : [27/Nov/2023 20:11:31 logger 7 6732 10144 package : apps.sections.controller.section_controller --> position : SectionController.put]
INFO : [27/Nov/2023 20:11:35 logger 7 6732 10144 package : apps.users.controller.getUserController --> position : GetAUser.get]
INFO : [27/Nov/2023 20:11:35 logger 7 6732 5284 package : apps.sections.controller.section_controller --> position : SectionController.get]
INFO : [27/Nov/2023 20:11:42 logger 7 6732 5284 package : apps.sections.controller.section_controller --> position : SectionController.put]
ERROR : [27/Nov/2023 20:11:42 logger 10 6732 5284 package : apps.sections.controller.section_controller --> position : SectionController.put --> exception : 1 validation error for ModifySectionDTO
section_about
  none is not an allowed value (type=type_error.none.not_allowed)]
INFO : [27/Nov/2023 20:12:14 logger 7 3800 4388 package : apps.sections.controller.section_controller --> position : SectionController.put]
ERROR : [27/Nov/2023 20:12:14 logger 10 3800 4388 package : apps.sections.controller.section_controller --> position : SectionController.put --> exception : 1 validation error for ModifySectionDTO
section_about
  none is not an allowed value (type=type_error.none.not_allowed)]
INFO : [27/Nov/2023 20:12:17 logger 7 3800 4388 package : apps.auths.controller.refreshToken_controller --> position : RefreshToken.post]
INFO : [27/Nov/2023 20:12:17 logger 7 3800 3564 package : apps.sections.controller.section_controller --> position : SectionController.get]
INFO : [27/Nov/2023 20:12:17 logger 7 3800 4388 package : apps.users.controller.getUserController --> position : GetAUser.get]
INFO : [27/Nov/2023 20:12:17 logger 7 3800 4388 package : apps.users.controller.getUserController --> position : GetAUser.get]
INFO : [27/Nov/2023 20:12:17 logger 7 3800 3564 package : apps.sections.controller.section_controller --> position : SectionController.get]
INFO : [27/Nov/2023 20:12:23 logger 7 3800 3564 package : apps.sections.controller.section_controller --> position : SectionController.put]
ERROR : [27/Nov/2023 20:12:23 logger 10 3800 3564 package : apps.sections.controller.section_controller --> position : SectionController.put --> exception : 1 validation error for ModifySectionDTO
section_about
  none is not an allowed value (type=type_error.none.not_allowed)]
INFO : [27/Nov/2023 20:13:36 logger 7 3736 4880 package : apps.sections.controller.section_controller --> position : SectionController.put]
ERROR : [27/Nov/2023 20:13:36 logger 10 3736 4880 package : apps.sections.controller.section_controller --> position : SectionController.put --> exception : 1 validation error for ModifySectionDTO
section_about
  none is not an allowed value (type=type_error.none.not_allowed)]
INFO : [27/Nov/2023 20:15:28 logger 7 7904 11300 package : apps.sections.controller.section_controller --> position : SectionController.put]
ERROR : [27/Nov/2023 20:15:28 logger 10 7904 11300 package : apps.sections.controller.section_controller --> position : SectionController.put --> exception : 1 validation error for ModifySectionDTO
section_about
  none is not an allowed value (type=type_error.none.not_allowed)]
INFO : [27/Nov/2023 20:16:19 logger 7 7904 11300 package : apps.sections.controller.section_controller --> position : SectionController.put]
ERROR : [27/Nov/2023 20:16:19 logger 10 7904 11300 package : apps.sections.controller.section_controller --> position : SectionController.put --> exception : Unsupported media type "application/x-www-form-urlencoded" in request.]
INFO : [27/Nov/2023 20:19:12 logger 7 7904 11300 package : apps.sections.controller.section_controller --> position : SectionController.put]
ERROR : [27/Nov/2023 20:19:12 logger 10 7904 11300 package : apps.sections.controller.section_controller --> position : SectionController.put --> exception : 1 validation error for ModifySectionDTO
section_about
  none is not an allowed value (type=type_error.none.not_allowed)]
INFO : [27/Nov/2023 20:20:20 logger 7 11704 11276 package : apps.sections.controller.section_controller --> position : SectionController.post]
INFO : [27/Nov/2023 20:20:26 logger 7 11704 11276 package : apps.sections.controller.section_controller --> position : SectionController.get]
INFO : [27/Nov/2023 20:20:26 logger 7 11704 4208 package : apps.users.controller.getUserController --> position : GetAUser.get]
INFO : [27/Nov/2023 20:21:44 logger 7 11704 4208 package : apps.sections.controller.section_controller --> position : SectionController.put]
ERROR : [27/Nov/2023 20:21:44 logger 10 11704 4208 package : apps.sections.controller.section_controller --> position : SectionController.put --> exception : 1 validation error for ModifySectionDTO
section_about
  none is not an allowed value (type=type_error.none.not_allowed)]
INFO : [27/Nov/2023 20:22:57 logger 7 11704 4208 package : apps.sections.controller.section_controller --> position : SectionController.put]
ERROR : [27/Nov/2023 20:22:57 logger 10 11704 4208 package : apps.sections.controller.section_controller --> position : SectionController.put --> exception : 1 validation error for ModifySectionDTO
section_about
  none is not an allowed value (type=type_error.none.not_allowed)]
INFO : [27/Nov/2023 20:24:30 logger 7 11704 4208 package : apps.sections.controller.section_controller --> position : SectionController.put]
ERROR : [27/Nov/2023 20:24:30 logger 10 11704 4208 package : apps.sections.controller.section_controller --> position : SectionController.put --> exception : 1 validation error for ModifySectionDTO
section_about
  none is not an allowed value (type=type_error.none.not_allowed)]
INFO : [27/Nov/2023 20:25:14 logger 7 11704 4208 package : apps.sections.controller.section_controller --> position : SectionController.put]
ERROR : [27/Nov/2023 20:25:14 logger 10 11704 4208 package : apps.sections.controller.section_controller --> position : SectionController.put --> exception : 1 validation error for ModifySectionDTO
section_about
  none is not an allowed value (type=type_error.none.not_allowed)]
INFO : [27/Nov/2023 20:26:34 logger 7 11704 4208 package : apps.sections.controller.section_controller --> position : SectionController.put]
INFO : [27/Nov/2023 20:26:35 logger 7 11704 4208 package : apps.users.controller.getUserController --> position : GetAUser.get]
INFO : [27/Nov/2023 20:26:35 logger 7 11704 4208 package : apps.sections.controller.section_controller --> position : SectionController.get]
INFO : [27/Nov/2023 20:26:39 logger 7 11704 4208 package : apps.users.controller.getUserController --> position : GetAUser.get]
INFO : [27/Nov/2023 20:26:39 logger 7 11704 8688 package : apps.sections.controller.section_controller --> position : SectionController.get]
INFO : [27/Nov/2023 20:26:51 logger 7 11704 8688 package : apps.sections.controller.section_controller --> position : SectionController.put]
INFO : [27/Nov/2023 20:27:06 logger 7 11704 8688 package : apps.sections.controller.section_controller --> position : SectionController.get]
INFO : [27/Nov/2023 20:27:06 logger 7 11704 4208 package : apps.users.controller.getUserController --> position : GetAUser.get]
INFO : [27/Nov/2023 20:28:24 logger 7 11704 4208 package : apps.users.controller.getUserController --> position : GetAUser.get]
INFO : [27/Nov/2023 20:28:24 logger 7 11704 8688 package : apps.sections.controller.section_controller --> position : SectionController.get]
INFO : [27/Nov/2023 20:28:31 logger 7 11704 8688 package : apps.sections.controller.section_controller --> position : SectionController.put]
INFO : [27/Nov/2023 20:33:46 logger 7 11704 2128 package : apps.users.controller.getUserController --> position : GetAUser.get]
INFO : [27/Nov/2023 20:33:46 logger 7 11704 13084 package : apps.sections.controller.section_controller --> position : SectionController.get]
INFO : [27/Nov/2023 20:37:13 logger 7 11704 13084 package : apps.auths.controller.refreshToken_controller --> position : RefreshToken.post]
INFO : [27/Nov/2023 20:37:13 logger 7 11704 2128 package : apps.sections.controller.section_controller --> position : SectionController.get]
INFO : [27/Nov/2023 20:37:13 logger 7 11704 13084 package : apps.users.controller.getUserController --> position : GetAUser.get]
INFO : [27/Nov/2023 20:37:13 logger 7 11704 13084 package : apps.users.controller.getUserController --> position : GetAUser.get]
INFO : [27/Nov/2023 20:37:13 logger 7 11704 2128 package : apps.sections.controller.section_controller --> position : SectionController.get]
INFO : [27/Nov/2023 20:38:29 logger 7 11704 2128 package : apps.users.controller.getUserController --> position : GetAUser.get]
INFO : [27/Nov/2023 20:38:29 logger 7 11704 13084 package : apps.sections.controller.section_controller --> position : SectionController.get]
INFO : [27/Nov/2023 20:38:35 logger 7 11704 13084 package : apps.sections.controller.section_controller --> position : SectionController.put]
INFO : [27/Nov/2023 20:39:18 logger 7 11704 13084 package : apps.users.controller.getUserController --> position : GetAUser.get]
INFO : [27/Nov/2023 20:39:18 logger 7 11704 2128 package : apps.sections.controller.section_controller --> position : SectionController.get]
INFO : [27/Nov/2023 20:45:40 logger 7 11704 6072 package : apps.users.controller.getUserController --> position : GetAUser.get]
INFO : [27/Nov/2023 20:45:40 logger 7 11704 8820 package : apps.sections.controller.section_controller --> position : SectionController.get]
INFO : [27/Nov/2023 20:45:49 logger 7 11704 8820 package : apps.sections.controller.section_controller --> position : SectionController.put]
INFO : [27/Nov/2023 20:46:35 logger 7 11704 8820 package : apps.sections.controller.section_controller --> position : SectionController.put]
INFO : [27/Nov/2023 20:46:50 logger 7 11704 8820 package : apps.users.controller.getUserController --> position : GetAUser.get]
INFO : [27/Nov/2023 20:46:50 logger 7 11704 6072 package : apps.sections.controller.section_controller --> position : SectionController.get]
INFO : [27/Nov/2023 20:46:55 logger 7 11704 6072 package : apps.sections.controller.section_controller --> position : SectionController.put]
INFO : [27/Nov/2023 20:47:08 logger 7 11704 6072 package : apps.sections.controller.section_controller --> position : SectionController.get]
INFO : [27/Nov/2023 20:47:08 logger 7 11704 8820 package : apps.users.controller.getUserController --> position : GetAUser.get]
INFO : [27/Nov/2023 20:49:06 logger 7 11704 8820 package : apps.auths.controller.refreshToken_controller --> position : RefreshToken.post]
INFO : [27/Nov/2023 20:49:06 logger 7 11704 6072 package : apps.sections.controller.section_controller --> position : SectionController.get]
INFO : [27/Nov/2023 20:49:06 logger 7 11704 8820 package : apps.users.controller.getUserController --> position : GetAUser.get]
INFO : [27/Nov/2023 20:49:07 logger 7 11704 8820 package : apps.users.controller.getUserController --> position : GetAUser.get]
INFO : [27/Nov/2023 20:49:07 logger 7 11704 6072 package : apps.sections.controller.section_controller --> position : SectionController.get]
INFO : [27/Nov/2023 20:51:53 logger 7 11704 6072 package : apps.sections.controller.section_controller --> position : SectionController.put]
INFO : [27/Nov/2023 20:52:04 logger 7 11704 8820 package : apps.users.controller.getUserController --> position : GetAUser.get]
INFO : [27/Nov/2023 20:52:04 logger 7 11704 6072 package : apps.sections.controller.section_controller --> position : SectionController.get]
INFO : [27/Nov/2023 20:52:47 logger 7 11704 6072 package : apps.sections.controller.section_controller --> position : SectionController.put]
INFO : [27/Nov/2023 20:58:23 logger 7 11704 10648 package : apps.users.controller.getUserController --> position : GetAUser.get]
INFO : [27/Nov/2023 20:58:23 logger 7 11704 1900 package : apps.sections.controller.section_controller --> position : SectionController.get]
INFO : [27/Nov/2023 21:01:44 logger 7 11704 1900 package : apps.auths.controller.refreshToken_controller --> position : RefreshToken.post]
INFO : [27/Nov/2023 21:01:44 logger 7 11704 1900 package : apps.users.controller.getUserController --> position : GetAUser.get]
INFO : [27/Nov/2023 21:01:44 logger 7 11704 10648 package : apps.sections.controller.section_controller --> position : SectionController.get]
INFO : [27/Nov/2023 21:01:44 logger 7 11704 10648 package : apps.users.controller.getUserController --> position : GetAUser.get]
INFO : [27/Nov/2023 21:01:44 logger 7 11704 1900 package : apps.sections.controller.section_controller --> position : SectionController.get]
INFO : [27/Nov/2023 21:01:49 logger 7 11704 1900 package : apps.sections.controller.section_controller --> position : SectionController.put]
INFO : [27/Nov/2023 21:02:10 logger 7 11704 1900 package : apps.users.controller.getUserController --> position : GetAUser.get]
INFO : [27/Nov/2023 21:02:10 logger 7 11704 10648 package : apps.sections.controller.section_controller --> position : SectionController.get]
INFO : [27/Nov/2023 21:02:15 logger 7 11704 10648 package : apps.sections.controller.section_controller --> position : SectionController.put]
INFO : [27/Nov/2023 21:02:24 logger 7 11704 10648 package : apps.sections.controller.section_controller --> position : SectionController.put]
INFO : [27/Nov/2023 21:08:50 logger 7 11704 10704 package : apps.sections.controller.section_controller --> position : SectionController.get]
INFO : [27/Nov/2023 21:08:50 logger 7 11704 5020 package : apps.users.controller.getUserController --> position : GetAUser.get]
INFO : [27/Nov/2023 21:08:54 logger 7 11704 5020 package : apps.sections.controller.section_controller --> position : SectionController.put]
INFO : [27/Nov/2023 21:08:59 logger 7 11704 5020 package : apps.sections.controller.section_controller --> position : SectionController.get]
INFO : [27/Nov/2023 21:08:59 logger 7 11704 10704 package : apps.users.controller.getUserController --> position : GetAUser.get]
INFO : [27/Nov/2023 21:11:54 logger 7 11704 10704 package : apps.auths.controller.refreshToken_controller --> position : RefreshToken.post]
INFO : [27/Nov/2023 21:11:54 logger 7 11704 5020 package : apps.sections.controller.section_controller --> position : SectionController.get]
INFO : [27/Nov/2023 21:11:54 logger 7 11704 10704 package : apps.users.controller.getUserController --> position : GetAUser.get]
INFO : [27/Nov/2023 21:11:55 logger 7 11704 10704 package : apps.users.controller.getUserController --> position : GetAUser.get]
INFO : [27/Nov/2023 21:11:55 logger 7 11704 5020 package : apps.sections.controller.section_controller --> position : SectionController.get]
INFO : [27/Nov/2023 21:11:59 logger 7 11704 5020 package : apps.sections.controller.section_controller --> position : SectionController.put]
INFO : [27/Nov/2023 21:12:04 logger 7 11704 5020 package : apps.sections.controller.section_controller --> position : SectionController.get]
INFO : [27/Nov/2023 21:12:04 logger 7 11704 10704 package : apps.users.controller.getUserController --> position : GetAUser.get]
INFO : [27/Nov/2023 21:12:41 logger 7 11704 10704 package : apps.users.controller.getUserController --> position : GetAUser.get]
INFO : [27/Nov/2023 21:12:41 logger 7 11704 5020 package : apps.sections.controller.section_controller --> position : SectionController.get]
INFO : [27/Nov/2023 21:12:50 logger 7 11704 5020 package : apps.sections.controller.section_controller --> position : SectionController.put]
INFO : [27/Nov/2023 21:13:56 logger 7 11704 5020 package : apps.users.controller.getUserController --> position : GetAUser.get]
INFO : [27/Nov/2023 21:13:56 logger 7 11704 10704 package : apps.sections.controller.section_controller --> position : SectionController.get]
INFO : [27/Nov/2023 21:14:01 logger 7 11704 10704 package : apps.sections.controller.section_controller --> position : SectionController.put]
INFO : [27/Nov/2023 21:14:17 logger 7 11704 10704 package : apps.sections.controller.section_controller --> position : SectionController.put]
INFO : [27/Nov/2023 21:14:47 logger 7 11704 5020 package : apps.users.controller.getUserController --> position : GetAUser.get]
INFO : [27/Nov/2023 21:14:47 logger 7 11704 10704 package : apps.sections.controller.section_controller --> position : SectionController.get]
INFO : [27/Nov/2023 21:14:52 logger 7 11704 10704 package : apps.sections.controller.section_controller --> position : SectionController.put]
INFO : [27/Nov/2023 21:14:57 logger 7 11704 10704 package : apps.sections.controller.section_controller --> position : SectionController.get]
INFO : [27/Nov/2023 21:14:57 logger 7 11704 5020 package : apps.users.controller.getUserController --> position : GetAUser.get]
INFO : [27/Nov/2023 21:15:28 logger 7 11704 5020 package : apps.users.controller.getUserController --> position : GetAUser.get]
INFO : [27/Nov/2023 21:15:28 logger 7 11704 10704 package : apps.sections.controller.section_controller --> position : SectionController.get]
INFO : [27/Nov/2023 21:15:33 logger 7 11704 10704 package : apps.sections.controller.section_controller --> position : SectionController.put]
INFO : [27/Nov/2023 21:16:18 logger 7 11704 10704 package : apps.sections.controller.section_controller --> position : SectionController.put]
INFO : [27/Nov/2023 21:16:40 logger 7 11704 10704 package : apps.users.controller.getUserController --> position : GetAUser.get]
INFO : [27/Nov/2023 21:16:40 logger 7 11704 5020 package : apps.sections.controller.section_controller --> position : SectionController.get]
INFO : [27/Nov/2023 21:18:02 logger 7 11704 5020 package : apps.sections.controller.section_controller --> position : SectionController.get]
INFO : [27/Nov/2023 21:18:02 logger 7 11704 10704 package : apps.users.controller.getUserController --> position : GetAUser.get]
INFO : [27/Nov/2023 21:18:09 logger 7 11704 10704 package : apps.sections.controller.section_controller --> position : SectionController.put]
INFO : [27/Nov/2023 21:18:22 logger 7 11704 10704 package : apps.sections.controller.section_controller --> position : SectionController.get]
INFO : [27/Nov/2023 21:18:22 logger 7 11704 5020 package : apps.users.controller.getUserController --> position : GetAUser.get]
INFO : [27/Nov/2023 21:19:13 logger 7 11704 5020 package : apps.users.controller.getUserController --> position : GetAUser.get]
INFO : [27/Nov/2023 21:19:13 logger 7 11704 10704 package : apps.sections.controller.section_controller --> position : SectionController.get]
INFO : [27/Nov/2023 21:19:25 logger 7 11704 10704 package : apps.sections.controller.section_controller --> position : SectionController.delete]
INFO : [27/Nov/2023 21:19:27 logger 7 11704 10704 package : apps.users.controller.getUserController --> position : GetAUser.get]
INFO : [27/Nov/2023 21:19:27 logger 7 11704 5020 package : apps.sections.controller.section_controller --> position : SectionController.get]
INFO : [27/Nov/2023 21:19:33 logger 7 11704 5020 package : apps.sections.controller.section_controller --> position : SectionController.put]
INFO : [27/Nov/2023 21:19:35 logger 7 11704 5020 package : apps.users.controller.getUserController --> position : GetAUser.get]
INFO : [27/Nov/2023 21:19:35 logger 7 11704 10704 package : apps.sections.controller.section_controller --> position : SectionController.get]
INFO : [27/Nov/2023 21:19:50 logger 7 11704 10704 package : apps.users.controller.getUserController --> position : GetAUser.get]
INFO : [27/Nov/2023 21:19:50 logger 7 11704 5020 package : apps.sections.controller.section_controller --> position : SectionController.get]
INFO : [27/Nov/2023 21:24:37 logger 7 11704 5020 package : apps.auths.controller.refreshToken_controller --> position : RefreshToken.post]
INFO : [27/Nov/2023 21:24:37 logger 7 11704 5020 package : apps.users.controller.getUserController --> position : GetAUser.get]
INFO : [27/Nov/2023 21:24:37 logger 7 11704 10704 package : apps.sections.controller.section_controller --> position : SectionController.get]
INFO : [27/Nov/2023 21:24:38 logger 7 11704 5020 package : apps.sections.controller.section_controller --> position : SectionController.get]
INFO : [27/Nov/2023 21:24:38 logger 7 11704 10704 package : apps.users.controller.getUserController --> position : GetAUser.get]
INFO : [27/Nov/2023 21:25:28 logger 7 11704 10704 package : apps.users.controller.getUserController --> position : GetAUser.get]
INFO : [27/Nov/2023 21:25:28 logger 7 11704 5020 package : apps.sections.controller.section_controller --> position : SectionController.get]
INFO : [27/Nov/2023 21:25:29 logger 7 11704 10704 package : apps.sections.controller.section_controller --> position : SectionController.get]
INFO : [27/Nov/2023 21:25:29 logger 7 11704 5020 package : apps.users.controller.getUserController --> position : GetAUser.get]
INFO : [27/Nov/2023 21:26:06 logger 7 11704 5020 package : apps.users.controller.getUserController --> position : GetAUser.get]
INFO : [27/Nov/2023 21:26:06 logger 7 11704 10704 package : apps.sections.controller.section_controller --> position : SectionController.get]
INFO : [27/Nov/2023 21:26:08 logger 7 11704 10704 package : apps.users.controller.getUserController --> position : GetAUser.get]
INFO : [27/Nov/2023 21:26:08 logger 7 11704 5020 package : apps.sections.controller.section_controller --> position : SectionController.get]
INFO : [27/Nov/2023 21:26:30 logger 7 11704 5020 package : apps.users.controller.getUserController --> position : GetAUser.get]
INFO : [27/Nov/2023 21:26:30 logger 7 11704 10704 package : apps.sections.controller.section_controller --> position : SectionController.get]
INFO : [27/Nov/2023 21:26:31 logger 7 11704 10704 package : apps.users.controller.getUserController --> position : GetAUser.get]
INFO : [27/Nov/2023 21:26:31 logger 7 11704 5020 package : apps.sections.controller.section_controller --> position : SectionController.get]
INFO : [27/Nov/2023 21:26:36 logger 7 11704 5020 package : apps.users.controller.getUserController --> position : GetAUser.get]
INFO : [27/Nov/2023 21:26:36 logger 7 11704 10704 package : apps.sections.controller.section_controller --> position : SectionController.get]
INFO : [27/Nov/2023 21:26:37 logger 7 11704 10704 package : apps.users.controller.getUserController --> position : GetAUser.get]
INFO : [27/Nov/2023 21:26:37 logger 7 11704 5020 package : apps.sections.controller.section_controller --> position : SectionController.get]
INFO : [27/Nov/2023 21:26:52 logger 7 11704 5020 package : apps.users.controller.getUserController --> position : GetAUser.get]
INFO : [27/Nov/2023 21:26:52 logger 7 11704 10704 package : apps.sections.controller.section_controller --> position : SectionController.get]
INFO : [27/Nov/2023 21:27:09 logger 7 11704 10704 package : apps.users.controller.getUserController --> position : GetAUser.get]
INFO : [27/Nov/2023 21:27:09 logger 7 11704 5020 package : apps.sections.controller.section_controller --> position : SectionController.get]
INFO : [27/Nov/2023 21:27:11 logger 7 11704 5020 package : apps.users.controller.getUserController --> position : GetAUser.get]
INFO : [27/Nov/2023 21:27:11 logger 7 11704 10704 package : apps.sections.controller.section_controller --> position : SectionController.get]
INFO : [27/Nov/2023 21:27:14 logger 7 11704 10704 package : apps.users.controller.getUserController --> position : GetAUser.get]
INFO : [27/Nov/2023 21:27:14 logger 7 11704 5020 package : apps.sections.controller.section_controller --> position : SectionController.get]
INFO : [27/Nov/2023 21:27:15 logger 7 11704 5020 package : apps.users.controller.getUserController --> position : GetAUser.get]
INFO : [27/Nov/2023 21:27:15 logger 7 11704 10704 package : apps.sections.controller.section_controller --> position : SectionController.get]
INFO : [27/Nov/2023 21:27:28 logger 7 11704 10704 package : apps.users.controller.getUserController --> position : GetAUser.get]
INFO : [27/Nov/2023 21:27:28 logger 7 11704 5020 package : apps.sections.controller.section_controller --> position : SectionController.get]
INFO : [27/Nov/2023 21:27:31 logger 7 11704 5020 package : apps.users.controller.getUserController --> position : GetAUser.get]
INFO : [27/Nov/2023 21:27:31 logger 7 11704 10704 package : apps.sections.controller.section_controller --> position : SectionController.get]
INFO : [27/Nov/2023 21:27:38 logger 7 11704 10704 package : apps.users.controller.getUserController --> position : GetAUser.get]
INFO : [27/Nov/2023 21:27:38 logger 7 11704 5020 package : apps.sections.controller.section_controller --> position : SectionController.get]
INFO : [27/Nov/2023 21:27:44 logger 7 11704 5020 package : apps.users.controller.getUserController --> position : GetAUser.get]
INFO : [27/Nov/2023 21:27:44 logger 7 11704 10704 package : apps.sections.controller.section_controller --> position : SectionController.get]
INFO : [27/Nov/2023 21:27:47 logger 7 11704 5020 package : apps.sections.controller.section_controller --> position : SectionController.get]
INFO : [27/Nov/2023 21:27:47 logger 7 11704 10704 package : apps.users.controller.getUserController --> position : GetAUser.get]
