INFO : [12/Nov/2023 08:51:41 logger 7 13588 9932 package : apps.auths.controller.login_controller --> position : Login.post]
INFO : [12/Nov/2023 08:51:48 logger 7 13588 9932 package : apps.users.controller.getAllSharesController --> position : GetAllSharesController.get]
INFO : [12/Nov/2023 08:56:37 logger 7 13044 12020 package : apps.users.controller.getAllSharesController --> position : GetAllSharesController.get]
ERROR : [12/Nov/2023 08:56:37 logger 10 13044 12020 package : apps.users.controller.getAllSharesController --> position : GetAllSharesController.get --> exception : no such column: from_user_meta.profile_pic_url]
INFO : [12/Nov/2023 08:57:48 logger 7 1296 11528 package : apps.users.controller.getAllSharesController --> position : GetAllSharesController.get]
ERROR : [12/Nov/2023 08:57:48 logger 10 1296 11528 package : apps.users.controller.getAllSharesController --> position : GetAllSharesController.get --> exception : no such column: from_user_meta.profile_pic_url]
INFO : [12/Nov/2023 08:57:50 logger 7 1296 11528 package : apps.users.controller.getAllSharesController --> position : GetAllSharesController.get]
ERROR : [12/Nov/2023 08:57:50 logger 10 1296 11528 package : apps.users.controller.getAllSharesController --> position : GetAllSharesController.get --> exception : no such column: from_user_meta.profile_pic_url]
INFO : [12/Nov/2023 08:58:23 logger 7 11040 11096 package : apps.users.controller.getAllSharesController --> position : GetAllSharesController.get]
ERROR : [12/Nov/2023 08:58:23 logger 10 11040 11096 package : apps.users.controller.getAllSharesController --> position : GetAllSharesController.get --> exception : no such column: from_user.profile_pic_url]
INFO : [12/Nov/2023 08:58:25 logger 7 11040 11096 package : apps.users.controller.getAllSharesController --> position : GetAllSharesController.get]
ERROR : [12/Nov/2023 08:58:25 logger 10 11040 11096 package : apps.users.controller.getAllSharesController --> position : GetAllSharesController.get --> exception : no such column: from_user.profile_pic_url]
INFO : [12/Nov/2023 08:59:34 logger 7 1832 5356 package : apps.users.controller.getAllSharesController --> position : GetAllSharesController.get]
INFO : [12/Nov/2023 09:00:36 logger 7 13432 304 package : apps.users.controller.getAllSharesController --> position : GetAllSharesController.get]
INFO : [12/Nov/2023 09:01:04 logger 7 2296 7020 package : apps.users.controller.getAllSharesController --> position : GetAllSharesController.get]
INFO : [12/Nov/2023 09:01:48 logger 7 6560 13540 package : apps.auths.controller.login_controller --> position : Login.post]
INFO : [12/Nov/2023 09:01:52 logger 7 6560 13540 package : apps.users.controller.getAllSharesController --> position : GetAllSharesController.get]
INFO : [12/Nov/2023 09:04:20 logger 7 3304 14288 package : apps.users.controller.getAllSharesController --> position : GetAllSharesController.get]
INFO : [12/Nov/2023 09:06:23 logger 7 3304 14288 package : apps.sharing.controller.sectionShareController --> position : SectionShareController.post]
INFO : [12/Nov/2023 09:07:37 logger 7 11252 8424 package : apps.users.controller.getAllSharesController --> position : GetAllSharesController.get]
INFO : [12/Nov/2023 09:19:27 logger 7 11188 6712 package : apps.auths.controller.login_controller --> position : Login.post]
INFO : [12/Nov/2023 09:19:31 logger 7 11188 6712 package : apps.users.controller.getAllSharesController --> position : GetAllSharesController.get]
INFO : [12/Nov/2023 09:20:14 logger 7 8900 13692 package : apps.users.controller.getAllSharesController --> position : GetAllSharesController.get]
INFO : [12/Nov/2023 09:26:59 logger 7 8516 13696 package : apps.users.controller.getAllSharesController --> position : GetAllSharesController.get]
INFO : [12/Nov/2023 09:27:23 logger 7 8516 13696 package : apps.auths.controller.login_controller --> position : Login.post]
INFO : [12/Nov/2023 09:27:28 logger 7 8516 13696 package : apps.users.controller.getAllSharesController --> position : GetAllSharesController.get]
INFO : [12/Nov/2023 09:28:04 logger 7 11800 13428 package : apps.users.controller.getAllSharesController --> position : GetAllSharesController.get]
INFO : [12/Nov/2023 09:38:41 logger 7 8584 10792 package : apps.auths.controller.login_controller --> position : Login.post]
INFO : [12/Nov/2023 09:38:44 logger 7 8584 10792 package : apps.users.controller.getAllSharesController --> position : GetAllSharesController.get]
INFO : [12/Nov/2023 09:39:54 logger 7 9004 9008 package : apps.users.controller.getAllSharesController --> position : GetAllSharesController.get]
INFO : [12/Nov/2023 09:41:11 logger 7 4136 13812 package : apps.auths.controller.login_controller --> position : Login.post]
INFO : [12/Nov/2023 09:41:15 logger 7 4136 13812 package : apps.users.controller.getAllSharesController --> position : GetAllSharesController.get]
INFO : [12/Nov/2023 09:42:30 logger 7 13076 7860 package : apps.users.controller.getAllSharesController --> position : GetAllSharesController.get]
INFO : [12/Nov/2023 09:42:42 logger 7 13076 7860 package : apps.auths.controller.login_controller --> position : Login.post]
INFO : [12/Nov/2023 09:44:19 logger 7 8260 10188 package : apps.users.controller.getAllSharesController --> position : GetAllSharesController.get]
INFO : [12/Nov/2023 09:47:37 logger 7 1612 9644 package : apps.users.controller.getAllSharesController --> position : GetAllSharesController.get]
INFO : [12/Nov/2023 10:59:34 logger 7 14100 13128 package : apps.auths.controller.login_controller --> position : Login.post]
INFO : [12/Nov/2023 10:59:39 logger 7 14100 13128 package : apps.users.controller.getAllSharesController --> position : GetAllSharesController.get]
INFO : [12/Nov/2023 12:07:25 logger 7 12732 10496 package : apps.auths.controller.login_controller --> position : Login.post]
INFO : [12/Nov/2023 12:19:23 logger 7 3960 12124 package : apps.auths.controller.login_controller --> position : Login.post]
INFO : [12/Nov/2023 12:19:27 logger 7 3960 12124 package : apps.users.controller.getAllSharesController --> position : GetAllSharesController.get]
INFO : [12/Nov/2023 12:21:25 logger 7 11288 5816 package : apps.users.controller.getAllSharesController --> position : GetAllSharesController.get]
ERROR : [12/Nov/2023 12:21:25 logger 10 11288 5816 package : apps.users.controller.getAllSharesController --> position : GetAllSharesController.get --> exception : near "On": syntax error]
INFO : [12/Nov/2023 12:21:38 logger 7 11700 2764 package : apps.users.controller.getAllSharesController --> position : GetAllSharesController.get]
INFO : [12/Nov/2023 12:33:39 logger 7 9156 6676 package : apps.auths.controller.login_controller --> position : Login.post]
INFO : [12/Nov/2023 12:33:43 logger 7 9156 6676 package : apps.users.controller.getAllSharesController --> position : GetAllSharesController.get]
INFO : [12/Nov/2023 12:35:46 logger 7 8044 6220 package : apps.users.controller.getAllSharesController --> position : GetAllSharesController.get]
INFO : [12/Nov/2023 12:55:08 logger 7 4392 9252 package : apps.auths.controller.login_controller --> position : Login.post]
INFO : [12/Nov/2023 12:55:43 logger 7 4392 9252 package : apps.users.controller.getAllSharesController --> position : GetAllSharesController.get]
INFO : [12/Nov/2023 12:59:10 logger 7 11548 11832 package : apps.users.controller.getAllSharesController --> position : GetAllSharesController.get]
INFO : [12/Nov/2023 13:01:46 logger 7 7504 12304 package : apps.users.controller.getAllSharesController --> position : GetAllSharesController.get]
INFO : [12/Nov/2023 13:20:14 logger 7 6480 7116 package : apps.auths.controller.login_controller --> position : Login.post]
INFO : [12/Nov/2023 13:20:18 logger 7 6480 7116 package : apps.users.controller.getAllSharesController --> position : GetAllSharesController.get]
INFO : [12/Nov/2023 13:23:47 logger 7 3652 9900 package : apps.users.controller.getAllSharesController --> position : GetAllSharesController.get]
INFO : [12/Nov/2023 13:24:28 logger 7 11292 1092 package : apps.users.controller.getAllSharesController --> position : GetAllSharesController.get]
INFO : [12/Nov/2023 13:26:52 logger 7 4756 11612 package : apps.users.controller.getAllSharesController --> position : GetAllSharesController.get]
INFO : [12/Nov/2023 13:27:18 logger 7 8152 14304 package : apps.users.controller.getAllSharesController --> position : GetAllSharesController.get]
INFO : [12/Nov/2023 13:27:59 logger 7 1792 2604 package : apps.users.controller.getAllSharesController --> position : GetAllSharesController.get]
INFO : [12/Nov/2023 13:28:45 logger 7 10604 11320 package : apps.users.controller.getAllSharesController --> position : GetAllSharesController.get]
