INFO : [26/Oct/2023 09:24:25 logger 7 7144 1144 package : apps.auths.controller.register_controller --> position : Register.post]
INFO : [26/Oct/2023 09:35:23 logger 7 6772 8100 package : apps.auths.controller.logout_controller --> position : Logout.post]
INFO : [26/Oct/2023 09:35:26 logger 7 6772 8100 package : apps.auths.controller.logout_controller --> position : Logout.post]
INFO : [26/Oct/2023 09:35:27 logger 7 6772 8100 package : apps.auths.controller.logout_controller --> position : Logout.post]
INFO : [26/Oct/2023 09:35:28 logger 7 6772 8100 package : apps.auths.controller.logout_controller --> position : Logout.post]
INFO : [26/Oct/2023 09:35:50 logger 7 6772 8100 package : apps.auths.controller.login_controller --> position : Login.post]
INFO : [26/Oct/2023 09:35:57 logger 7 6772 8100 package : apps.auths.controller.logout_controller --> position : Logout.post]
INFO : [26/Oct/2023 09:36:03 logger 7 6772 8100 package : apps.auths.controller.logout_controller --> position : Logout.post]
INFO : [26/Oct/2023 09:36:18 logger 7 6772 8100 package : apps.auths.controller.logout_controller --> position : Logout.post]
INFO : [26/Oct/2023 09:37:05 logger 7 7856 4948 package : apps.auths.controller.logout_controller --> position : Logout.post]
INFO : [26/Oct/2023 09:37:36 logger 7 13972 7128 package : apps.auths.controller.login_controller --> position : Login.post]
INFO : [26/Oct/2023 09:37:44 logger 7 13972 7128 package : apps.auths.controller.logout_controller --> position : Logout.post]
INFO : [26/Oct/2023 09:41:49 logger 7 11436 4108 package : apps.auths.controller.login_controller --> position : Login.post]
ERROR : [26/Oct/2023 09:41:49 logger 10 11436 4108 package : apps.auths.controller.login_controller --> position : Login.post --> exception : 2 validation errors for LoginMainDTO
username
  Field required [type=missing, input_value={}, input_type=dict]
    For further information visit https://errors.pydantic.dev/2.4/v/missing
password
  Field required [type=missing, input_value={}, input_type=dict]
    For further information visit https://errors.pydantic.dev/2.4/v/missing]
INFO : [26/Oct/2023 09:43:23 logger 7 11436 4108 package : apps.auths.controller.login_controller --> position : Login.post]
ERROR : [26/Oct/2023 09:43:23 logger 10 11436 4108 package : apps.auths.controller.login_controller --> position : Login.post --> exception : Unsupported media type "text/plain;charset=UTF-8" in request.]
INFO : [26/Oct/2023 09:51:54 logger 7 13388 6328 package : apps.auths.controller.login_controller --> position : Login.post]
ERROR : [26/Oct/2023 09:51:54 logger 10 13388 6328 package : apps.auths.controller.login_controller --> position : Login.post --> exception : Unsupported media type "text/plain;charset=UTF-8" in request.]
INFO : [26/Oct/2023 09:53:24 logger 7 1460 3392 package : apps.auths.controller.login_controller --> position : Login.post]
ERROR : [26/Oct/2023 09:53:24 logger 10 1460 3392 package : apps.auths.controller.login_controller --> position : Login.post --> exception : Unsupported media type "text/plain;charset=UTF-8" in request.]
INFO : [26/Oct/2023 09:54:17 logger 7 1460 3392 package : apps.auths.controller.login_controller --> position : Login.post]
ERROR : [26/Oct/2023 09:54:17 logger 10 1460 3392 package : apps.auths.controller.login_controller --> position : Login.post --> exception : Unsupported media type "text/plain;charset=UTF-8" in request.]
INFO : [26/Oct/2023 09:54:55 logger 7 1460 3392 package : apps.auths.controller.login_controller --> position : Login.post]
ERROR : [26/Oct/2023 09:54:55 logger 10 1460 3392 package : apps.auths.controller.login_controller --> position : Login.post --> exception : Unsupported media type "text/plain;charset=UTF-8" in request.]
INFO : [26/Oct/2023 09:55:03 logger 7 1460 3392 package : apps.auths.controller.login_controller --> position : Login.post]
ERROR : [26/Oct/2023 09:55:03 logger 10 1460 3392 package : apps.auths.controller.login_controller --> position : Login.post --> exception : Unsupported media type "text/plain;charset=UTF-8" in request.]
INFO : [26/Oct/2023 09:55:22 logger 7 1460 3392 package : apps.auths.controller.login_controller --> position : Login.post]
ERROR : [26/Oct/2023 09:55:22 logger 10 1460 3392 package : apps.auths.controller.login_controller --> position : Login.post --> exception : Unsupported media type "text/plain;charset=UTF-8" in request.]
INFO : [26/Oct/2023 09:55:57 logger 7 1460 3392 package : apps.auths.controller.login_controller --> position : Login.post]
ERROR : [26/Oct/2023 09:55:57 logger 10 1460 3392 package : apps.auths.controller.login_controller --> position : Login.post --> exception : Unsupported media type "text/plain;charset=UTF-8" in request.]
INFO : [26/Oct/2023 09:56:13 logger 7 1460 3392 package : apps.auths.controller.login_controller --> position : Login.post]
ERROR : [26/Oct/2023 09:56:13 logger 10 1460 3392 package : apps.auths.controller.login_controller --> position : Login.post --> exception : Unsupported media type "text/plain;charset=UTF-8" in request.]
INFO : [26/Oct/2023 09:58:35 logger 7 1460 3392 package : apps.auths.controller.login_controller --> position : Login.post]
ERROR : [26/Oct/2023 09:58:35 logger 10 1460 3392 package : apps.auths.controller.login_controller --> position : Login.post --> exception : Unsupported media type "text/plain;charset=UTF-8" in request.]
INFO : [26/Oct/2023 09:58:44 logger 7 1460 3392 package : apps.auths.controller.login_controller --> position : Login.post]
ERROR : [26/Oct/2023 09:58:44 logger 10 1460 3392 package : apps.auths.controller.login_controller --> position : Login.post --> exception : Unsupported media type "text/plain;charset=UTF-8" in request.]
INFO : [26/Oct/2023 09:59:03 logger 7 1460 3392 package : apps.auths.controller.login_controller --> position : Login.post]
ERROR : [26/Oct/2023 09:59:03 logger 10 1460 3392 package : apps.auths.controller.login_controller --> position : Login.post --> exception : Unsupported media type "text/plain;charset=UTF-8" in request.]
INFO : [26/Oct/2023 09:59:22 logger 7 1460 3392 package : apps.auths.controller.login_controller --> position : Login.post]
ERROR : [26/Oct/2023 09:59:22 logger 10 1460 3392 package : apps.auths.controller.login_controller --> position : Login.post --> exception : Unsupported media type "text/plain;charset=UTF-8" in request.]
INFO : [26/Oct/2023 09:59:33 logger 7 1460 14188 package : apps.auths.controller.login_controller --> position : Login.post]
INFO : [26/Oct/2023 09:59:50 logger 7 1460 3392 package : apps.auths.controller.login_controller --> position : Login.post]
ERROR : [26/Oct/2023 09:59:50 logger 10 1460 3392 package : apps.auths.controller.login_controller --> position : Login.post --> exception : Unsupported media type "text/plain;charset=UTF-8" in request.]
INFO : [26/Oct/2023 10:00:09 logger 7 1460 3392 package : apps.auths.controller.login_controller --> position : Login.post]
ERROR : [26/Oct/2023 10:00:09 logger 10 1460 3392 package : apps.auths.controller.login_controller --> position : Login.post --> exception : Unsupported media type "text/plain;charset=UTF-8" in request.]
INFO : [26/Oct/2023 10:00:42 logger 7 1460 3392 package : apps.auths.controller.login_controller --> position : Login.post]
ERROR : [26/Oct/2023 10:00:42 logger 10 1460 3392 package : apps.auths.controller.login_controller --> position : Login.post --> exception : Unsupported media type "text/plain;charset=UTF-8" in request.]
INFO : [26/Oct/2023 10:19:34 logger 7 1460 10168 package : apps.auths.controller.login_controller --> position : Login.post]
INFO : [26/Oct/2023 10:19:43 logger 7 1460 14188 package : apps.auths.controller.login_controller --> position : Login.post]
INFO : [26/Oct/2023 10:19:54 logger 7 1460 14188 package : apps.auths.controller.logout_controller --> position : Logout.post]
INFO : [26/Oct/2023 10:20:03 logger 7 1460 9140 package : apps.auths.controller.logout_controller --> position : Logout.post]
INFO : [26/Oct/2023 10:20:05 logger 7 1460 10400 package : apps.auths.controller.logout_controller --> position : Logout.post]
INFO : [26/Oct/2023 10:20:18 logger 7 1460 14272 package : apps.auths.controller.login_controller --> position : Login.post]
INFO : [26/Oct/2023 10:45:14 logger 7 7304 2072 package : apps.auths.controller.logout_controller --> position : Logout.post]
INFO : [26/Oct/2023 10:45:27 logger 7 7304 2072 package : apps.auths.controller.register_controller --> position : Register.post]
INFO : [26/Oct/2023 10:45:50 logger 7 7284 10548 package : apps.auths.controller.register_controller --> position : Register.post]
ERROR : [26/Oct/2023 10:45:50 logger 10 7284 10548 package : apps.auths.controller.register_controller --> position : Register.post --> exception : user already exists!]
INFO : [26/Oct/2023 10:46:25 logger 7 9780 8196 package : apps.auths.controller.register_controller --> position : Register.post]
INFO : [26/Oct/2023 10:50:30 logger 7 11288 6528 package : apps.auths.controller.register_controller --> position : Register.post]
ERROR : [26/Oct/2023 10:50:31 logger 10 11288 6528 package : apps.auths.controller.register_controller --> position : Register.post --> exception : __init__() missing 1 required positional argument: 'body']
INFO : [26/Oct/2023 10:51:30 logger 7 12248 8912 package : apps.auths.controller.register_controller --> position : Register.post]
ERROR : [26/Oct/2023 10:51:36 logger 10 12248 8912 package : apps.auths.controller.register_controller --> position : Register.post --> exception : (535, b'5.7.8 Username and Password not accepted. Learn more at\n5.7.8  https://support.google.com/mail/?p=BadCredentials h14-20020a170902f54e00b001c62e3e1286sm10116747plf.166 - gsmtp')]
INFO : [26/Oct/2023 10:53:47 logger 7 11924 8520 package : apps.auths.controller.register_controller --> position : Register.post]
INFO : [26/Oct/2023 11:00:29 logger 7 6264 10648 package : apps.auths.controller.register_controller --> position : Register.post]
ERROR : [26/Oct/2023 11:00:29 logger 10 6264 10648 package : apps.auths.controller.register_controller --> position : Register.post --> exception : user already exists!]
INFO : [26/Oct/2023 11:00:44 logger 7 6264 10648 package : apps.auths.controller.register_controller --> position : Register.post]
ERROR : [26/Oct/2023 11:00:45 logger 10 6264 10648 package : apps.auths.controller.register_controller --> position : Register.post --> exception : 'NoneType' object has no attribute 'send']
INFO : [26/Oct/2023 11:01:36 logger 7 13180 8428 package : apps.auths.controller.register_controller --> position : Register.post]
ERROR : [26/Oct/2023 11:01:37 logger 10 13180 8428 package : apps.auths.controller.register_controller --> position : Register.post --> exception : __init__() takes 4 positional arguments but 5 were given]
INFO : [26/Oct/2023 11:13:07 logger 7 7512 6220 package : apps.auths.controller.register_controller --> position : Register.post]
INFO : [26/Oct/2023 11:14:13 logger 7 7512 6220 package : apps.auths.controller.register_controller --> position : Register.post]
INFO : [26/Oct/2023 11:15:24 logger 7 10780 7672 package : apps.auths.controller.register_controller --> position : Register.post]
INFO : [26/Oct/2023 11:18:50 logger 7 6252 9292 package : apps.auths.controller.register_controller --> position : Register.post]
INFO : [26/Oct/2023 11:19:40 logger 7 9324 3824 package : apps.auths.controller.register_controller --> position : Register.post]
INFO : [26/Oct/2023 11:22:23 logger 7 12224 2076 package : apps.auths.controller.register_controller --> position : Register.post]
INFO : [26/Oct/2023 11:23:39 logger 7 11080 1788 package : apps.auths.controller.register_controller --> position : Register.post]
INFO : [26/Oct/2023 11:24:58 logger 7 12712 10520 package : apps.auths.controller.register_controller --> position : Register.post]
INFO : [26/Oct/2023 11:26:29 logger 7 7884 11644 package : apps.auths.controller.register_controller --> position : Register.post]
INFO : [26/Oct/2023 11:27:07 logger 7 8312 3724 package : apps.auths.controller.register_controller --> position : Register.post]
INFO : [26/Oct/2023 11:28:34 logger 7 11520 8224 package : apps.auths.controller.register_controller --> position : Register.post]
INFO : [26/Oct/2023 11:29:53 logger 7 9788 7376 package : apps.auths.controller.register_controller --> position : Register.post]
INFO : [26/Oct/2023 11:30:25 logger 7 9788 7376 package : apps.auths.controller.register_controller --> position : Register.post]
ERROR : [26/Oct/2023 11:30:25 logger 10 9788 7376 package : apps.auths.controller.register_controller --> position : Register.post --> exception : user already exists!]
INFO : [26/Oct/2023 11:30:41 logger 7 9788 7376 package : apps.auths.controller.register_controller --> position : Register.post]
INFO : [26/Oct/2023 11:35:38 logger 7 13944 9908 package : apps.auths.controller.register_controller --> position : Register.post]
INFO : [26/Oct/2023 11:58:43 logger 7 2492 12752 package : apps.auths.controller.register_controller --> position : Register.post]
ERROR : [26/Oct/2023 11:58:43 logger 10 2492 12752 package : apps.auths.controller.register_controller --> position : Register.post --> exception : no such table: auths_user]
INFO : [26/Oct/2023 11:59:49 logger 7 13836 7756 package : apps.auths.controller.register_controller --> position : Register.post]
INFO : [26/Oct/2023 12:20:22 logger 7 10976 11296 package : apps.auths.controller.register_controller --> position : Register.post]
INFO : [26/Oct/2023 12:26:28 logger 7 3392 7668 package : apps.auths.controller.register_controller --> position : Register.post]
ERROR : [26/Oct/2023 12:26:28 logger 10 3392 7668 package : apps.auths.controller.register_controller --> position : Register.post --> exception : FOREIGN KEY constraint failed]
INFO : [26/Oct/2023 12:26:57 logger 7 10028 6864 package : apps.auths.controller.register_controller --> position : Register.post]
ERROR : [26/Oct/2023 12:26:57 logger 10 10028 6864 package : apps.auths.controller.register_controller --> position : Register.post --> exception : fromisoformat: argument must be str]
INFO : [26/Oct/2023 12:27:26 logger 7 9560 8520 package : apps.auths.controller.register_controller --> position : Register.post]
ERROR : [26/Oct/2023 12:27:26 logger 10 9560 8520 package : apps.auths.controller.register_controller --> position : Register.post --> exception : fromisoformat: argument must be str]
INFO : [26/Oct/2023 12:27:37 logger 7 9560 8520 package : apps.auths.controller.register_controller --> position : Register.post]
ERROR : [26/Oct/2023 12:27:38 logger 10 9560 8520 package : apps.auths.controller.register_controller --> position : Register.post --> exception : fromisoformat: argument must be str]
INFO : [26/Oct/2023 12:27:51 logger 7 9560 8520 package : apps.auths.controller.register_controller --> position : Register.post]
ERROR : [26/Oct/2023 12:27:52 logger 10 9560 8520 package : apps.auths.controller.register_controller --> position : Register.post --> exception : fromisoformat: argument must be str]
INFO : [26/Oct/2023 12:28:11 logger 7 10852 3548 package : apps.auths.controller.register_controller --> position : Register.post]
ERROR : [26/Oct/2023 12:28:12 logger 10 10852 3548 package : apps.auths.controller.register_controller --> position : Register.post --> exception : fromisoformat: argument must be str]
INFO : [26/Oct/2023 13:01:01 logger 7 13032 9708 package : apps.auths.controller.register_controller --> position : Register.post]
INFO : [26/Oct/2023 13:24:59 logger 7 1972 5640 package : apps.auths.controller.register_controller --> position : Register.post]
ERROR : [26/Oct/2023 13:25:01 logger 10 1972 5640 package : apps.auths.controller.register_controller --> position : Register.post --> exception : 1]
INFO : [26/Oct/2023 13:25:46 logger 7 13264 7096 package : apps.auths.controller.register_controller --> position : Register.post]
ERROR : [26/Oct/2023 13:25:49 logger 10 13264 7096 package : apps.auths.controller.register_controller --> position : Register.post --> exception : 1]
INFO : [26/Oct/2023 13:31:46 logger 7 13056 9860 package : apps.auths.controller.register_controller --> position : Register.post]
ERROR : [26/Oct/2023 13:31:48 logger 10 13056 9860 package : apps.auths.controller.register_controller --> position : Register.post --> exception : module 'cloudinary' has no attribute 'api']
INFO : [26/Oct/2023 13:32:40 logger 7 1384 13112 package : apps.auths.controller.register_controller --> position : Register.post]
ERROR : [26/Oct/2023 13:32:43 logger 10 1384 13112 package : apps.auths.controller.register_controller --> position : Register.post --> exception : 1]
INFO : [26/Oct/2023 13:35:13 logger 7 1788 9656 package : apps.auths.controller.register_controller --> position : Register.post]
ERROR : [26/Oct/2023 13:35:15 logger 10 1788 9656 package : apps.auths.controller.register_controller --> position : Register.post --> exception : tuple indices must be integers or slices, not str]
INFO : [26/Oct/2023 13:36:39 logger 7 6928 8816 package : apps.auths.controller.register_controller --> position : Register.post]
INFO : [26/Oct/2023 14:06:09 logger 7 11988 8800 package : apps.auths.controller.register_controller --> position : Register.post]
ERROR : [26/Oct/2023 14:06:10 logger 10 11988 8800 package : apps.auths.controller.register_controller --> position : Register.post --> exception : 'NoneType' object is not subscriptable]
INFO : [26/Oct/2023 14:07:11 logger 7 8628 1860 package : apps.auths.controller.register_controller --> position : Register.post]
ERROR : [26/Oct/2023 14:07:13 logger 10 8628 1860 package : apps.auths.controller.register_controller --> position : Register.post --> exception : 'NoneType' object is not subscriptable]
INFO : [26/Oct/2023 14:07:51 logger 7 10872 8204 package : apps.auths.controller.register_controller --> position : Register.post]
ERROR : [26/Oct/2023 14:07:53 logger 10 10872 8204 package : apps.auths.controller.register_controller --> position : Register.post --> exception : 'NoneType' object is not subscriptable]
INFO : [26/Oct/2023 14:09:45 logger 7 12732 12904 package : apps.auths.controller.register_controller --> position : Register.post]
ERROR : [26/Oct/2023 14:09:45 logger 10 12732 12904 package : apps.auths.controller.register_controller --> position : Register.post --> exception : local variable '_upload' referenced before assignment]
INFO : [26/Oct/2023 14:10:53 logger 7 12732 12904 package : apps.auths.controller.register_controller --> position : Register.post]
ERROR : [26/Oct/2023 14:10:53 logger 10 12732 12904 package : apps.auths.controller.register_controller --> position : Register.post --> exception : local variable '_upload' referenced before assignment]
INFO : [26/Oct/2023 14:11:18 logger 7 3216 11988 package : apps.auths.controller.register_controller --> position : Register.post]
ERROR : [26/Oct/2023 14:11:20 logger 10 3216 11988 package : apps.auths.controller.register_controller --> position : Register.post --> exception : local variable '_upload' referenced before assignment]
INFO : [26/Oct/2023 14:14:10 logger 7 9440 8708 package : apps.auths.controller.register_controller --> position : Register.post]
INFO : [26/Oct/2023 14:15:14 logger 7 13100 12284 package : apps.auths.controller.register_controller --> position : Register.post]
ERROR : [26/Oct/2023 14:15:14 logger 10 13100 12284 package : apps.auths.controller.register_controller --> position : Register.post --> exception : user already exists!]
INFO : [26/Oct/2023 14:17:07 logger 7 9752 1704 package : apps.auths.controller.register_controller --> position : Register.post]
INFO : [26/Oct/2023 14:17:47 logger 7 8780 6484 package : apps.auths.controller.register_controller --> position : Register.post]
ERROR : [26/Oct/2023 14:17:49 logger 10 8780 6484 package : apps.auths.controller.register_controller --> position : Register.post --> exception : tuple indices must be integers or slices, not str]
INFO : [26/Oct/2023 14:18:11 logger 7 5744 10340 package : apps.auths.controller.register_controller --> position : Register.post]
ERROR : [26/Oct/2023 14:18:13 logger 10 5744 10340 package : apps.auths.controller.register_controller --> position : Register.post --> exception : tuple indices must be integers or slices, not str]
INFO : [26/Oct/2023 14:18:46 logger 7 3372 5008 package : apps.auths.controller.register_controller --> position : Register.post]
ERROR : [26/Oct/2023 14:18:48 logger 10 3372 5008 package : apps.auths.controller.register_controller --> position : Register.post --> exception : tuple indices must be integers or slices, not str]
INFO : [26/Oct/2023 14:19:16 logger 7 10068 13948 package : apps.auths.controller.register_controller --> position : Register.post]
ERROR : [26/Oct/2023 14:19:18 logger 10 10068 13948 package : apps.auths.controller.register_controller --> position : Register.post --> exception : tuple indices must be integers or slices, not str]
INFO : [26/Oct/2023 14:19:57 logger 7 12204 256 package : apps.auths.controller.register_controller --> position : Register.post]
