INFO : [30/Nov/2023 09:12:01 logger 7 13296 11072 package : apps.auths.controller.login_controller --> position : Login.post]
INFO : [30/Nov/2023 09:12:06 logger 7 13296 11072 package : apps.auths.controller.refreshToken_controller --> position : RefreshToken.post]
INFO : [30/Nov/2023 09:12:13 logger 7 13296 11072 package : apps.posts.controller.post_controller --> position : PostGetController.get]
INFO : [30/Nov/2023 09:13:39 logger 7 11644 1364 package : apps.posts.controller.post_controller --> position : PostGetController.get]
INFO : [30/Nov/2023 09:21:32 logger 7 11644 1820 package : apps.auths.controller.login_controller --> position : Login.post]
INFO : [30/Nov/2023 09:21:34 logger 7 11644 1820 package : apps.users.controller.getUserController --> position : GetAUser.get]
INFO : [30/Nov/2023 09:21:34 logger 7 11644 10984 package : apps.sections.controller.section_controller --> position : SectionController.get]
INFO : [30/Nov/2023 09:21:40 logger 7 11644 10984 package : apps.posts.controller.post_controller --> position : PostGetController.get]
INFO : [30/Nov/2023 09:21:44 logger 7 11644 10984 package : apps.users.controller.getUserController --> position : GetAUser.get]
INFO : [30/Nov/2023 09:21:44 logger 7 11644 1820 package : apps.posts.controller.post_controller --> position : PostGetController.get]
INFO : [30/Nov/2023 09:22:20 logger 7 11644 1820 package : apps.users.controller.getUserController --> position : GetAUser.get]
INFO : [30/Nov/2023 09:22:20 logger 7 11644 10984 package : apps.posts.controller.post_controller --> position : PostGetController.get]
INFO : [30/Nov/2023 09:23:12 logger 7 11644 10984 package : apps.users.controller.getUserController --> position : GetAUser.get]
INFO : [30/Nov/2023 09:23:12 logger 7 11644 1820 package : apps.posts.controller.post_controller --> position : PostGetController.get]
INFO : [30/Nov/2023 09:23:32 logger 7 11644 1820 package : apps.sections.controller.section_controller --> position : SectionController.get]
INFO : [30/Nov/2023 09:23:34 logger 7 11644 1820 package : apps.posts.controller.post_controller --> position : PostGetController.get]
INFO : [30/Nov/2023 09:23:36 logger 7 11644 1820 package : apps.sections.controller.section_controller --> position : SectionController.get]
INFO : [30/Nov/2023 09:24:22 logger 7 11644 1820 package : apps.posts.controller.post_controller --> position : PostGetController.get]
INFO : [30/Nov/2023 09:24:57 logger 7 11644 1820 package : apps.users.controller.getUserController --> position : GetAUser.get]
INFO : [30/Nov/2023 09:24:57 logger 7 11644 10984 package : apps.posts.controller.post_controller --> position : PostGetController.get]
INFO : [30/Nov/2023 09:26:14 logger 7 11644 10984 package : apps.users.controller.getUserController --> position : GetAUser.get]
INFO : [30/Nov/2023 09:26:14 logger 7 11644 1820 package : apps.posts.controller.post_controller --> position : PostGetController.get]
INFO : [30/Nov/2023 09:26:17 logger 7 11644 1820 package : apps.users.controller.getUserController --> position : GetAUser.get]
INFO : [30/Nov/2023 09:26:17 logger 7 11644 10984 package : apps.posts.controller.post_controller --> position : PostGetController.get]
INFO : [30/Nov/2023 09:26:27 logger 7 11644 10984 package : apps.posts.controller.post_controller --> position : PostGetController.get]
INFO : [30/Nov/2023 09:26:31 logger 7 11644 10984 package : apps.sections.controller.section_controller --> position : SectionController.get]
INFO : [30/Nov/2023 09:26:33 logger 7 11644 10984 package : apps.posts.controller.post_controller --> position : PostGetController.get]
INFO : [30/Nov/2023 09:27:44 logger 7 11644 10984 package : apps.users.controller.getUserController --> position : GetAUser.get]
INFO : [30/Nov/2023 09:27:45 logger 7 11644 1820 package : apps.posts.controller.post_controller --> position : PostGetController.get]
INFO : [30/Nov/2023 09:27:46 logger 7 11644 1820 package : apps.sections.controller.section_controller --> position : SectionController.get]
INFO : [30/Nov/2023 09:27:48 logger 7 11644 1820 package : apps.users.controller.getUserController --> position : GetAUser.get]
INFO : [30/Nov/2023 09:27:48 logger 7 11644 10984 package : apps.sections.controller.section_controller --> position : SectionController.get]
INFO : [30/Nov/2023 09:27:57 logger 7 11644 10984 package : apps.posts.controller.post_controller --> position : PostGetController.get]
INFO : [30/Nov/2023 09:29:32 logger 7 11644 10984 package : apps.posts.controller.post_controller --> position : PostGetController.get]
INFO : [30/Nov/2023 09:29:36 logger 7 11644 10984 package : apps.sections.controller.section_controller --> position : SectionController.get]
INFO : [30/Nov/2023 09:29:38 logger 7 11644 10984 package : apps.posts.controller.post_controller --> position : PostGetController.get]
INFO : [30/Nov/2023 09:29:41 logger 7 11644 10984 package : apps.sections.controller.section_controller --> position : SectionController.get]
INFO : [30/Nov/2023 09:29:43 logger 7 11644 10984 package : apps.posts.controller.post_controller --> position : PostGetController.get]
INFO : [30/Nov/2023 09:57:04 logger 7 11644 10384 package : apps.auths.controller.login_controller --> position : Login.post]
INFO : [30/Nov/2023 09:57:05 logger 7 11644 10384 package : apps.users.controller.getUserController --> position : GetAUser.get]
INFO : [30/Nov/2023 09:57:05 logger 7 11644 10436 package : apps.sections.controller.section_controller --> position : SectionController.get]
INFO : [30/Nov/2023 09:57:07 logger 7 11644 10436 package : apps.posts.controller.post_controller --> position : PostGetController.get]
INFO : [30/Nov/2023 10:00:15 logger 7 11644 10436 package : apps.users.controller.getUserController --> position : GetAUser.get]
INFO : [30/Nov/2023 10:00:15 logger 7 11644 10384 package : apps.posts.controller.post_controller --> position : PostGetController.get]
INFO : [30/Nov/2023 10:00:16 logger 7 11644 10384 package : apps.users.controller.getUserController --> position : GetAUser.get]
INFO : [30/Nov/2023 10:00:16 logger 7 11644 10436 package : apps.posts.controller.post_controller --> position : PostGetController.get]
INFO : [30/Nov/2023 10:00:21 logger 7 11644 10436 package : apps.users.controller.getUserController --> position : GetAUser.get]
INFO : [30/Nov/2023 10:00:21 logger 7 11644 10436 package : apps.posts.controller.post_controller --> position : PostGetController.get]
INFO : [30/Nov/2023 10:00:27 logger 7 11644 10436 package : apps.users.controller.getUserController --> position : GetAUser.get]
INFO : [30/Nov/2023 10:00:27 logger 7 11644 10384 package : apps.posts.controller.post_controller --> position : PostGetController.get]
INFO : [30/Nov/2023 10:00:52 logger 7 11644 10384 package : apps.sections.controller.section_controller --> position : SectionController.get]
INFO : [30/Nov/2023 10:00:54 logger 7 11644 10384 package : apps.users.controller.getUserController --> position : GetAUser.get]
INFO : [30/Nov/2023 10:00:54 logger 7 11644 10436 package : apps.sections.controller.section_controller --> position : SectionController.get]
INFO : [30/Nov/2023 10:00:56 logger 7 11644 10436 package : apps.posts.controller.post_controller --> position : PostGetController.get]
INFO : [30/Nov/2023 10:01:37 logger 7 11644 10436 package : apps.users.controller.getUserController --> position : GetAUser.get]
INFO : [30/Nov/2023 10:01:37 logger 7 11644 10384 package : apps.sections.controller.section_controller --> position : SectionController.get]
INFO : [30/Nov/2023 10:01:39 logger 7 11644 10384 package : apps.users.controller.getUserController --> position : GetAUser.get]
INFO : [30/Nov/2023 10:01:39 logger 7 11644 10436 package : apps.sections.controller.section_controller --> position : SectionController.get]
INFO : [30/Nov/2023 10:01:40 logger 7 11644 10436 package : apps.posts.controller.post_controller --> position : PostGetController.get]
INFO : [30/Nov/2023 10:03:59 logger 7 11644 10436 package : apps.users.controller.getUserController --> position : GetAUser.get]
INFO : [30/Nov/2023 10:03:59 logger 7 11644 10436 package : apps.posts.controller.post_controller --> position : PostGetController.get]
INFO : [30/Nov/2023 10:04:03 logger 7 11644 10436 package : apps.sections.controller.section_controller --> position : SectionController.get]
INFO : [30/Nov/2023 10:04:05 logger 7 11644 10436 package : apps.users.controller.getUserController --> position : GetAUser.get]
INFO : [30/Nov/2023 10:04:05 logger 7 11644 10384 package : apps.sections.controller.section_controller --> position : SectionController.get]
INFO : [30/Nov/2023 10:04:08 logger 7 11644 10384 package : apps.posts.controller.post_controller --> position : PostGetController.get]
INFO : [30/Nov/2023 10:05:06 logger 7 11644 10384 package : apps.users.controller.getUserController --> position : GetAUser.get]
INFO : [30/Nov/2023 10:05:06 logger 7 11644 10384 package : apps.posts.controller.post_controller --> position : PostGetController.get]
INFO : [30/Nov/2023 10:05:09 logger 7 11644 10384 package : apps.sections.controller.section_controller --> position : SectionController.get]
INFO : [30/Nov/2023 10:05:11 logger 7 11644 10384 package : apps.posts.controller.post_controller --> position : PostGetController.get]
INFO : [30/Nov/2023 10:09:13 logger 7 11644 7780 package : apps.auths.controller.refreshToken_controller --> position : RefreshToken.post]
INFO : [30/Nov/2023 10:09:13 logger 7 11644 9860 package : apps.users.controller.getUserController --> position : GetAUser.get]
INFO : [30/Nov/2023 10:09:13 logger 7 11644 11916 package : apps.sections.controller.section_controller --> position : SectionController.get]
INFO : [30/Nov/2023 10:09:15 logger 7 11644 11916 package : apps.users.controller.getUserController --> position : GetAUser.get]
INFO : [30/Nov/2023 10:09:15 logger 7 11644 9860 package : apps.sections.controller.section_controller --> position : SectionController.get]
INFO : [30/Nov/2023 10:09:16 logger 7 11644 9860 package : apps.posts.controller.post_controller --> position : PostGetController.get]
INFO : [30/Nov/2023 10:14:27 logger 7 11644 11976 package : apps.sections.controller.section_controller --> position : SectionController.get]
INFO : [30/Nov/2023 10:14:30 logger 7 11644 11976 package : apps.users.controller.getUserController --> position : GetAUser.get]
INFO : [30/Nov/2023 10:14:30 logger 7 11644 4364 package : apps.sections.controller.section_controller --> position : SectionController.get]
INFO : [30/Nov/2023 10:14:33 logger 7 11644 4364 package : apps.posts.controller.post_controller --> position : PostGetController.get]
INFO : [30/Nov/2023 10:24:20 logger 7 11644 3788 package : apps.auths.controller.refreshToken_controller --> position : RefreshToken.post]
INFO : [30/Nov/2023 10:24:20 logger 7 11644 3788 package : apps.users.controller.getUserController --> position : GetAUser.get]
INFO : [30/Nov/2023 10:24:20 logger 7 11644 7764 package : apps.posts.controller.post_controller --> position : PostGetController.get]
INFO : [30/Nov/2023 10:24:22 logger 7 11644 3788 package : apps.users.controller.getUserController --> position : GetAUser.get]
INFO : [30/Nov/2023 10:24:22 logger 7 11644 7224 package : apps.sections.controller.section_controller --> position : SectionController.get]
INFO : [30/Nov/2023 10:24:24 logger 7 11644 7224 package : apps.posts.controller.post_controller --> position : PostGetController.get]
INFO : [30/Nov/2023 10:25:08 logger 7 11644 7224 package : apps.users.controller.getUserController --> position : GetAUser.get]
INFO : [30/Nov/2023 10:25:08 logger 7 11644 7224 package : apps.posts.controller.post_controller --> position : PostGetController.get]
INFO : [30/Nov/2023 10:25:09 logger 7 11644 7224 package : apps.sections.controller.section_controller --> position : SectionController.get]
INFO : [30/Nov/2023 10:25:10 logger 7 11644 7224 package : apps.posts.controller.post_controller --> position : PostGetController.get]
INFO : [30/Nov/2023 10:40:21 logger 7 11644 1096 package : apps.auths.controller.refreshToken_controller --> position : RefreshToken.post]
INFO : [30/Nov/2023 10:40:21 logger 7 11644 9304 package : apps.users.controller.getUserController --> position : GetAUser.get]
INFO : [30/Nov/2023 10:40:21 logger 7 11644 3400 package : apps.posts.controller.post_controller --> position : PostGetController.get]
INFO : [30/Nov/2023 10:40:23 logger 7 11644 9304 package : apps.users.controller.getUserController --> position : GetAUser.get]
INFO : [30/Nov/2023 10:40:23 logger 7 11644 1096 package : apps.sections.controller.section_controller --> position : SectionController.get]
INFO : [30/Nov/2023 10:40:28 logger 7 11644 1096 package : apps.posts.controller.post_controller --> position : PostGetController.get]
INFO : [30/Nov/2023 10:40:32 logger 7 11644 1096 package : apps.users.controller.getUserController --> position : GetAUser.get]
INFO : [30/Nov/2023 10:40:32 logger 7 11644 1096 package : apps.posts.controller.post_controller --> position : PostGetController.get]
INFO : [30/Nov/2023 10:40:39 logger 7 11644 1096 package : apps.users.controller.getUserController --> position : GetAUser.get]
INFO : [30/Nov/2023 10:40:39 logger 7 11644 1096 package : apps.posts.controller.post_controller --> position : PostGetController.get]
INFO : [30/Nov/2023 10:43:45 logger 7 11644 1096 package : apps.users.controller.getUserController --> position : GetAUser.get]
INFO : [30/Nov/2023 10:43:45 logger 7 11644 1096 package : apps.posts.controller.post_controller --> position : PostGetController.get]
INFO : [30/Nov/2023 10:44:28 logger 7 11644 1096 package : apps.posts.controller.post_controller --> position : PostGetController.get]
INFO : [30/Nov/2023 10:44:45 logger 7 11644 1096 package : apps.users.controller.getUserController --> position : GetAUser.get]
INFO : [30/Nov/2023 10:44:45 logger 7 11644 9304 package : apps.posts.controller.post_controller --> position : PostGetController.get]
INFO : [30/Nov/2023 10:44:47 logger 7 11644 9304 package : apps.sections.controller.section_controller --> position : SectionController.get]
INFO : [30/Nov/2023 10:44:47 logger 7 11644 9304 package : apps.posts.controller.post_controller --> position : PostGetController.get]
INFO : [30/Nov/2023 10:45:08 logger 7 11644 9304 package : apps.posts.controller.post_controller --> position : PostGetController.get]
INFO : [30/Nov/2023 10:45:13 logger 7 11644 9304 package : apps.users.controller.getUserController --> position : GetAUser.get]
INFO : [30/Nov/2023 10:45:13 logger 7 11644 9304 package : apps.posts.controller.post_controller --> position : PostGetController.get]
INFO : [30/Nov/2023 18:36:21 logger 7 4924 3500 package : apps.auths.controller.login_controller --> position : Login.post]
INFO : [30/Nov/2023 18:36:23 logger 7 4924 3500 package : apps.users.controller.getUserController --> position : GetAUser.get]
INFO : [30/Nov/2023 18:36:23 logger 7 4924 11484 package : apps.sections.controller.section_controller --> position : SectionController.get]
INFO : [30/Nov/2023 18:36:25 logger 7 4924 11484 package : apps.posts.controller.post_controller --> position : PostGetController.get]
INFO : [30/Nov/2023 18:40:15 logger 7 4924 11484 package : apps.posts.controller.post_controller --> position : PostController.post]
INFO : [30/Nov/2023 18:41:12 logger 7 4924 11484 package : apps.users.controller.getUserController --> position : GetAUser.get]
INFO : [30/Nov/2023 18:41:12 logger 7 4924 3500 package : apps.posts.controller.post_controller --> position : PostGetController.get]
INFO : [30/Nov/2023 18:43:26 logger 7 4924 3500 package : apps.posts.controller.post_controller --> position : PostGetController.get]
INFO : [30/Nov/2023 18:43:32 logger 7 4924 3500 package : apps.users.controller.getUserController --> position : GetAUser.get]
INFO : [30/Nov/2023 18:43:32 logger 7 4924 3500 package : apps.posts.controller.post_controller --> position : PostGetController.get]
INFO : [30/Nov/2023 18:44:33 logger 7 4924 3500 package : apps.posts.controller.post_controller --> position : PostGetController.get]
INFO : [30/Nov/2023 18:44:37 logger 7 4924 3500 package : apps.users.controller.getUserController --> position : GetAUser.get]
INFO : [30/Nov/2023 18:44:37 logger 7 4924 11484 package : apps.posts.controller.post_controller --> position : PostGetController.get]
INFO : [30/Nov/2023 18:45:44 logger 7 4924 11484 package : apps.users.controller.getUserController --> position : GetAUser.get]
INFO : [30/Nov/2023 18:45:44 logger 7 4924 11484 package : apps.posts.controller.post_controller --> position : PostGetController.get]
INFO : [30/Nov/2023 18:45:55 logger 7 4924 11484 package : apps.sections.controller.section_controller --> position : SectionController.get]
INFO : [30/Nov/2023 18:45:56 logger 7 4924 11484 package : apps.posts.controller.post_controller --> position : PostGetController.get]
INFO : [30/Nov/2023 18:46:25 logger 7 4924 11484 package : apps.posts.controller.post_controller --> position : PostController.post]
ERROR : [30/Nov/2023 18:46:25 logger 10 4924 11484 package : apps.posts.controller.post_controller --> position : PostController.post --> exception : 2 validation errors for AddPostDTO
about
  ensure this value has at least 1 characters (type=value_error.any_str.min_length; limit_value=1)
notes
  ensure this value has at least 1 characters (type=value_error.any_str.min_length; limit_value=1)]
INFO : [30/Nov/2023 18:46:48 logger 7 4924 11484 package : apps.posts.controller.post_controller --> position : PostController.post]
ERROR : [30/Nov/2023 18:46:48 logger 10 4924 11484 package : apps.posts.controller.post_controller --> position : PostController.post --> exception : 1 validation error for AddPostDTO
notes
  ensure this value has at least 1 characters (type=value_error.any_str.min_length; limit_value=1)]
INFO : [30/Nov/2023 18:46:56 logger 7 4924 11484 package : apps.posts.controller.post_controller --> position : PostController.post]
INFO : [30/Nov/2023 18:46:58 logger 7 4924 11484 package : apps.users.controller.getUserController --> position : GetAUser.get]
INFO : [30/Nov/2023 18:46:58 logger 7 4924 3500 package : apps.sections.controller.section_controller --> position : SectionController.get]
INFO : [30/Nov/2023 18:47:03 logger 7 4924 3500 package : apps.posts.controller.post_controller --> position : PostGetController.get]
INFO : [30/Nov/2023 18:48:14 logger 7 4924 3500 package : apps.posts.controller.post_controller --> position : PostController.post]
INFO : [30/Nov/2023 18:49:38 logger 7 4924 3500 package : apps.posts.controller.post_controller --> position : PostController.post]
ERROR : [30/Nov/2023 18:49:38 logger 10 4924 3500 package : apps.posts.controller.post_controller --> position : PostController.post --> exception : already same title exists..]
INFO : [30/Nov/2023 18:50:49 logger 7 4924 3500 package : apps.users.controller.getUserController --> position : GetAUser.get]
INFO : [30/Nov/2023 18:50:49 logger 7 4924 3500 package : apps.posts.controller.post_controller --> position : PostGetController.get]
INFO : [30/Nov/2023 18:50:55 logger 7 4924 3500 package : apps.users.controller.getUserController --> position : GetAUser.get]
INFO : [30/Nov/2023 18:50:55 logger 7 4924 3500 package : apps.posts.controller.post_controller --> position : PostGetController.get]
INFO : [30/Nov/2023 18:50:57 logger 7 4924 3500 package : apps.sections.controller.section_controller --> position : SectionController.get]
INFO : [30/Nov/2023 18:50:58 logger 7 4924 3500 package : apps.posts.controller.post_controller --> position : PostGetController.get]
INFO : [30/Nov/2023 18:51:01 logger 7 4924 3500 package : apps.posts.controller.post_controller --> position : PostController.post]
ERROR : [30/Nov/2023 18:51:01 logger 10 4924 3500 package : apps.posts.controller.post_controller --> position : PostController.post --> exception : 3 validation errors for AddPostDTO
title
  ensure this value has at least 1 characters (type=value_error.any_str.min_length; limit_value=1)
about
  ensure this value has at least 1 characters (type=value_error.any_str.min_length; limit_value=1)
notes
  ensure this value has at least 1 characters (type=value_error.any_str.min_length; limit_value=1)]
INFO : [30/Nov/2023 18:51:32 logger 7 4924 3500 package : apps.users.controller.getUserController --> position : GetAUser.get]
INFO : [30/Nov/2023 18:51:32 logger 7 4924 11484 package : apps.posts.controller.post_controller --> position : PostGetController.get]
INFO : [30/Nov/2023 18:51:37 logger 7 4924 11484 package : apps.users.controller.getUserController --> position : GetAUser.get]
INFO : [30/Nov/2023 18:51:37 logger 7 4924 11484 package : apps.posts.controller.post_controller --> position : PostGetController.get]
INFO : [30/Nov/2023 18:51:43 logger 7 4924 11484 package : apps.users.controller.getUserController --> position : GetAUser.get]
INFO : [30/Nov/2023 18:51:43 logger 7 4924 11484 package : apps.posts.controller.post_controller --> position : PostGetController.get]
INFO : [30/Nov/2023 18:51:46 logger 7 4924 11484 package : apps.sections.controller.section_controller --> position : SectionController.get]
INFO : [30/Nov/2023 18:51:51 logger 7 4924 11484 package : apps.posts.controller.post_controller --> position : PostGetController.get]
INFO : [30/Nov/2023 18:51:55 logger 7 4924 11484 package : apps.posts.controller.post_controller --> position : PostController.post]
ERROR : [30/Nov/2023 18:51:55 logger 10 4924 11484 package : apps.posts.controller.post_controller --> position : PostController.post --> exception : 3 validation errors for AddPostDTO
title
  ensure this value has at least 1 characters (type=value_error.any_str.min_length; limit_value=1)
about
  ensure this value has at least 1 characters (type=value_error.any_str.min_length; limit_value=1)
notes
  ensure this value has at least 1 characters (type=value_error.any_str.min_length; limit_value=1)]
INFO : [30/Nov/2023 18:52:19 logger 7 4924 11484 package : apps.users.controller.getUserController --> position : GetAUser.get]
INFO : [30/Nov/2023 18:52:19 logger 7 4924 11484 package : apps.posts.controller.post_controller --> position : PostGetController.get]
INFO : [30/Nov/2023 18:52:21 logger 7 4924 11484 package : apps.sections.controller.section_controller --> position : SectionController.get]
INFO : [30/Nov/2023 18:52:23 logger 7 4924 11484 package : apps.posts.controller.post_controller --> position : PostGetController.get]
INFO : [30/Nov/2023 18:52:30 logger 7 4924 11484 package : apps.posts.controller.post_controller --> position : PostController.post]
ERROR : [30/Nov/2023 18:52:30 logger 10 4924 11484 package : apps.posts.controller.post_controller --> position : PostController.post --> exception : 3 validation errors for AddPostDTO
title
  ensure this value has at least 1 characters (type=value_error.any_str.min_length; limit_value=1)
about
  ensure this value has at least 1 characters (type=value_error.any_str.min_length; limit_value=1)
notes
  ensure this value has at least 1 characters (type=value_error.any_str.min_length; limit_value=1)]
INFO : [30/Nov/2023 18:53:47 logger 7 4924 11484 package : apps.users.controller.getUserController --> position : GetAUser.get]
INFO : [30/Nov/2023 18:53:47 logger 7 4924 11484 package : apps.posts.controller.post_controller --> position : PostGetController.get]
INFO : [30/Nov/2023 18:53:58 logger 7 4924 11484 package : apps.users.controller.getUserController --> position : GetAUser.get]
INFO : [30/Nov/2023 18:53:58 logger 7 4924 11484 package : apps.posts.controller.post_controller --> position : PostGetController.get]
INFO : [30/Nov/2023 18:54:02 logger 7 4924 11484 package : apps.sections.controller.section_controller --> position : SectionController.get]
INFO : [30/Nov/2023 18:54:08 logger 7 4924 11484 package : apps.posts.controller.post_controller --> position : PostGetController.get]
INFO : [30/Nov/2023 18:54:12 logger 7 4924 11484 package : apps.posts.controller.post_controller --> position : PostController.post]
ERROR : [30/Nov/2023 18:54:12 logger 10 4924 11484 package : apps.posts.controller.post_controller --> position : PostController.post --> exception : 3 validation errors for AddPostDTO
title
  ensure this value has at least 1 characters (type=value_error.any_str.min_length; limit_value=1)
about
  ensure this value has at least 1 characters (type=value_error.any_str.min_length; limit_value=1)
notes
  ensure this value has at least 1 characters (type=value_error.any_str.min_length; limit_value=1)]
INFO : [30/Nov/2023 18:55:50 logger 7 4924 11484 package : apps.users.controller.getUserController --> position : GetAUser.get]
INFO : [30/Nov/2023 18:55:50 logger 7 4924 3500 package : apps.posts.controller.post_controller --> position : PostGetController.get]
INFO : [30/Nov/2023 18:55:54 logger 7 4924 3500 package : apps.users.controller.getUserController --> position : GetAUser.get]
INFO : [30/Nov/2023 18:55:54 logger 7 4924 3500 package : apps.posts.controller.post_controller --> position : PostGetController.get]
INFO : [30/Nov/2023 18:55:55 logger 7 4924 3500 package : apps.sections.controller.section_controller --> position : SectionController.get]
INFO : [30/Nov/2023 18:55:59 logger 7 4924 3500 package : apps.sections.controller.section_controller --> position : SectionController.post]
ERROR : [30/Nov/2023 18:55:59 logger 10 4924 3500 package : apps.sections.controller.section_controller --> position : SectionController.post --> exception : 1 validation error for AddSectionDTO
section_name
  ensure this value has at least 1 characters (type=value_error.any_str.min_length; limit_value=1)]
INFO : [30/Nov/2023 18:56:46 logger 7 4924 3500 package : apps.users.controller.getUserController --> position : GetAUser.get]
INFO : [30/Nov/2023 18:56:46 logger 7 4924 11484 package : apps.sections.controller.section_controller --> position : SectionController.get]
INFO : [30/Nov/2023 18:56:50 logger 7 4924 11484 package : apps.users.controller.getUserController --> position : GetAUser.get]
INFO : [30/Nov/2023 18:56:50 logger 7 4924 3500 package : apps.sections.controller.section_controller --> position : SectionController.get]
INFO : [30/Nov/2023 18:56:51 logger 7 4924 3500 package : apps.posts.controller.post_controller --> position : PostGetController.get]
INFO : [30/Nov/2023 18:57:20 logger 7 4924 3500 package : apps.auths.controller.refreshToken_controller --> position : RefreshToken.post]
INFO : [30/Nov/2023 18:57:20 logger 7 4924 3500 package : apps.users.controller.getUserController --> position : GetAUser.get]
INFO : [30/Nov/2023 18:57:20 logger 7 4924 11484 package : apps.posts.controller.post_controller --> position : PostGetController.get]
INFO : [30/Nov/2023 18:57:22 logger 7 4924 11484 package : apps.users.controller.getUserController --> position : GetAUser.get]
INFO : [30/Nov/2023 18:57:22 logger 7 4924 3500 package : apps.sections.controller.section_controller --> position : SectionController.get]
INFO : [30/Nov/2023 18:57:26 logger 7 4924 3500 package : apps.posts.controller.post_controller --> position : PostGetController.get]
INFO : [30/Nov/2023 18:57:29 logger 7 4924 3500 package : apps.posts.controller.post_controller --> position : PostController.post]
ERROR : [30/Nov/2023 18:57:29 logger 10 4924 3500 package : apps.posts.controller.post_controller --> position : PostController.post --> exception : 3 validation errors for AddPostDTO
title
  ensure this value has at least 1 characters (type=value_error.any_str.min_length; limit_value=1)
about
  ensure this value has at least 1 characters (type=value_error.any_str.min_length; limit_value=1)
notes
  ensure this value has at least 1 characters (type=value_error.any_str.min_length; limit_value=1)]
INFO : [30/Nov/2023 18:57:31 logger 7 4924 3500 package : apps.posts.controller.post_controller --> position : PostController.post]
ERROR : [30/Nov/2023 18:57:31 logger 10 4924 3500 package : apps.posts.controller.post_controller --> position : PostController.post --> exception : 3 validation errors for AddPostDTO
title
  ensure this value has at least 1 characters (type=value_error.any_str.min_length; limit_value=1)
about
  ensure this value has at least 1 characters (type=value_error.any_str.min_length; limit_value=1)
notes
  ensure this value has at least 1 characters (type=value_error.any_str.min_length; limit_value=1)]
INFO : [30/Nov/2023 18:57:50 logger 7 4924 3500 package : apps.users.controller.getUserController --> position : GetAUser.get]
INFO : [30/Nov/2023 18:57:50 logger 7 4924 3500 package : apps.posts.controller.post_controller --> position : PostGetController.get]
INFO : [30/Nov/2023 18:57:56 logger 7 4924 3500 package : apps.users.controller.getUserController --> position : GetAUser.get]
INFO : [30/Nov/2023 18:57:56 logger 7 4924 3500 package : apps.posts.controller.post_controller --> position : PostGetController.get]
INFO : [30/Nov/2023 18:58:00 logger 7 4924 3500 package : apps.sections.controller.section_controller --> position : SectionController.get]
INFO : [30/Nov/2023 18:58:03 logger 7 4924 3500 package : apps.posts.controller.post_controller --> position : PostGetController.get]
INFO : [30/Nov/2023 18:58:06 logger 7 4924 3500 package : apps.posts.controller.post_controller --> position : PostController.post]
ERROR : [30/Nov/2023 18:58:06 logger 10 4924 3500 package : apps.posts.controller.post_controller --> position : PostController.post --> exception : 3 validation errors for AddPostDTO
title
  ensure this value has at least 1 characters (type=value_error.any_str.min_length; limit_value=1)
about
  ensure this value has at least 1 characters (type=value_error.any_str.min_length; limit_value=1)
notes
  ensure this value has at least 1 characters (type=value_error.any_str.min_length; limit_value=1)]
INFO : [30/Nov/2023 18:58:08 logger 7 4924 3500 package : apps.posts.controller.post_controller --> position : PostController.post]
ERROR : [30/Nov/2023 18:58:08 logger 10 4924 3500 package : apps.posts.controller.post_controller --> position : PostController.post --> exception : 3 validation errors for AddPostDTO
title
  ensure this value has at least 1 characters (type=value_error.any_str.min_length; limit_value=1)
about
  ensure this value has at least 1 characters (type=value_error.any_str.min_length; limit_value=1)
notes
  ensure this value has at least 1 characters (type=value_error.any_str.min_length; limit_value=1)]
INFO : [30/Nov/2023 18:58:26 logger 7 4924 3500 package : apps.posts.controller.post_controller --> position : PostController.post]
INFO : [30/Nov/2023 18:58:34 logger 7 4924 3500 package : apps.posts.controller.post_controller --> position : PostController.post]
ERROR : [30/Nov/2023 18:58:34 logger 10 4924 3500 package : apps.posts.controller.post_controller --> position : PostController.post --> exception : already same title exists..]
INFO : [30/Nov/2023 18:58:37 logger 7 4924 3500 package : apps.posts.controller.post_controller --> position : PostController.post]
ERROR : [30/Nov/2023 18:58:37 logger 10 4924 3500 package : apps.posts.controller.post_controller --> position : PostController.post --> exception : already same title exists..]
INFO : [30/Nov/2023 18:58:40 logger 7 4924 3500 package : apps.posts.controller.post_controller --> position : PostController.post]
ERROR : [30/Nov/2023 18:58:40 logger 10 4924 3500 package : apps.posts.controller.post_controller --> position : PostController.post --> exception : already same title exists..]
INFO : [30/Nov/2023 18:58:42 logger 7 4924 3500 package : apps.posts.controller.post_controller --> position : PostController.post]
ERROR : [30/Nov/2023 18:58:42 logger 10 4924 3500 package : apps.posts.controller.post_controller --> position : PostController.post --> exception : already same title exists..]
INFO : [30/Nov/2023 18:58:45 logger 7 4924 3500 package : apps.posts.controller.post_controller --> position : PostController.post]
ERROR : [30/Nov/2023 18:58:45 logger 10 4924 3500 package : apps.posts.controller.post_controller --> position : PostController.post --> exception : already same title exists..]
INFO : [30/Nov/2023 18:59:43 logger 7 4924 3500 package : apps.posts.controller.post_controller --> position : PostController.post]
ERROR : [30/Nov/2023 18:59:43 logger 10 4924 3500 package : apps.posts.controller.post_controller --> position : PostController.post --> exception : already same title exists..]
INFO : [30/Nov/2023 18:59:53 logger 7 4924 3500 package : apps.posts.controller.post_controller --> position : PostController.post]
INFO : [30/Nov/2023 19:00:01 logger 7 4924 3500 package : apps.users.controller.getUserController --> position : GetAUser.get]
INFO : [30/Nov/2023 19:00:01 logger 7 4924 3500 package : apps.posts.controller.post_controller --> position : PostGetController.get]
INFO : [30/Nov/2023 19:00:07 logger 7 4924 3500 package : apps.users.controller.getUserController --> position : GetAUser.get]
INFO : [30/Nov/2023 19:00:07 logger 7 4924 3500 package : apps.posts.controller.post_controller --> position : PostGetController.get]
INFO : [30/Nov/2023 19:00:09 logger 7 4924 3500 package : apps.sections.controller.section_controller --> position : SectionController.get]
INFO : [30/Nov/2023 19:00:16 logger 7 4924 3500 package : apps.posts.controller.post_controller --> position : PostGetController.get]
INFO : [30/Nov/2023 19:00:27 logger 7 4924 3500 package : apps.users.controller.getUserController --> position : GetAUser.get]
INFO : [30/Nov/2023 19:00:27 logger 7 4924 3500 package : apps.posts.controller.post_controller --> position : PostGetController.get]
INFO : [30/Nov/2023 19:00:30 logger 7 4924 3500 package : apps.sections.controller.section_controller --> position : SectionController.get]
INFO : [30/Nov/2023 19:00:33 logger 7 4924 3500 package : apps.users.controller.getUserController --> position : GetAUser.get]
INFO : [30/Nov/2023 19:00:33 logger 7 4924 11484 package : apps.sections.controller.section_controller --> position : SectionController.get]
INFO : [30/Nov/2023 19:00:40 logger 7 4924 11484 package : apps.users.controller.getUserController --> position : GetAUser.get]
INFO : [30/Nov/2023 19:00:40 logger 7 4924 3500 package : apps.sections.controller.section_controller --> position : SectionController.get]
INFO : [30/Nov/2023 19:00:46 logger 7 4924 3500 package : apps.posts.controller.post_controller --> position : PostGetController.get]
INFO : [30/Nov/2023 19:00:51 logger 7 4924 3500 package : apps.users.controller.getUserController --> position : GetAUser.get]
INFO : [30/Nov/2023 19:00:51 logger 7 4924 11484 package : apps.posts.controller.post_controller --> position : PostGetController.get]
INFO : [30/Nov/2023 19:03:41 logger 7 4924 11484 package : apps.sections.controller.section_controller --> position : SectionController.get]
INFO : [30/Nov/2023 19:03:42 logger 7 4924 11484 package : apps.posts.controller.post_controller --> position : PostGetController.get]
INFO : [30/Nov/2023 19:04:07 logger 7 4924 11484 package : apps.posts.controller.post_controller --> position : PostController.post]
INFO : [30/Nov/2023 19:04:16 logger 7 4924 11484 package : apps.sections.controller.section_controller --> position : SectionController.get]
INFO : [30/Nov/2023 19:04:17 logger 7 4924 11484 package : apps.posts.controller.post_controller --> position : PostGetController.get]
INFO : [30/Nov/2023 19:07:57 logger 7 4924 2904 package : apps.auths.controller.refreshToken_controller --> position : RefreshToken.post]
INFO : [30/Nov/2023 19:07:57 logger 7 4924 13216 package : apps.users.controller.getUserController --> position : GetAUser.get]
INFO : [30/Nov/2023 19:07:57 logger 7 4924 2904 package : apps.posts.controller.post_controller --> position : PostGetController.get]
INFO : [30/Nov/2023 19:07:59 logger 7 4924 2904 package : apps.users.controller.getUserController --> position : GetAUser.get]
INFO : [30/Nov/2023 19:07:59 logger 7 4924 13216 package : apps.sections.controller.section_controller --> position : SectionController.get]
INFO : [30/Nov/2023 19:08:02 logger 7 4924 13216 package : apps.posts.controller.post_controller --> position : PostGetController.get]
INFO : [30/Nov/2023 19:08:08 logger 7 4924 13216 package : apps.users.controller.getUserController --> position : GetAUser.get]
INFO : [30/Nov/2023 19:08:08 logger 7 4924 2904 package : apps.posts.controller.post_controller --> position : PostGetController.get]
INFO : [30/Nov/2023 19:12:34 logger 7 4924 2904 package : apps.sections.controller.section_controller --> position : SectionController.get]
INFO : [30/Nov/2023 19:12:34 logger 7 4924 2904 package : apps.posts.controller.post_controller --> position : PostGetController.get]
INFO : [30/Nov/2023 19:12:49 logger 7 4924 2904 package : apps.posts.controller.post_controller --> position : PostController.post]
INFO : [30/Nov/2023 19:14:14 logger 7 4924 2904 package : apps.posts.controller.post_controller --> position : PostController.post]
ERROR : [30/Nov/2023 19:14:14 logger 10 4924 2904 package : apps.posts.controller.post_controller --> position : PostController.post --> exception : 3 validation errors for AddPostDTO
title
  ensure this value has at least 1 characters (type=value_error.any_str.min_length; limit_value=1)
about
  ensure this value has at least 1 characters (type=value_error.any_str.min_length; limit_value=1)
notes
  ensure this value has at least 1 characters (type=value_error.any_str.min_length; limit_value=1)]
INFO : [30/Nov/2023 19:14:24 logger 7 4924 2904 package : apps.posts.controller.post_controller --> position : PostController.post]
INFO : [30/Nov/2023 19:15:32 logger 7 4924 2904 package : apps.posts.controller.post_controller --> position : PostController.post]
ERROR : [30/Nov/2023 19:15:32 logger 10 4924 2904 package : apps.posts.controller.post_controller --> position : PostController.post --> exception : ansible.pdf already exists!]
INFO : [30/Nov/2023 19:15:50 logger 7 4924 2904 package : apps.posts.controller.post_controller --> position : PostController.post]
INFO : [30/Nov/2023 19:22:11 logger 7 4924 13828 package : apps.auths.controller.refreshToken_controller --> position : RefreshToken.post]
INFO : [30/Nov/2023 19:22:11 logger 7 4924 13828 package : apps.users.controller.getUserController --> position : GetAUser.get]
INFO : [30/Nov/2023 19:22:11 logger 7 4924 6860 package : apps.posts.controller.post_controller --> position : PostGetController.get]
INFO : [30/Nov/2023 19:22:13 logger 7 4924 13828 package : apps.users.controller.getUserController --> position : GetAUser.get]
INFO : [30/Nov/2023 19:22:13 logger 7 4924 1340 package : apps.sections.controller.section_controller --> position : SectionController.get]
INFO : [30/Nov/2023 19:22:46 logger 7 4924 1340 package : apps.posts.controller.post_controller --> position : PostGetController.get]
INFO : [30/Nov/2023 19:23:36 logger 7 4924 1340 package : apps.users.controller.getUserController --> position : GetAUser.get]
INFO : [30/Nov/2023 19:23:36 logger 7 4924 1340 package : apps.posts.controller.post_controller --> position : PostGetController.get]
INFO : [30/Nov/2023 19:43:18 logger 7 5200 10192 package : apps.auths.controller.refreshToken_controller --> position : RefreshToken.post]
INFO : [30/Nov/2023 19:43:18 logger 7 5200 3076 package : apps.users.controller.getUserController --> position : GetAUser.get]
INFO : [30/Nov/2023 19:43:18 logger 7 5200 10192 package : apps.posts.controller.post_controller --> position : PostGetController.get]
INFO : [30/Nov/2023 19:43:19 logger 7 5200 10192 package : apps.users.controller.getUserController --> position : GetAUser.get]
INFO : [30/Nov/2023 19:43:19 logger 7 5200 3076 package : apps.sections.controller.section_controller --> position : SectionController.get]
INFO : [30/Nov/2023 19:43:21 logger 7 5200 3076 package : apps.posts.controller.post_controller --> position : PostGetController.get]
INFO : [30/Nov/2023 19:54:21 logger 7 5200 5916 package : apps.users.controller.getUserController --> position : GetAUser.get]
INFO : [30/Nov/2023 19:54:21 logger 7 5200 13176 package : apps.auths.controller.refreshToken_controller --> position : RefreshToken.post]
INFO : [30/Nov/2023 19:54:21 logger 7 5200 2848 package : apps.posts.controller.post_controller --> position : PostGetController.get]
INFO : [30/Nov/2023 19:54:22 logger 7 5200 2848 package : apps.users.controller.getUserController --> position : GetAUser.get]
INFO : [30/Nov/2023 19:54:22 logger 7 5200 5916 package : apps.sections.controller.section_controller --> position : SectionController.get]
INFO : [30/Nov/2023 19:54:24 logger 7 5200 5916 package : apps.posts.controller.post_controller --> position : PostGetController.get]
INFO : [30/Nov/2023 19:58:19 logger 7 5200 5916 package : apps.posts.controller.post_controller --> position : PostController.post]
INFO : [30/Nov/2023 20:00:18 logger 7 5200 5916 package : apps.users.controller.getUserController --> position : GetAUser.get]
INFO : [30/Nov/2023 20:00:18 logger 7 5200 5916 package : apps.posts.controller.post_controller --> position : PostGetController.get]
INFO : [30/Nov/2023 20:00:46 logger 7 5200 5916 package : apps.sections.controller.section_controller --> position : SectionController.get]
INFO : [30/Nov/2023 20:02:14 logger 7 5200 7208 package : apps.users.controller.getUserController --> position : GetAUser.get]
INFO : [30/Nov/2023 20:02:14 logger 7 5200 14212 package : apps.posts.controller.post_controller --> position : PostGetController.get]
INFO : [30/Nov/2023 20:02:40 logger 7 5200 14212 package : apps.users.controller.getUserController --> position : GetAUser.get]
INFO : [30/Nov/2023 20:02:40 logger 7 5200 14212 package : apps.posts.controller.post_controller --> position : PostGetController.get]
INFO : [30/Nov/2023 20:03:12 logger 7 5200 14212 package : apps.users.controller.getUserController --> position : GetAUser.get]
INFO : [30/Nov/2023 20:03:12 logger 7 5200 14212 package : apps.posts.controller.post_controller --> position : PostGetController.get]
INFO : [30/Nov/2023 20:04:50 logger 7 5200 14212 package : apps.auths.controller.refreshToken_controller --> position : RefreshToken.post]
INFO : [30/Nov/2023 20:04:50 logger 7 5200 14212 package : apps.users.controller.getUserController --> position : GetAUser.get]
INFO : [30/Nov/2023 20:04:50 logger 7 5200 7208 package : apps.posts.controller.post_controller --> position : PostGetController.get]
INFO : [30/Nov/2023 20:04:51 logger 7 5200 7208 package : apps.users.controller.getUserController --> position : GetAUser.get]
INFO : [30/Nov/2023 20:04:51 logger 7 5200 14212 package : apps.sections.controller.section_controller --> position : SectionController.get]
INFO : [30/Nov/2023 20:08:18 logger 7 5200 14212 package : apps.posts.controller.post_controller --> position : PostGetController.get]
INFO : [30/Nov/2023 20:09:02 logger 7 5200 14212 package : apps.users.controller.getUserController --> position : GetAUser.get]
INFO : [30/Nov/2023 20:09:02 logger 7 5200 14212 package : apps.posts.controller.post_controller --> position : PostGetController.get]
INFO : [30/Nov/2023 20:10:03 logger 7 5200 14212 package : apps.users.controller.getUserController --> position : GetAUser.get]
INFO : [30/Nov/2023 20:10:03 logger 7 5200 14212 package : apps.posts.controller.post_controller --> position : PostGetController.get]
INFO : [30/Nov/2023 20:12:04 logger 7 5200 14212 package : apps.users.controller.getUserController --> position : GetAUser.get]
INFO : [30/Nov/2023 20:12:04 logger 7 5200 14212 package : apps.posts.controller.post_controller --> position : PostGetController.get]
INFO : [30/Nov/2023 20:15:44 logger 7 5200 14212 package : apps.auths.controller.refreshToken_controller --> position : RefreshToken.post]
INFO : [30/Nov/2023 20:15:44 logger 7 5200 14212 package : apps.users.controller.getUserController --> position : GetAUser.get]
INFO : [30/Nov/2023 20:15:44 logger 7 5200 14212 package : apps.posts.controller.post_controller --> position : PostGetController.get]
INFO : [30/Nov/2023 20:15:46 logger 7 5200 14212 package : apps.users.controller.getUserController --> position : GetAUser.get]
INFO : [30/Nov/2023 20:15:46 logger 7 5200 11684 package : apps.sections.controller.section_controller --> position : SectionController.get]
INFO : [30/Nov/2023 20:15:47 logger 7 5200 11684 package : apps.posts.controller.post_controller --> position : PostGetController.get]
INFO : [30/Nov/2023 20:22:35 logger 7 5200 13576 package : apps.users.controller.getUserController --> position : GetAUser.get]
INFO : [30/Nov/2023 20:22:35 logger 7 5200 10480 package : apps.posts.controller.post_controller --> position : PostGetController.get]
INFO : [30/Nov/2023 20:39:31 logger 7 5200 1428 package : apps.auths.controller.refreshToken_controller --> position : RefreshToken.post]
INFO : [30/Nov/2023 20:39:31 logger 7 5200 13328 package : apps.users.controller.getUserController --> position : GetAUser.get]
INFO : [30/Nov/2023 20:39:31 logger 7 5200 13016 package : apps.posts.controller.post_controller --> position : PostGetController.get]
INFO : [30/Nov/2023 20:39:33 logger 7 5200 13016 package : apps.users.controller.getUserController --> position : GetAUser.get]
INFO : [30/Nov/2023 20:39:33 logger 7 5200 13328 package : apps.sections.controller.section_controller --> position : SectionController.get]
INFO : [30/Nov/2023 20:39:34 logger 7 5200 13328 package : apps.posts.controller.post_controller --> position : PostGetController.get]
INFO : [30/Nov/2023 20:39:55 logger 7 5200 13328 package : apps.users.controller.getUserController --> position : GetAUser.get]
INFO : [30/Nov/2023 20:39:55 logger 7 5200 13016 package : apps.posts.controller.post_controller --> position : PostGetController.get]
INFO : [30/Nov/2023 20:40:00 logger 7 5200 13016 package : apps.users.controller.getUserController --> position : GetAUser.get]
INFO : [30/Nov/2023 20:40:00 logger 7 5200 13016 package : apps.posts.controller.post_controller --> position : PostGetController.get]
INFO : [30/Nov/2023 20:48:01 logger 7 5200 4052 package : apps.users.controller.getUserController --> position : GetAUser.get]
INFO : [30/Nov/2023 20:48:01 logger 7 5200 11036 package : apps.posts.controller.post_controller --> position : PostGetController.get]
INFO : [30/Nov/2023 20:48:06 logger 7 5200 11036 package : apps.sections.controller.section_controller --> position : SectionController.get]
INFO : [30/Nov/2023 20:48:07 logger 7 5200 11036 package : apps.posts.controller.post_controller --> position : PostGetController.get]
INFO : [30/Nov/2023 21:02:15 logger 7 9248 9876 package : apps.auths.controller.login_controller --> position : Login.post]
INFO : [30/Nov/2023 21:02:17 logger 7 9248 9876 package : apps.users.controller.getUserController --> position : GetAUser.get]
INFO : [30/Nov/2023 21:02:17 logger 7 9248 9596 package : apps.sections.controller.section_controller --> position : SectionController.get]
INFO : [30/Nov/2023 21:02:19 logger 7 9248 9596 package : apps.posts.controller.post_controller --> position : PostGetController.get]
INFO : [30/Nov/2023 21:05:39 logger 7 9248 9596 package : apps.users.controller.getUserController --> position : GetAUser.get]
INFO : [30/Nov/2023 21:05:39 logger 7 9248 9596 package : apps.posts.controller.post_controller --> position : PostGetController.get]
INFO : [30/Nov/2023 21:08:54 logger 7 9248 9596 package : apps.users.controller.getUserController --> position : GetAUser.get]
INFO : [30/Nov/2023 21:08:54 logger 7 9248 9596 package : apps.posts.controller.post_controller --> position : PostGetController.get]
INFO : [30/Nov/2023 21:09:04 logger 7 9248 9596 package : apps.sections.controller.section_controller --> position : SectionController.get]
INFO : [30/Nov/2023 21:09:05 logger 7 9248 9596 package : apps.posts.controller.post_controller --> position : PostGetController.get]
INFO : [30/Nov/2023 21:22:50 logger 7 1460 9368 package : apps.posts.controller.post_meta_controller --> position : PostMetaController.delete]
ERROR : [30/Nov/2023 21:22:50 logger 10 1460 9368 package : apps.posts.controller.post_meta_controller --> position : PostMetaController.delete --> exception : Cannot resolve keyword 'post_meta_id' into field. Choices are: asset_id, created_at, file_name, file_url, folder, post, post_file_meta_id, post_id, public_id, resource_type, signature, types, version, version_id]
INFO : [30/Nov/2023 21:24:03 logger 7 2216 696 package : apps.posts.controller.post_meta_controller --> position : PostMetaController.delete]
ERROR : [30/Nov/2023 21:24:03 logger 10 2216 696 package : apps.posts.controller.post_meta_controller --> position : PostMetaController.delete --> exception : Cannot resolve keyword 'post_file_id' into field. Choices are: asset_id, created_at, file_name, file_url, folder, post, post_file_meta_id, post_id, public_id, resource_type, signature, types, version, version_id]
INFO : [30/Nov/2023 21:25:30 logger 7 3572 4828 package : apps.posts.controller.post_meta_controller --> position : PostMetaController.delete]
INFO : [30/Nov/2023 21:25:36 logger 7 3572 9108 package : apps.auths.controller.refreshToken_controller --> position : RefreshToken.post]
INFO : [30/Nov/2023 21:25:36 logger 7 3572 9108 package : apps.users.controller.getUserController --> position : GetAUser.get]
INFO : [30/Nov/2023 21:25:36 logger 7 3572 9108 package : apps.posts.controller.post_controller --> position : PostGetController.get]
INFO : [30/Nov/2023 21:25:38 logger 7 3572 9108 package : apps.users.controller.getUserController --> position : GetAUser.get]
INFO : [30/Nov/2023 21:25:38 logger 7 3572 8288 package : apps.sections.controller.section_controller --> position : SectionController.get]
INFO : [30/Nov/2023 21:25:40 logger 7 3572 8288 package : apps.posts.controller.post_controller --> position : PostGetController.get]
INFO : [30/Nov/2023 21:28:38 logger 7 3572 8288 package : apps.posts.controller.post_meta_controller --> position : PostMetaController.delete]
INFO : [30/Nov/2023 21:29:29 logger 7 3572 9108 package : apps.users.controller.getUserController --> position : GetAUser.get]
INFO : [30/Nov/2023 21:29:29 logger 7 3572 9108 package : apps.posts.controller.post_controller --> position : PostGetController.get]
INFO : [30/Nov/2023 21:51:40 logger 7 3572 9304 package : apps.auths.controller.login_controller --> position : Login.post]
INFO : [30/Nov/2023 21:51:42 logger 7 3572 9304 package : apps.users.controller.getUserController --> position : GetAUser.get]
INFO : [30/Nov/2023 21:51:42 logger 7 3572 3428 package : apps.sections.controller.section_controller --> position : SectionController.get]
INFO : [30/Nov/2023 21:51:49 logger 7 3572 3428 package : apps.posts.controller.post_controller --> position : PostGetController.get]
INFO : [30/Nov/2023 21:51:55 logger 7 3572 3428 package : apps.posts.controller.post_meta_controller --> position : PostMetaController.delete]
INFO : [30/Nov/2023 21:53:37 logger 7 3572 9304 package : apps.users.controller.getUserController --> position : GetAUser.get]
INFO : [30/Nov/2023 21:53:37 logger 7 3572 9304 package : apps.posts.controller.post_controller --> position : PostGetController.get]
INFO : [30/Nov/2023 21:54:42 logger 7 3572 9304 package : apps.posts.controller.post_meta_controller --> position : PostMetaController.delete]
