INFO : [03/Nov/2023 19:36:45 logger 7 1544 7808 package : apps.auths.controller.register_controller --> position : Register.post]
ERROR : [03/Nov/2023 19:36:45 logger 10 1544 7808 package : apps.auths.controller.register_controller --> position : Register.post --> exception : user already exists!]
INFO : [03/Nov/2023 19:37:22 logger 7 1544 7808 package : apps.auths.controller.register_controller --> position : Register.post]
ERROR : [03/Nov/2023 19:37:23 logger 10 1544 7808 package : apps.auths.controller.register_controller --> position : Register.post --> exception : email already exists!]
INFO : [03/Nov/2023 19:37:54 logger 7 1544 7808 package : apps.auths.controller.register_controller --> position : Register.post]
ERROR : [03/Nov/2023 19:37:54 logger 10 1544 7808 package : apps.auths.controller.register_controller --> position : Register.post --> exception : phone number already exists!]
INFO : [03/Nov/2023 19:38:05 logger 7 1544 7808 package : apps.auths.controller.register_controller --> position : Register.post]
ERROR : [03/Nov/2023 19:38:05 logger 10 1544 7808 package : apps.auths.controller.register_controller --> position : Register.post --> exception : 'public_id']
INFO : [03/Nov/2023 19:38:57 logger 7 1544 7808 package : apps.auths.controller.register_controller --> position : Register.post]
ERROR : [03/Nov/2023 19:38:58 logger 10 1544 7808 package : apps.auths.controller.register_controller --> position : Register.post --> exception : 'public_id']
INFO : [03/Nov/2023 19:39:53 logger 7 2924 10072 package : apps.auths.controller.register_controller --> position : Register.post]
INFO : [03/Nov/2023 19:41:06 logger 7 11568 3212 package : apps.auths.controller.register_controller --> position : Register.post]
INFO : [03/Nov/2023 19:41:37 logger 7 11568 3212 package : apps.auths.controller.register_controller --> position : Register.post]
ERROR : [03/Nov/2023 19:41:37 logger 10 11568 3212 package : apps.auths.controller.register_controller --> position : Register.post --> exception : user already exists!]
INFO : [03/Nov/2023 19:44:19 logger 7 11972 8016 package : apps.auths.controller.register_controller --> position : Register.post]
ERROR : [03/Nov/2023 19:44:19 logger 10 11972 8016 package : apps.auths.controller.register_controller --> position : Register.post --> exception : 'public_id']
INFO : [03/Nov/2023 19:46:08 logger 7 9416 5632 package : apps.auths.controller.register_controller --> position : Register.post]
ERROR : [03/Nov/2023 19:46:08 logger 10 9416 5632 package : apps.auths.controller.register_controller --> position : Register.post --> exception : 'public_id']
INFO : [03/Nov/2023 19:46:32 logger 7 13396 11096 package : apps.auths.controller.register_controller --> position : Register.post]
ERROR : [03/Nov/2023 19:46:32 logger 10 13396 11096 package : apps.auths.controller.register_controller --> position : Register.post --> exception : 'public_id']
INFO : [03/Nov/2023 19:46:53 logger 7 7200 13356 package : apps.auths.controller.register_controller --> position : Register.post]
ERROR : [03/Nov/2023 19:46:53 logger 10 7200 13356 package : apps.auths.controller.register_controller --> position : Register.post --> exception : 'public_id']
INFO : [03/Nov/2023 19:47:09 logger 7 2488 13392 package : apps.auths.controller.register_controller --> position : Register.post]
ERROR : [03/Nov/2023 19:47:09 logger 10 2488 13392 package : apps.auths.controller.register_controller --> position : Register.post --> exception : 'public_id']
INFO : [03/Nov/2023 19:47:19 logger 7 2592 9908 package : apps.auths.controller.register_controller --> position : Register.post]
INFO : [03/Nov/2023 19:47:54 logger 7 10520 2108 package : apps.auths.controller.register_controller --> position : Register.post]
ERROR : [03/Nov/2023 19:47:55 logger 10 10520 2108 package : apps.auths.controller.register_controller --> position : Register.post --> exception : 'public_id']
INFO : [03/Nov/2023 19:48:07 logger 7 4888 13416 package : apps.auths.controller.register_controller --> position : Register.post]
ERROR : [03/Nov/2023 19:48:07 logger 10 4888 13416 package : apps.auths.controller.register_controller --> position : Register.post --> exception : 'public_id']
INFO : [03/Nov/2023 19:50:59 logger 7 7244 3128 package : apps.auths.controller.register_controller --> position : Register.post]
ERROR : [03/Nov/2023 19:50:59 logger 10 7244 3128 package : apps.auths.controller.register_controller --> position : Register.post --> exception : 'public_id']
INFO : [03/Nov/2023 19:51:46 logger 7 9000 8408 package : apps.auths.controller.register_controller --> position : Register.post]
INFO : [03/Nov/2023 19:55:49 logger 7 12080 1804 package : apps.auths.controller.register_controller --> position : Register.post]
ERROR : [03/Nov/2023 19:55:49 logger 10 12080 1804 package : apps.auths.controller.register_controller --> position : Register.post --> exception : user already exists!]
INFO : [03/Nov/2023 19:55:59 logger 7 12080 1804 package : apps.auths.controller.register_controller --> position : Register.post]
ERROR : [03/Nov/2023 19:55:59 logger 10 12080 1804 package : apps.auths.controller.register_controller --> position : Register.post --> exception : 'public_id']
INFO : [03/Nov/2023 19:57:11 logger 7 6664 9580 package : apps.auths.controller.register_controller --> position : Register.post]
INFO : [03/Nov/2023 19:58:06 logger 7 13912 13980 package : apps.auths.controller.register_controller --> position : Register.post]
ERROR : [03/Nov/2023 19:58:07 logger 10 13912 13980 package : apps.auths.controller.register_controller --> position : Register.post --> exception : 'public_id']
INFO : [03/Nov/2023 19:58:50 logger 7 10940 7592 package : apps.auths.controller.register_controller --> position : Register.post]
ERROR : [03/Nov/2023 19:58:51 logger 10 10940 7592 package : apps.auths.controller.register_controller --> position : Register.post --> exception : 'public_id']
INFO : [03/Nov/2023 19:59:06 logger 7 9528 10016 package : apps.auths.controller.register_controller --> position : Register.post]
ERROR : [03/Nov/2023 19:59:06 logger 10 9528 10016 package : apps.auths.controller.register_controller --> position : Register.post --> exception : 'public_id']
INFO : [03/Nov/2023 20:00:37 logger 7 9528 10016 package : apps.auths.controller.register_controller --> position : Register.post]
ERROR : [03/Nov/2023 20:00:38 logger 10 9528 10016 package : apps.auths.controller.register_controller --> position : Register.post --> exception : 'public_id']
INFO : [03/Nov/2023 20:01:32 logger 7 10376 3548 package : apps.auths.controller.register_controller --> position : Register.post]
ERROR : [03/Nov/2023 20:01:32 logger 10 10376 3548 package : apps.auths.controller.register_controller --> position : Register.post --> exception : 'public_id']
INFO : [03/Nov/2023 20:02:16 logger 7 8952 12732 package : apps.auths.controller.register_controller --> position : Register.post]
ERROR : [03/Nov/2023 20:02:16 logger 10 8952 12732 package : apps.auths.controller.register_controller --> position : Register.post --> exception : 'public_id']
INFO : [03/Nov/2023 20:03:27 logger 7 2100 12128 package : apps.auths.controller.register_controller --> position : Register.post]
ERROR : [03/Nov/2023 20:03:28 logger 10 2100 12128 package : apps.auths.controller.register_controller --> position : Register.post --> exception : 'public_id']
INFO : [03/Nov/2023 20:03:43 logger 7 3932 11972 package : apps.auths.controller.register_controller --> position : Register.post]
INFO : [03/Nov/2023 20:04:33 logger 7 5536 7388 package : apps.auths.controller.register_controller --> position : Register.post]
INFO : [03/Nov/2023 20:05:06 logger 7 10132 7636 package : apps.auths.controller.register_controller --> position : Register.post]
INFO : [03/Nov/2023 20:05:38 logger 7 4588 2412 package : apps.auths.controller.register_controller --> position : Register.post]
INFO : [03/Nov/2023 20:06:21 logger 7 12796 1884 package : apps.auths.controller.register_controller --> position : Register.post]
ERROR : [03/Nov/2023 20:06:22 logger 10 12796 1884 package : apps.auths.controller.register_controller --> position : Register.post --> exception : 'public_id']
INFO : [03/Nov/2023 20:07:28 logger 7 12272 1548 package : apps.auths.controller.register_controller --> position : Register.post]
INFO : [03/Nov/2023 20:07:54 logger 7 12740 2092 package : apps.auths.controller.register_controller --> position : Register.post]
