INFO : [29/Nov/2023 13:38:47 logger 7 8404 5356 package : apps.auths.controller.login_controller --> position : Login.post]
INFO : [29/Nov/2023 13:38:48 logger 7 8404 5356 package : apps.users.controller.getUserController --> position : GetAUser.get]
INFO : [29/Nov/2023 13:38:48 logger 7 8404 2132 package : apps.sections.controller.section_controller --> position : SectionController.get]
INFO : [29/Nov/2023 13:39:13 logger 7 8404 2132 package : apps.users.controller.getUserController --> position : GetAUser.get]
INFO : [29/Nov/2023 13:39:13 logger 7 8404 5356 package : apps.sections.controller.section_controller --> position : SectionController.get]
INFO : [29/Nov/2023 13:40:32 logger 7 8404 5356 package : apps.users.controller.getUserController --> position : GetAUser.get]
INFO : [29/Nov/2023 13:40:32 logger 7 8404 2132 package : apps.sections.controller.section_controller --> position : SectionController.get]
INFO : [29/Nov/2023 13:41:30 logger 7 8404 2132 package : apps.users.controller.getUserController --> position : GetAUser.get]
INFO : [29/Nov/2023 13:41:30 logger 7 8404 5356 package : apps.sections.controller.section_controller --> position : SectionController.get]
INFO : [29/Nov/2023 13:41:33 logger 7 8404 5356 package : apps.users.controller.getUserController --> position : GetAUser.get]
INFO : [29/Nov/2023 13:41:33 logger 7 8404 2132 package : apps.sections.controller.section_controller --> position : SectionController.get]
INFO : [29/Nov/2023 13:41:49 logger 7 8404 2132 package : apps.users.controller.getUserController --> position : GetAUser.get]
INFO : [29/Nov/2023 13:41:49 logger 7 8404 5356 package : apps.sections.controller.section_controller --> position : SectionController.get]
INFO : [29/Nov/2023 13:42:56 logger 7 8404 5356 package : apps.users.controller.getUserController --> position : GetAUser.get]
INFO : [29/Nov/2023 13:42:56 logger 7 8404 2132 package : apps.sections.controller.section_controller --> position : SectionController.get]
INFO : [29/Nov/2023 13:47:46 logger 7 8404 2132 package : apps.users.controller.getUserController --> position : GetAUser.get]
INFO : [29/Nov/2023 13:47:46 logger 7 8404 5356 package : apps.sections.controller.section_controller --> position : SectionController.get]
INFO : [29/Nov/2023 13:47:46 logger 7 8404 5356 package : apps.users.controller.getUserController --> position : GetAUser.get]
INFO : [29/Nov/2023 13:47:46 logger 7 8404 2132 package : apps.sections.controller.section_controller --> position : SectionController.get]
INFO : [29/Nov/2023 13:47:46 logger 7 8404 2132 package : apps.users.controller.getUserController --> position : GetAUser.get]
INFO : [29/Nov/2023 13:47:46 logger 7 8404 2132 package : apps.users.controller.getUserController --> position : GetAUser.get]
INFO : [29/Nov/2023 13:47:46 logger 7 8404 5356 package : apps.sections.controller.section_controller --> position : SectionController.get]
INFO : [29/Nov/2023 13:47:46 logger 7 8404 2132 package : apps.users.controller.getUserController --> position : GetAUser.get]
INFO : [29/Nov/2023 13:48:05 logger 7 8404 2132 package : apps.users.controller.getUserController --> position : GetAUser.get]
INFO : [29/Nov/2023 13:48:05 logger 7 8404 5356 package : apps.sections.controller.section_controller --> position : SectionController.get]
INFO : [29/Nov/2023 13:50:12 logger 7 8404 5356 package : apps.auths.controller.refreshToken_controller --> position : RefreshToken.post]
INFO : [29/Nov/2023 13:50:12 logger 7 8404 2132 package : apps.users.controller.getUserController --> position : GetAUser.get]
INFO : [29/Nov/2023 13:50:13 logger 7 8404 2132 package : apps.users.controller.getUserController --> position : GetAUser.get]
INFO : [29/Nov/2023 13:50:14 logger 7 8404 2132 package : apps.users.controller.getUserController --> position : GetAUser.get]
INFO : [29/Nov/2023 13:50:35 logger 7 8404 2132 package : apps.users.controller.getUserController --> position : GetAUser.get]
INFO : [29/Nov/2023 13:50:35 logger 7 8404 5356 package : apps.sections.controller.section_controller --> position : SectionController.get]
INFO : [29/Nov/2023 13:50:40 logger 7 8404 5356 package : apps.sections.controller.section_controller --> position : SectionController.get]
INFO : [29/Nov/2023 13:50:40 logger 7 8404 5356 package : apps.users.controller.getUserController --> position : GetAUser.get]
INFO : [29/Nov/2023 13:50:40 logger 7 8404 2132 package : apps.sections.controller.section_controller --> position : SectionController.get]
INFO : [29/Nov/2023 13:51:10 logger 7 8404 2132 package : apps.auths.controller.logout_controller --> position : Logout.post]
INFO : [29/Nov/2023 13:51:36 logger 7 8404 2132 package : apps.auths.controller.login_controller --> position : Login.post]
INFO : [29/Nov/2023 13:51:37 logger 7 8404 2132 package : apps.users.controller.getUserController --> position : GetAUser.get]
INFO : [29/Nov/2023 13:51:37 logger 7 8404 5356 package : apps.sections.controller.section_controller --> position : SectionController.get]
INFO : [29/Nov/2023 13:51:43 logger 7 8404 5356 package : apps.sections.controller.section_controller --> position : SectionController.put]
INFO : [29/Nov/2023 13:51:44 logger 7 8404 5356 package : apps.users.controller.getUserController --> position : GetAUser.get]
INFO : [29/Nov/2023 13:51:44 logger 7 8404 2132 package : apps.sections.controller.section_controller --> position : SectionController.get]
INFO : [29/Nov/2023 13:51:46 logger 7 8404 2132 package : apps.sections.controller.section_controller --> position : SectionController.delete]
INFO : [29/Nov/2023 13:51:48 logger 7 8404 2132 package : apps.users.controller.getUserController --> position : GetAUser.get]
INFO : [29/Nov/2023 13:51:48 logger 7 8404 5356 package : apps.sections.controller.section_controller --> position : SectionController.get]
INFO : [29/Nov/2023 13:52:03 logger 7 8404 5356 package : apps.sections.controller.section_controller --> position : SectionController.post]
INFO : [29/Nov/2023 13:57:47 logger 7 8404 7716 package : apps.sections.controller.section_controller --> position : SectionController.get]
INFO : [29/Nov/2023 13:57:55 logger 7 8404 7716 package : apps.sections.controller.section_controller --> position : SectionController.get]
INFO : [29/Nov/2023 13:57:57 logger 7 8404 7716 package : apps.users.controller.getUserController --> position : GetAUser.get]
INFO : [29/Nov/2023 13:57:57 logger 7 8404 3632 package : apps.sections.controller.section_controller --> position : SectionController.get]
INFO : [29/Nov/2023 14:00:05 logger 7 8404 3632 package : apps.posts.controller.post_controller --> position : PostController.get]
INFO : [29/Nov/2023 14:00:18 logger 7 8404 3632 package : apps.users.controller.getUserController --> position : GetAUser.get]
INFO : [29/Nov/2023 14:00:18 logger 7 8404 7716 package : apps.posts.controller.post_controller --> position : PostController.get]
INFO : [29/Nov/2023 14:00:25 logger 7 8404 7716 package : apps.sections.controller.section_controller --> position : SectionController.get]
INFO : [29/Nov/2023 14:00:27 logger 7 8404 7716 package : apps.posts.controller.post_controller --> position : PostController.get]
INFO : [29/Nov/2023 14:01:14 logger 7 8404 6536 package : apps.auths.controller.login_controller --> position : Login.post]
INFO : [29/Nov/2023 14:01:29 logger 7 8404 6536 package : apps.posts.controller.post_controller --> position : PostController.get]
INFO : [29/Nov/2023 14:01:47 logger 7 8404 7716 package : apps.sections.controller.section_controller --> position : SectionController.get]
INFO : [29/Nov/2023 14:01:48 logger 7 8404 7716 package : apps.users.controller.getUserController --> position : GetAUser.get]
INFO : [29/Nov/2023 14:01:48 logger 7 8404 3632 package : apps.sections.controller.section_controller --> position : SectionController.get]
INFO : [29/Nov/2023 14:01:51 logger 7 8404 3632 package : apps.posts.controller.post_controller --> position : PostController.get]
INFO : [29/Nov/2023 14:02:04 logger 7 8404 3632 package : apps.users.controller.getUserController --> position : GetAUser.get]
INFO : [29/Nov/2023 14:02:04 logger 7 8404 7716 package : apps.posts.controller.post_controller --> position : PostController.get]
INFO : [29/Nov/2023 14:02:10 logger 7 8404 7716 package : apps.sections.controller.section_controller --> position : SectionController.get]
INFO : [29/Nov/2023 14:02:12 logger 7 8404 7716 package : apps.posts.controller.post_controller --> position : PostController.get]
INFO : [29/Nov/2023 14:02:28 logger 7 8404 7716 package : apps.sections.controller.section_controller --> position : SectionController.get]
INFO : [29/Nov/2023 14:02:30 logger 7 8404 7716 package : apps.posts.controller.post_controller --> position : PostController.get]
INFO : [29/Nov/2023 14:02:35 logger 7 8404 7716 package : apps.sections.controller.section_controller --> position : SectionController.get]
INFO : [29/Nov/2023 14:02:37 logger 7 8404 7716 package : apps.users.controller.getUserController --> position : GetAUser.get]
INFO : [29/Nov/2023 14:02:37 logger 7 8404 3632 package : apps.sections.controller.section_controller --> position : SectionController.get]
INFO : [29/Nov/2023 14:03:13 logger 7 8404 3632 package : apps.posts.controller.post_controller --> position : PostController.get]
INFO : [29/Nov/2023 14:03:27 logger 7 8404 6536 package : apps.posts.controller.post_controller --> position : PostController.get]
INFO : [29/Nov/2023 14:05:13 logger 7 8404 3632 package : apps.posts.controller.post_controller --> position : PostController.get]
INFO : [29/Nov/2023 14:05:18 logger 7 8404 3632 package : apps.users.controller.getUserController --> position : GetAUser.get]
INFO : [29/Nov/2023 14:05:18 logger 7 8404 3632 package : apps.posts.controller.post_controller --> position : PostController.get]
INFO : [29/Nov/2023 14:05:23 logger 7 8404 3632 package : apps.sections.controller.section_controller --> position : SectionController.get]
INFO : [29/Nov/2023 14:05:25 logger 7 8404 3632 package : apps.users.controller.getUserController --> position : GetAUser.get]
INFO : [29/Nov/2023 14:05:25 logger 7 8404 7716 package : apps.sections.controller.section_controller --> position : SectionController.get]
INFO : [29/Nov/2023 14:05:27 logger 7 8404 7716 package : apps.posts.controller.post_controller --> position : PostController.get]
INFO : [29/Nov/2023 14:06:02 logger 7 2560 508 package : apps.users.controller.getUserController --> position : GetAUser.get]
INFO : [29/Nov/2023 14:06:02 logger 7 2560 10996 package : apps.posts.controller.post_controller --> position : PostController.get]
INFO : [29/Nov/2023 14:06:20 logger 7 11276 10120 package : apps.users.controller.getUserController --> position : GetAUser.get]
INFO : [29/Nov/2023 14:06:20 logger 7 11276 9916 package : apps.posts.controller.post_controller --> position : PostController.get]
INFO : [29/Nov/2023 14:06:26 logger 7 11276 4696 package : apps.posts.controller.post_controller --> position : PostController.get]
INFO : [29/Nov/2023 14:06:49 logger 7 11276 9916 package : apps.posts.controller.post_controller --> position : PostController.get]
INFO : [29/Nov/2023 14:06:52 logger 7 11276 9916 package : apps.users.controller.getUserController --> position : GetAUser.get]
INFO : [29/Nov/2023 14:06:52 logger 7 11276 9916 package : apps.posts.controller.post_controller --> position : PostController.get]
INFO : [29/Nov/2023 14:07:45 logger 7 10400 3632 package : apps.users.controller.getUserController --> position : GetAUser.get]
INFO : [29/Nov/2023 14:07:45 logger 7 10400 6536 package : apps.posts.controller.post_controller --> position : PostController.get]
INFO : [29/Nov/2023 14:08:14 logger 7 10400 6536 package : apps.posts.controller.post_controller --> position : PostController.get]
INFO : [29/Nov/2023 14:08:18 logger 7 10400 6536 package : apps.users.controller.getUserController --> position : GetAUser.get]
INFO : [29/Nov/2023 14:08:18 logger 7 10400 6536 package : apps.posts.controller.post_controller --> position : PostController.get]
INFO : [29/Nov/2023 14:08:32 logger 7 10400 2776 package : apps.posts.controller.post_controller --> position : PostController.get]
INFO : [29/Nov/2023 14:08:44 logger 7 10400 6536 package : apps.posts.controller.post_controller --> position : PostController.get]
INFO : [29/Nov/2023 14:08:48 logger 7 10400 6536 package : apps.users.controller.getUserController --> position : GetAUser.get]
INFO : [29/Nov/2023 14:08:48 logger 7 10400 6536 package : apps.posts.controller.post_controller --> position : PostController.get]
INFO : [29/Nov/2023 14:14:15 logger 7 10400 2732 package : apps.auths.controller.refreshToken_controller --> position : RefreshToken.post]
INFO : [29/Nov/2023 14:14:15 logger 7 10400 11376 package : apps.users.controller.getUserController --> position : GetAUser.get]
INFO : [29/Nov/2023 14:14:15 logger 7 10400 2732 package : apps.posts.controller.post_controller --> position : PostController.get]
INFO : [29/Nov/2023 14:14:16 logger 7 10400 2732 package : apps.users.controller.getUserController --> position : GetAUser.get]
INFO : [29/Nov/2023 14:14:16 logger 7 10400 11376 package : apps.sections.controller.section_controller --> position : SectionController.get]
INFO : [29/Nov/2023 14:14:25 logger 7 10400 11376 package : apps.posts.controller.post_controller --> position : PostController.get]
INFO : [29/Nov/2023 14:15:39 logger 7 1932 8052 package : apps.users.controller.getUserController --> position : GetAUser.get]
INFO : [29/Nov/2023 14:15:39 logger 7 1932 12700 package : apps.posts.controller.post_controller --> position : PostController.get]
INFO : [29/Nov/2023 14:15:55 logger 7 8480 10716 package : apps.users.controller.getUserController --> position : GetAUser.get]
INFO : [29/Nov/2023 14:15:55 logger 7 8480 2852 package : apps.posts.controller.post_controller --> position : PostController.get]
INFO : [29/Nov/2023 14:26:25 logger 7 4608 3896 package : apps.auths.controller.login_controller --> position : Login.post]
INFO : [29/Nov/2023 14:27:20 logger 7 4608 3896 package : apps.posts.controller.post_controller --> position : PostGetController.get]
ERROR : [29/Nov/2023 14:27:20 logger 10 4608 3896 package : apps.posts.controller.post_controller --> position : PostGetController.get --> exception : __init__() takes exactly 1 positional argument (2 given)]
INFO : [29/Nov/2023 14:27:50 logger 7 10840 11524 package : apps.posts.controller.post_controller --> position : PostGetController.get]
ERROR : [29/Nov/2023 14:27:50 logger 10 10840 11524 package : apps.posts.controller.post_controller --> position : PostGetController.get --> exception : section is not found!]
INFO : [29/Nov/2023 14:27:54 logger 7 10840 11524 package : apps.posts.controller.post_controller --> position : PostGetController.get]
ERROR : [29/Nov/2023 14:27:54 logger 10 10840 11524 package : apps.posts.controller.post_controller --> position : PostGetController.get --> exception : section is not found!]
INFO : [29/Nov/2023 14:28:07 logger 7 10840 11524 package : apps.posts.controller.post_controller --> position : PostGetController.get]
ERROR : [29/Nov/2023 14:28:07 logger 10 10840 11524 package : apps.posts.controller.post_controller --> position : PostGetController.get --> exception : post id is invalid!]
INFO : [29/Nov/2023 14:28:12 logger 7 10840 11524 package : apps.posts.controller.post_controller --> position : PostGetController.get]
ERROR : [29/Nov/2023 14:28:12 logger 10 10840 11524 package : apps.posts.controller.post_controller --> position : PostGetController.get --> exception : post id is invalid!]
INFO : [29/Nov/2023 14:29:05 logger 7 7856 9248 package : apps.posts.controller.post_controller --> position : PostGetController.get]
ERROR : [29/Nov/2023 14:29:05 logger 10 7856 9248 package : apps.posts.controller.post_controller --> position : PostGetController.get --> exception : section is not found!]
INFO : [29/Nov/2023 14:29:44 logger 7 7224 9840 package : apps.posts.controller.post_controller --> position : PostGetController.get]
ERROR : [29/Nov/2023 14:29:44 logger 10 7224 9840 package : apps.posts.controller.post_controller --> position : PostGetController.get --> exception : section is not found!]
INFO : [29/Nov/2023 14:30:57 logger 7 7224 9840 package : apps.posts.controller.post_controller --> position : PostGetController.get]
ERROR : [29/Nov/2023 14:30:57 logger 10 7224 9840 package : apps.posts.controller.post_controller --> position : PostGetController.get --> exception : section is not found!]
INFO : [29/Nov/2023 14:32:04 logger 7 6404 7652 package : apps.posts.controller.post_controller --> position : PostController.get]
INFO : [29/Nov/2023 14:32:28 logger 7 6404 7652 package : apps.posts.controller.post_controller --> position : PostGetController.get]
INFO : [29/Nov/2023 14:33:21 logger 7 6404 3768 package : apps.posts.controller.post_controller --> position : PostGetController.get]
ERROR : [29/Nov/2023 14:33:21 logger 10 6404 3768 package : apps.posts.controller.post_controller --> position : PostGetController.get --> exception : section is not found!]
INFO : [29/Nov/2023 14:33:28 logger 7 6404 3768 package : apps.posts.controller.post_controller --> position : PostGetController.get]
INFO : [29/Nov/2023 14:33:29 logger 7 6404 3768 package : apps.users.controller.getUserController --> position : GetAUser.get]
INFO : [29/Nov/2023 14:33:29 logger 7 6404 7292 package : apps.sections.controller.section_controller --> position : SectionController.get]
INFO : [29/Nov/2023 14:33:31 logger 7 6404 7292 package : apps.posts.controller.post_controller --> position : PostGetController.get]
