INFO : [02/Dec/2023 13:56:33 logger 7 8644 3812 package : apps.auths.controller.login_controller --> position : Login.post]
INFO : [02/Dec/2023 13:56:35 logger 7 8644 3812 package : apps.users.controller.getUserController --> position : GetAUser.get]
INFO : [02/Dec/2023 13:56:35 logger 7 8644 8856 package : apps.sections.controller.section_controller --> position : SectionController.get]
INFO : [02/Dec/2023 13:56:38 logger 7 8644 8856 package : apps.posts.controller.post_controller --> position : PostGetController.get]
INFO : [02/Dec/2023 13:57:10 logger 7 8644 8856 package : apps.users.controller.getUserController --> position : GetAUser.get]
INFO : [02/Dec/2023 13:57:10 logger 7 8644 8856 package : apps.posts.controller.post_controller --> position : PostGetController.get]
INFO : [02/Dec/2023 13:57:13 logger 7 8644 8856 package : apps.posts.controller.post_meta_controller --> position : PostMetaController.delete]
INFO : [02/Dec/2023 13:58:02 logger 7 2896 5424 package : apps.users.controller.getUserController --> position : GetAUser.get]
INFO : [02/Dec/2023 13:58:02 logger 7 2896 7248 package : apps.posts.controller.post_controller --> position : PostGetController.get]
INFO : [02/Dec/2023 13:58:04 logger 7 2896 7248 package : apps.posts.controller.post_meta_controller --> position : PostMetaController.delete]
INFO : [02/Dec/2023 13:59:16 logger 7 2896 5424 package : apps.sections.controller.section_controller --> position : SectionController.get]
INFO : [02/Dec/2023 13:59:27 logger 7 2896 5424 package : apps.sections.controller.section_controller --> position : SectionController.delete]
INFO : [02/Dec/2023 13:59:41 logger 7 2896 5424 package : apps.posts.controller.post_controller --> position : PostGetController.get]
INFO : [02/Dec/2023 14:00:18 logger 7 8344 9176 package : apps.posts.controller.post_meta_controller --> position : PostMetaController.delete]
INFO : [02/Dec/2023 14:01:43 logger 7 12012 11656 package : apps.users.controller.getUserController --> position : GetAUser.get]
INFO : [02/Dec/2023 14:01:43 logger 7 12012 9604 package : apps.posts.controller.post_controller --> position : PostGetController.get]
INFO : [02/Dec/2023 14:01:48 logger 7 12012 11656 package : apps.posts.controller.post_meta_controller --> position : PostMetaController.delete]
INFO : [02/Dec/2023 14:03:06 logger 7 8468 11628 package : apps.users.controller.getUserController --> position : GetAUser.get]
INFO : [02/Dec/2023 14:03:06 logger 7 8468 11348 package : apps.posts.controller.post_controller --> position : PostGetController.get]
INFO : [02/Dec/2023 14:03:17 logger 7 8468 11348 package : apps.sections.controller.section_controller --> position : SectionController.get]
INFO : [02/Dec/2023 14:03:19 logger 7 8468 11348 package : apps.posts.controller.post_controller --> position : PostGetController.get]
INFO : [02/Dec/2023 14:03:47 logger 7 8468 11348 package : apps.posts.controller.post_controller --> position : PostController.post]
INFO : [02/Dec/2023 14:03:55 logger 7 8468 11348 package : apps.users.controller.getUserController --> position : GetAUser.get]
INFO : [02/Dec/2023 14:03:55 logger 7 8468 11348 package : apps.posts.controller.post_controller --> position : PostGetController.get]
INFO : [02/Dec/2023 14:04:03 logger 7 8468 11348 package : apps.posts.controller.post_meta_controller --> position : PostMetaController.delete]
INFO : [02/Dec/2023 14:12:22 logger 7 8468 8464 package : apps.auths.controller.refreshToken_controller --> position : RefreshToken.post]
INFO : [02/Dec/2023 14:12:22 logger 7 8468 9368 package : apps.posts.controller.post_controller --> position : PostGetController.get]
INFO : [02/Dec/2023 14:12:22 logger 7 8468 2096 package : apps.users.controller.getUserController --> position : GetAUser.get]
INFO : [02/Dec/2023 14:12:23 logger 7 8468 9368 package : apps.users.controller.getUserController --> position : GetAUser.get]
INFO : [02/Dec/2023 14:12:23 logger 7 8468 2096 package : apps.sections.controller.section_controller --> position : SectionController.get]
INFO : [02/Dec/2023 14:12:25 logger 7 8468 2096 package : apps.posts.controller.post_controller --> position : PostGetController.get]
INFO : [02/Dec/2023 14:12:59 logger 7 8468 2096 package : apps.posts.controller.post_controller --> position : PostController.post]
INFO : [02/Dec/2023 14:13:08 logger 7 8468 2096 package : apps.posts.controller.post_meta_controller --> position : PostMetaController.delete]
INFO : [02/Dec/2023 14:13:54 logger 7 8468 2096 package : apps.users.controller.getUserController --> position : GetAUser.get]
INFO : [02/Dec/2023 14:13:54 logger 7 8468 2096 package : apps.posts.controller.post_controller --> position : PostGetController.get]
INFO : [02/Dec/2023 14:14:52 logger 7 8468 2096 package : apps.users.controller.getUserController --> position : GetAUser.get]
INFO : [02/Dec/2023 14:14:52 logger 7 8468 2096 package : apps.posts.controller.post_controller --> position : PostGetController.get]
INFO : [02/Dec/2023 14:14:54 logger 7 8468 2096 package : apps.sections.controller.section_controller --> position : SectionController.get]
INFO : [02/Dec/2023 14:14:55 logger 7 8468 2096 package : apps.posts.controller.post_controller --> position : PostGetController.get]
INFO : [02/Dec/2023 14:15:06 logger 7 8468 2096 package : apps.posts.controller.post_controller --> position : PostController.post]
INFO : [02/Dec/2023 14:15:24 logger 7 8468 2096 package : apps.posts.controller.post_meta_controller --> position : PostMetaController.delete]
INFO : [02/Dec/2023 14:16:34 logger 7 8468 2096 package : apps.users.controller.getUserController --> position : GetAUser.get]
INFO : [02/Dec/2023 14:16:34 logger 7 8468 2096 package : apps.posts.controller.post_controller --> position : PostGetController.get]
INFO : [02/Dec/2023 14:16:38 logger 7 8468 2096 package : apps.sections.controller.section_controller --> position : SectionController.get]
INFO : [02/Dec/2023 14:16:40 logger 7 8468 2096 package : apps.posts.controller.post_controller --> position : PostGetController.get]
INFO : [02/Dec/2023 14:16:55 logger 7 8468 2096 package : apps.posts.controller.post_controller --> position : PostController.post]
INFO : [02/Dec/2023 14:17:02 logger 7 8468 2096 package : apps.posts.controller.post_meta_controller --> position : PostMetaController.delete]
INFO : [02/Dec/2023 14:18:36 logger 7 8468 2096 package : apps.users.controller.getUserController --> position : GetAUser.get]
INFO : [02/Dec/2023 14:18:36 logger 7 8468 2096 package : apps.posts.controller.post_controller --> position : PostGetController.get]
INFO : [02/Dec/2023 14:18:38 logger 7 8468 2096 package : apps.sections.controller.section_controller --> position : SectionController.get]
INFO : [02/Dec/2023 14:18:39 logger 7 8468 2096 package : apps.posts.controller.post_controller --> position : PostGetController.get]
INFO : [02/Dec/2023 14:18:50 logger 7 8468 2096 package : apps.posts.controller.post_controller --> position : PostController.post]
INFO : [02/Dec/2023 14:21:00 logger 7 8468 2096 package : apps.sections.controller.section_controller --> position : SectionController.get]
INFO : [02/Dec/2023 14:21:02 logger 7 8468 2096 package : apps.posts.controller.post_controller --> position : PostGetController.get]
INFO : [02/Dec/2023 14:21:10 logger 7 8468 2096 package : apps.posts.controller.post_controller --> position : PostController.post]
INFO : [02/Dec/2023 14:21:19 logger 7 8468 2096 package : apps.posts.controller.post_meta_controller --> position : PostMetaController.delete]
INFO : [02/Dec/2023 14:22:13 logger 7 8468 2096 package : apps.posts.controller.post_meta_controller --> position : PostMetaController.delete]
ERROR : [02/Dec/2023 14:22:13 logger 10 8468 2096 package : apps.posts.controller.post_meta_controller --> position : PostMetaController.delete --> exception : post meta id is not found!]
INFO : [02/Dec/2023 14:22:18 logger 7 8468 2096 package : apps.users.controller.getUserController --> position : GetAUser.get]
INFO : [02/Dec/2023 14:22:18 logger 7 8468 2096 package : apps.posts.controller.post_controller --> position : PostGetController.get]
INFO : [02/Dec/2023 14:22:21 logger 7 8468 2096 package : apps.posts.controller.post_meta_controller --> position : PostMetaController.delete]
INFO : [02/Dec/2023 14:22:42 logger 7 8468 2096 package : apps.sections.controller.section_controller --> position : SectionController.get]
INFO : [02/Dec/2023 14:22:44 logger 7 8468 2096 package : apps.users.controller.getUserController --> position : GetAUser.get]
INFO : [02/Dec/2023 14:22:44 logger 7 8468 2096 package : apps.sections.controller.section_controller --> position : SectionController.get]
INFO : [02/Dec/2023 14:22:48 logger 7 8468 2096 package : apps.sections.controller.section_controller --> position : SectionController.put]
INFO : [02/Dec/2023 14:22:51 logger 7 8468 2096 package : apps.users.controller.getUserController --> position : GetAUser.get]
INFO : [02/Dec/2023 14:22:51 logger 7 8468 11256 package : apps.sections.controller.section_controller --> position : SectionController.get]
INFO : [02/Dec/2023 14:27:00 logger 7 8468 11256 package : apps.users.controller.getUserController --> position : GetAUser.get]
INFO : [02/Dec/2023 14:27:00 logger 7 8468 2096 package : apps.sections.controller.section_controller --> position : SectionController.get]
INFO : [02/Dec/2023 14:27:04 logger 7 8468 2096 package : apps.sections.controller.section_controller --> position : SectionController.put]
INFO : [02/Dec/2023 14:27:09 logger 7 8468 2096 package : apps.users.controller.getUserController --> position : GetAUser.get]
INFO : [02/Dec/2023 14:27:09 logger 7 8468 11256 package : apps.sections.controller.section_controller --> position : SectionController.get]
INFO : [02/Dec/2023 14:27:41 logger 7 8468 11256 package : apps.sections.controller.section_controller --> position : SectionController.put]
INFO : [02/Dec/2023 14:27:58 logger 7 8468 11256 package : apps.sections.controller.section_controller --> position : SectionController.put]
INFO : [02/Dec/2023 14:28:04 logger 7 8468 11256 package : apps.users.controller.getUserController --> position : GetAUser.get]
INFO : [02/Dec/2023 14:28:04 logger 7 8468 2096 package : apps.sections.controller.section_controller --> position : SectionController.get]
INFO : [02/Dec/2023 14:30:28 logger 7 8468 2096 package : apps.users.controller.getUserController --> position : GetAUser.get]
INFO : [02/Dec/2023 14:30:28 logger 7 8468 11256 package : apps.sections.controller.section_controller --> position : SectionController.get]
INFO : [02/Dec/2023 14:30:39 logger 7 8468 11256 package : apps.sections.controller.section_controller --> position : SectionController.put]
INFO : [02/Dec/2023 14:34:00 logger 7 8468 11256 package : apps.auths.controller.refreshToken_controller --> position : RefreshToken.post]
INFO : [02/Dec/2023 14:34:00 logger 7 8468 2096 package : apps.users.controller.getUserController --> position : GetAUser.get]
INFO : [02/Dec/2023 14:34:00 logger 7 8468 11256 package : apps.sections.controller.section_controller --> position : SectionController.get]
INFO : [02/Dec/2023 14:34:01 logger 7 8468 11256 package : apps.users.controller.getUserController --> position : GetAUser.get]
INFO : [02/Dec/2023 14:34:01 logger 7 8468 2096 package : apps.sections.controller.section_controller --> position : SectionController.get]
INFO : [02/Dec/2023 14:34:05 logger 7 8468 2096 package : apps.sections.controller.section_controller --> position : SectionController.put]
INFO : [02/Dec/2023 14:34:10 logger 7 8468 2096 package : apps.sections.controller.section_controller --> position : SectionController.put]
INFO : [02/Dec/2023 14:34:16 logger 7 8468 2096 package : apps.sections.controller.section_controller --> position : SectionController.put]
INFO : [02/Dec/2023 14:34:27 logger 7 8468 2096 package : apps.sections.controller.section_controller --> position : SectionController.put]
INFO : [02/Dec/2023 14:34:35 logger 7 8468 2096 package : apps.users.controller.getUserController --> position : GetAUser.get]
INFO : [02/Dec/2023 14:34:35 logger 7 8468 11256 package : apps.sections.controller.section_controller --> position : SectionController.get]
INFO : [02/Dec/2023 14:34:56 logger 7 8468 11256 package : apps.posts.controller.post_controller --> position : PostGetController.get]
INFO : [02/Dec/2023 14:38:12 logger 7 8468 11256 package : apps.posts.controller.post_controller --> position : PostController.delete]
INFO : [02/Dec/2023 14:38:41 logger 7 6172 10664 package : apps.users.controller.getUserController --> position : GetAUser.get]
INFO : [02/Dec/2023 14:38:41 logger 7 6172 11572 package : apps.posts.controller.post_controller --> position : PostGetController.get]
INFO : [02/Dec/2023 14:38:46 logger 7 6172 11572 package : apps.posts.controller.post_controller --> position : PostController.delete]
INFO : [02/Dec/2023 14:40:33 logger 7 6172 11572 package : apps.users.controller.getUserController --> position : GetAUser.get]
INFO : [02/Dec/2023 14:40:33 logger 7 6172 11572 package : apps.posts.controller.post_controller --> position : PostGetController.get]
INFO : [02/Dec/2023 14:40:37 logger 7 6172 11572 package : apps.posts.controller.post_controller --> position : PostController.delete]
INFO : [02/Dec/2023 14:40:41 logger 7 6172 11572 package : apps.posts.controller.post_controller --> position : PostController.delete]
INFO : [02/Dec/2023 14:40:46 logger 7 6172 11572 package : apps.users.controller.getUserController --> position : GetAUser.get]
INFO : [02/Dec/2023 14:40:46 logger 7 6172 11572 package : apps.posts.controller.post_controller --> position : PostGetController.get]
INFO : [02/Dec/2023 14:40:54 logger 7 6172 11572 package : apps.sections.controller.section_controller --> position : SectionController.get]
INFO : [02/Dec/2023 14:40:57 logger 7 6172 11572 package : apps.posts.controller.post_controller --> position : PostGetController.get]
INFO : [02/Dec/2023 14:49:01 logger 7 6172 4624 package : apps.sections.controller.section_controller --> position : SectionController.get]
INFO : [02/Dec/2023 14:49:02 logger 7 6172 4624 package : apps.users.controller.getUserController --> position : GetAUser.get]
INFO : [02/Dec/2023 14:49:02 logger 7 6172 10548 package : apps.sections.controller.section_controller --> position : SectionController.get]
INFO : [02/Dec/2023 14:49:19 logger 7 6172 10548 package : apps.posts.controller.post_controller --> position : PostGetController.get]
INFO : [02/Dec/2023 14:54:04 logger 7 6172 10548 package : apps.users.controller.getUserController --> position : GetAUser.get]
INFO : [02/Dec/2023 14:54:04 logger 7 6172 10548 package : apps.posts.controller.post_controller --> position : PostGetController.get]
INFO : [02/Dec/2023 14:54:24 logger 7 6172 10548 package : apps.users.controller.getUserController --> position : GetAUser.get]
INFO : [02/Dec/2023 14:54:24 logger 7 6172 10548 package : apps.posts.controller.post_controller --> position : PostGetController.get]
INFO : [02/Dec/2023 14:54:25 logger 7 6172 10548 package : apps.sections.controller.section_controller --> position : SectionController.get]
INFO : [02/Dec/2023 14:54:26 logger 7 6172 10548 package : apps.posts.controller.post_controller --> position : PostGetController.get]
INFO : [02/Dec/2023 17:20:24 logger 7 6172 12088 package : apps.auths.controller.login_controller --> position : Login.post]
INFO : [02/Dec/2023 17:20:25 logger 7 6172 12088 package : apps.users.controller.getUserController --> position : GetAUser.get]
INFO : [02/Dec/2023 17:20:25 logger 7 6172 8208 package : apps.sections.controller.section_controller --> position : SectionController.get]
INFO : [02/Dec/2023 17:20:27 logger 7 6172 8208 package : apps.posts.controller.post_controller --> position : PostGetController.get]
INFO : [02/Dec/2023 17:20:37 logger 7 6172 8208 package : apps.users.controller.getUserController --> position : GetAUser.get]
INFO : [02/Dec/2023 17:20:37 logger 7 6172 12088 package : apps.posts.controller.post_controller --> position : PostGetController.get]
INFO : [02/Dec/2023 17:20:51 logger 7 6172 12088 package : apps.sections.controller.section_controller --> position : SectionController.get]
INFO : [02/Dec/2023 17:20:52 logger 7 6172 12088 package : apps.posts.controller.post_controller --> position : PostGetController.get]
INFO : [02/Dec/2023 17:24:14 logger 7 6172 12088 package : apps.users.controller.getUserController --> position : GetAUser.get]
INFO : [02/Dec/2023 17:24:14 logger 7 6172 8208 package : apps.posts.controller.post_controller --> position : PostGetController.get]
INFO : [02/Dec/2023 17:30:42 logger 7 6172 9596 package : apps.auths.controller.refreshToken_controller --> position : RefreshToken.post]
INFO : [02/Dec/2023 17:30:42 logger 7 6172 1404 package : apps.users.controller.getUserController --> position : GetAUser.get]
INFO : [02/Dec/2023 17:30:42 logger 7 6172 7316 package : apps.posts.controller.post_controller --> position : PostGetController.get]
INFO : [02/Dec/2023 17:30:43 logger 7 6172 7316 package : apps.users.controller.getUserController --> position : GetAUser.get]
INFO : [02/Dec/2023 17:30:43 logger 7 6172 1404 package : apps.sections.controller.section_controller --> position : SectionController.get]
INFO : [02/Dec/2023 17:30:45 logger 7 6172 1404 package : apps.posts.controller.post_controller --> position : PostGetController.get]
INFO : [02/Dec/2023 17:47:20 logger 7 11128 3924 package : apps.auths.controller.refreshToken_controller --> position : RefreshToken.post]
INFO : [02/Dec/2023 17:47:20 logger 7 11128 11012 package : apps.users.controller.getUserController --> position : GetAUser.get]
INFO : [02/Dec/2023 17:47:20 logger 7 11128 11396 package : apps.posts.controller.post_controller --> position : PostGetController.get]
INFO : [02/Dec/2023 17:47:21 logger 7 11128 11012 package : apps.users.controller.getUserController --> position : GetAUser.get]
INFO : [02/Dec/2023 17:47:21 logger 7 11128 11396 package : apps.sections.controller.section_controller --> position : SectionController.get]
INFO : [02/Dec/2023 17:47:23 logger 7 11128 11396 package : apps.posts.controller.post_controller --> position : PostGetController.get]
INFO : [02/Dec/2023 17:50:38 logger 7 11128 11396 package : apps.posts.controller.post_controller --> position : PostController.put]
ERROR : [02/Dec/2023 17:50:38 logger 10 11128 11396 package : apps.posts.controller.post_controller --> position : PostController.put --> exception : Post matching query does not exist.]
INFO : [02/Dec/2023 17:51:00 logger 7 11128 11396 package : apps.posts.controller.post_controller --> position : PostController.put]
ERROR : [02/Dec/2023 17:51:00 logger 10 11128 11396 package : apps.posts.controller.post_controller --> position : PostController.put --> exception : Post matching query does not exist.]
INFO : [02/Dec/2023 17:52:19 logger 7 9712 10500 package : apps.posts.controller.post_controller --> position : PostController.put]
ERROR : [02/Dec/2023 17:52:19 logger 10 9712 10500 package : apps.posts.controller.post_controller --> position : PostController.put --> exception : Post matching query does not exist.]
INFO : [02/Dec/2023 17:52:52 logger 7 11584 10668 package : apps.posts.controller.post_controller --> position : PostController.put]
ERROR : [02/Dec/2023 17:52:52 logger 10 11584 10668 package : apps.posts.controller.post_controller --> position : PostController.put --> exception : Post matching query does not exist.]
INFO : [02/Dec/2023 17:54:02 logger 7 9416 11444 package : apps.posts.controller.post_controller --> position : PostController.put]
ERROR : [02/Dec/2023 17:54:02 logger 10 9416 11444 package : apps.posts.controller.post_controller --> position : PostController.put --> exception : Post matching query does not exist.]
INFO : [02/Dec/2023 17:54:25 logger 7 1920 8856 package : apps.posts.controller.post_controller --> position : PostController.put]
ERROR : [02/Dec/2023 17:54:25 logger 10 1920 8856 package : apps.posts.controller.post_controller --> position : PostController.put --> exception : Post matching query does not exist.]
INFO : [02/Dec/2023 17:54:56 logger 7 1232 10900 package : apps.posts.controller.post_controller --> position : PostController.put]
ERROR : [02/Dec/2023 17:54:56 logger 10 1232 10900 package : apps.posts.controller.post_controller --> position : PostController.put --> exception : Post matching query does not exist.]
INFO : [02/Dec/2023 17:56:20 logger 7 10852 3540 package : apps.posts.controller.post_controller --> position : PostController.put]
INFO : [02/Dec/2023 17:56:27 logger 7 10852 3540 package : apps.users.controller.getUserController --> position : GetAUser.get]
INFO : [02/Dec/2023 17:56:27 logger 7 10852 3540 package : apps.posts.controller.post_controller --> position : PostGetController.get]
INFO : [02/Dec/2023 17:56:34 logger 7 10852 3540 package : apps.posts.controller.post_controller --> position : PostController.put]
INFO : [02/Dec/2023 17:56:39 logger 7 10852 3540 package : apps.users.controller.getUserController --> position : GetAUser.get]
INFO : [02/Dec/2023 17:56:39 logger 7 10852 3540 package : apps.posts.controller.post_controller --> position : PostGetController.get]
INFO : [02/Dec/2023 17:56:51 logger 7 10852 3540 package : apps.posts.controller.post_controller --> position : PostController.put]
INFO : [02/Dec/2023 18:03:37 logger 7 10852 11896 package : apps.auths.controller.refreshToken_controller --> position : RefreshToken.post]
INFO : [02/Dec/2023 18:03:37 logger 7 10852 10548 package : apps.users.controller.getUserController --> position : GetAUser.get]
INFO : [02/Dec/2023 18:03:37 logger 7 10852 11896 package : apps.posts.controller.post_controller --> position : PostGetController.get]
INFO : [02/Dec/2023 18:03:38 logger 7 10852 11896 package : apps.users.controller.getUserController --> position : GetAUser.get]
INFO : [02/Dec/2023 18:03:38 logger 7 10852 10548 package : apps.sections.controller.section_controller --> position : SectionController.get]
INFO : [02/Dec/2023 18:08:50 logger 7 10852 11580 package : apps.posts.controller.post_controller --> position : PostGetController.get]
INFO : [02/Dec/2023 18:08:56 logger 7 10852 11580 package : apps.posts.controller.post_controller --> position : PostController.put]
INFO : [02/Dec/2023 18:09:17 logger 7 10852 11580 package : apps.posts.controller.post_controller --> position : PostController.put]
INFO : [02/Dec/2023 18:09:29 logger 7 10852 11580 package : apps.posts.controller.post_controller --> position : PostController.delete]
INFO : [02/Dec/2023 18:09:33 logger 7 10852 11580 package : apps.posts.controller.post_controller --> position : PostController.delete]
INFO : [02/Dec/2023 18:09:41 logger 7 10852 11580 package : apps.users.controller.getUserController --> position : GetAUser.get]
INFO : [02/Dec/2023 18:09:41 logger 7 10852 11580 package : apps.posts.controller.post_controller --> position : PostGetController.get]
INFO : [02/Dec/2023 18:12:30 logger 7 10852 11580 package : apps.users.controller.getUserController --> position : GetAUser.get]
INFO : [02/Dec/2023 18:12:30 logger 7 10852 11580 package : apps.posts.controller.post_controller --> position : PostGetController.get]
INFO : [02/Dec/2023 18:13:35 logger 7 10852 11580 package : apps.users.controller.getUserController --> position : GetAUser.get]
INFO : [02/Dec/2023 18:13:35 logger 7 10852 11580 package : apps.posts.controller.post_controller --> position : PostGetController.get]
INFO : [02/Dec/2023 18:13:37 logger 7 10852 11580 package : apps.sections.controller.section_controller --> position : SectionController.get]
INFO : [02/Dec/2023 18:13:39 logger 7 10852 11580 package : apps.users.controller.getUserController --> position : GetAUser.get]
INFO : [02/Dec/2023 18:13:39 logger 7 10852 11580 package : apps.sections.controller.section_controller --> position : SectionController.get]
INFO : [02/Dec/2023 18:15:31 logger 7 10852 11580 package : apps.users.controller.getUserController --> position : GetAUser.get]
INFO : [02/Dec/2023 18:15:31 logger 7 10852 11580 package : apps.sections.controller.section_controller --> position : SectionController.get]
INFO : [02/Dec/2023 18:15:53 logger 7 10852 11580 package : apps.users.controller.getUserController --> position : GetAUser.get]
INFO : [02/Dec/2023 18:15:53 logger 7 10852 5788 package : apps.sections.controller.section_controller --> position : SectionController.get]
INFO : [02/Dec/2023 18:15:55 logger 7 10852 5788 package : apps.posts.controller.post_controller --> position : PostGetController.get]
INFO : [02/Dec/2023 18:16:01 logger 7 10852 5788 package : apps.users.controller.getUserController --> position : GetAUser.get]
INFO : [02/Dec/2023 18:16:01 logger 7 10852 5788 package : apps.posts.controller.post_controller --> position : PostGetController.get]
INFO : [02/Dec/2023 18:16:36 logger 7 10852 12852 package : apps.auths.controller.login_controller --> position : Login.post]
INFO : [02/Dec/2023 18:16:38 logger 7 10852 12852 package : apps.users.controller.getUserController --> position : GetAUser.get]
INFO : [02/Dec/2023 18:16:38 logger 7 10852 12876 package : apps.sections.controller.section_controller --> position : SectionController.get]
INFO : [02/Dec/2023 18:16:48 logger 7 10852 12876 package : apps.users.controller.getUserController --> position : GetAUser.get]
INFO : [02/Dec/2023 18:16:48 logger 7 10852 12876 package : apps.posts.controller.post_controller --> position : PostGetController.get]
INFO : [02/Dec/2023 18:17:18 logger 7 10852 12876 package : apps.posts.controller.post_controller --> position : PostController.put]
INFO : [02/Dec/2023 18:24:05 logger 7 10852 2668 package : apps.users.controller.getUserController --> position : GetAUser.get]
INFO : [02/Dec/2023 18:24:05 logger 7 10852 8932 package : apps.posts.controller.post_controller --> position : PostGetController.get]
