INFO : [25/Oct/2023 10:49:42 logger 7 7580 11368 package : core.decorators.handelException --> position : handel_exception.<locals>.inner]
INFO : [25/Oct/2023 10:50:11 logger 7 12080 13224 package : core.decorators.handelException --> position : handel_exception.<locals>.inner]
INFO : [25/Oct/2023 10:51:06 logger 7 6252 2276 package : core.decorators.handelException --> position : handel_exception.<locals>.inner]
INFO : [25/Oct/2023 10:51:48 logger 7 4336 11752 package : core.decorators.handelException --> position : handel_exception.<locals>.inner]
INFO : [25/Oct/2023 10:52:03 logger 7 4000 4900 package : core.decorators.handelException --> position : handel_exception.<locals>.inner]
INFO : [25/Oct/2023 10:54:11 logger 7 3664 2144 package : core.decorators.handelException --> position : handel_exception.<locals>.inner]
INFO : [25/Oct/2023 10:54:30 logger 7 3664 2144 package : core.decorators.handelException --> position : handel_exception.<locals>.inner]
INFO : [25/Oct/2023 10:54:33 logger 7 3664 2144 package : core.decorators.handelException --> position : handel_exception.<locals>.inner]
INFO : [25/Oct/2023 10:58:22 logger 7 3664 2144 package : core.decorators.handelException --> position : handel_exception.<locals>.inner]
INFO : [25/Oct/2023 10:58:24 logger 7 3664 2144 package : core.decorators.handelException --> position : handel_exception.<locals>.inner]
INFO : [25/Oct/2023 10:58:31 logger 7 3664 2144 package : core.decorators.handelException --> position : handel_exception.<locals>.inner]
INFO : [25/Oct/2023 10:58:40 logger 7 3664 2144 package : core.decorators.handelException --> position : handel_exception.<locals>.inner]
INFO : [25/Oct/2023 11:05:37 logger 7 10016 7228 package : core.decorators.handelException --> position : handel_exception.<locals>.inner]
INFO : [25/Oct/2023 11:05:40 logger 7 10016 7228 package : core.decorators.handelException --> position : handel_exception.<locals>.inner]
INFO : [25/Oct/2023 11:08:32 logger 7 13040 8588 package : core.decorators.handelException --> position : handel_exception.<locals>.inner]
INFO : [25/Oct/2023 11:10:06 logger 7 2288 8332 package : core.decorators.handelException --> position : handel_exception.<locals>.inner]
INFO : [25/Oct/2023 11:10:38 logger 7 8572 4760 package : apps.auths.controller.register_controller --> position : Register.post]
ERROR : [25/Oct/2023 11:10:38 logger 10 8572 4760 package : apps.auths.controller.register_controller --> position : Register.post --> exception : UNIQUE constraint failed: auths_user.phone]
INFO : [25/Oct/2023 11:10:53 logger 7 8572 4760 package : apps.auths.controller.register_controller --> position : Register.post]
ERROR : [25/Oct/2023 11:10:53 logger 10 8572 4760 package : apps.auths.controller.register_controller --> position : Register.post --> exception : UNIQUE constraint failed: auths_user.phone]
INFO : [25/Oct/2023 11:11:00 logger 7 8572 4760 package : apps.auths.controller.register_controller --> position : Register.post]
ERROR : [25/Oct/2023 11:11:00 logger 10 8572 4760 package : apps.auths.controller.register_controller --> position : Register.post --> exception : UNIQUE constraint failed: auths_user.phone]
INFO : [25/Oct/2023 11:12:16 logger 7 9644 9576 package : apps.auths.controller.register_controller --> position : Register.post]
ERROR : [25/Oct/2023 11:12:17 logger 10 9644 9576 package : apps.auths.controller.register_controller --> position : Register.post --> exception : UNIQUE constraint failed: auths_user.phone]
INFO : [25/Oct/2023 11:12:19 logger 7 9644 9576 package : apps.auths.controller.register_controller --> position : Register.post]
ERROR : [25/Oct/2023 11:12:19 logger 10 9644 9576 package : apps.auths.controller.register_controller --> position : Register.post --> exception : UNIQUE constraint failed: auths_user.phone]
INFO : [25/Oct/2023 11:13:06 logger 7 14028 3524 package : apps.auths.controller.register_controller --> position : Register.post]
ERROR : [25/Oct/2023 11:13:07 logger 10 14028 3524 package : apps.auths.controller.register_controller --> position : Register.post --> exception : email already exists!]
INFO : [25/Oct/2023 11:13:09 logger 7 14028 3524 package : apps.auths.controller.register_controller --> position : Register.post]
ERROR : [25/Oct/2023 11:13:09 logger 10 14028 3524 package : apps.auths.controller.register_controller --> position : Register.post --> exception : email already exists!]
INFO : [25/Oct/2023 11:13:11 logger 7 14028 3524 package : apps.auths.controller.register_controller --> position : Register.post]
ERROR : [25/Oct/2023 11:13:11 logger 10 14028 3524 package : apps.auths.controller.register_controller --> position : Register.post --> exception : email already exists!]
INFO : [25/Oct/2023 11:14:04 logger 7 5576 13680 package : apps.auths.controller.register_controller --> position : Register.post]
ERROR : [25/Oct/2023 11:14:04 logger 10 5576 13680 package : apps.auths.controller.register_controller --> position : Register.post --> exception : email already exists!]
INFO : [25/Oct/2023 11:14:13 logger 7 5576 13680 package : apps.auths.controller.register_controller --> position : Register.post]
ERROR : [25/Oct/2023 11:14:13 logger 10 5576 13680 package : apps.auths.controller.register_controller --> position : Register.post --> exception : phone number already exists!]
INFO : [25/Oct/2023 11:14:22 logger 7 5576 13680 package : apps.auths.controller.register_controller --> position : Register.post]
ERROR : [25/Oct/2023 11:14:22 logger 10 5576 13680 package : apps.auths.controller.register_controller --> position : Register.post --> exception : 1 validation error for RegisterMainDTO
phone
  String should have at most 10 characters [type=string_too_long, input_value='839203552933', input_type=str]
    For further information visit https://errors.pydantic.dev/2.4/v/string_too_long]
INFO : [25/Oct/2023 11:15:14 logger 7 14080 3092 package : apps.auths.controller.register_controller --> position : Register.post]
ERROR : [25/Oct/2023 11:15:14 logger 10 14080 3092 package : apps.auths.controller.register_controller --> position : Register.post --> exception : 2 validation errors for RegisterMainDTO
password
  String should have at least 6 characters [type=string_too_short, input_value='', input_type=str]
    For further information visit https://errors.pydantic.dev/2.4/v/string_too_short
phone
  String should have at most 10 characters [type=string_too_long, input_value='839203552933', input_type=str]
    For further information visit https://errors.pydantic.dev/2.4/v/string_too_long]
INFO : [25/Oct/2023 11:42:08 logger 7 12028 1104 package : apps.auths.controller.register_controller --> position : Register.post]
ERROR : [25/Oct/2023 11:42:08 logger 10 12028 1104 package : apps.auths.controller.register_controller --> position : Register.post --> exception : 2 validation errors for RegisterMainDTO
password
  String should have at least 6 characters [type=string_too_short, input_value='', input_type=str]
    For further information visit https://errors.pydantic.dev/2.4/v/string_too_short
phone
  String should have at most 10 characters [type=string_too_long, input_value='839203552933', input_type=str]
    For further information visit https://errors.pydantic.dev/2.4/v/string_too_long]
INFO : [25/Oct/2023 11:42:27 logger 7 8112 3976 package : apps.auths.controller.register_controller --> position : Register.post]
ERROR : [25/Oct/2023 11:42:27 logger 10 8112 3976 package : apps.auths.controller.register_controller --> position : Register.post --> exception : 2 validation errors for RegisterMainDTO
password
  String should have at least 6 characters [type=string_too_short, input_value='', input_type=str]
    For further information visit https://errors.pydantic.dev/2.4/v/string_too_short
phone
  String should have at most 10 characters [type=string_too_long, input_value='839203552933', input_type=str]
    For further information visit https://errors.pydantic.dev/2.4/v/string_too_long]
INFO : [25/Oct/2023 11:43:07 logger 7 5620 7208 package : apps.auths.controller.register_controller --> position : Register.post]
ERROR : [25/Oct/2023 11:43:07 logger 10 5620 7208 package : apps.auths.controller.register_controller --> position : Register.post --> exception : 2 validation errors for RegisterMainDTO
password
  String should have at least 6 characters [type=string_too_short, input_value='', input_type=str]
    For further information visit https://errors.pydantic.dev/2.4/v/string_too_short
phone
  String should have at most 10 characters [type=string_too_long, input_value='839203552933', input_type=str]
    For further information visit https://errors.pydantic.dev/2.4/v/string_too_long]
INFO : [25/Oct/2023 11:44:13 logger 7 7500 316 package : apps.auths.controller.register_controller --> position : Register.post]
ERROR : [25/Oct/2023 11:44:13 logger 10 7500 316 package : apps.auths.controller.register_controller --> position : Register.post --> exception : 2 validation errors for RegisterMainDTO
password
  String should have at least 6 characters [type=string_too_short, input_value='', input_type=str]
    For further information visit https://errors.pydantic.dev/2.4/v/string_too_short
phone
  String should have at most 10 characters [type=string_too_long, input_value='839203552933', input_type=str]
    For further information visit https://errors.pydantic.dev/2.4/v/string_too_long]
INFO : [25/Oct/2023 11:44:24 logger 7 4868 376 package : apps.auths.controller.register_controller --> position : Register.post]
ERROR : [25/Oct/2023 11:44:24 logger 10 4868 376 package : apps.auths.controller.register_controller --> position : Register.post --> exception : 2 validation errors for RegisterMainDTO
password
  String should have at least 6 characters [type=string_too_short, input_value='', input_type=str]
    For further information visit https://errors.pydantic.dev/2.4/v/string_too_short
phone
  String should have at most 10 characters [type=string_too_long, input_value='839203552933', input_type=str]
    For further information visit https://errors.pydantic.dev/2.4/v/string_too_long]
INFO : [25/Oct/2023 11:45:19 logger 7 7828 4520 package : apps.auths.controller.register_controller --> position : Register.post]
ERROR : [25/Oct/2023 11:45:19 logger 10 7828 4520 package : apps.auths.controller.register_controller --> position : Register.post --> exception : 2 validation errors for RegisterMainDTO
password
  String should have at least 6 characters [type=string_too_short, input_value='', input_type=str]
    For further information visit https://errors.pydantic.dev/2.4/v/string_too_short
phone
  String should have at most 10 characters [type=string_too_long, input_value='839203552933', input_type=str]
    For further information visit https://errors.pydantic.dev/2.4/v/string_too_long]
INFO : [25/Oct/2023 11:46:07 logger 7 9700 12596 package : apps.auths.controller.register_controller --> position : Register.post]
ERROR : [25/Oct/2023 11:46:07 logger 10 9700 12596 package : apps.auths.controller.register_controller --> position : Register.post --> exception : 2 validation errors for RegisterMainDTO
password
  String should have at least 6 characters [type=string_too_short, input_value='', input_type=str]
    For further information visit https://errors.pydantic.dev/2.4/v/string_too_short
phone
  String should have at most 10 characters [type=string_too_long, input_value='839203552933', input_type=str]
    For further information visit https://errors.pydantic.dev/2.4/v/string_too_long]
INFO : [25/Oct/2023 11:48:35 logger 7 4132 5792 package : apps.auths.controller.register_controller --> position : Register.post]
ERROR : [25/Oct/2023 11:48:35 logger 10 4132 5792 package : apps.auths.controller.register_controller --> position : Register.post --> exception : 2 validation errors for RegisterMainDTO
password
  String should have at least 6 characters [type=string_too_short, input_value='', input_type=str]
    For further information visit https://errors.pydantic.dev/2.4/v/string_too_short
phone
  String should have at most 10 characters [type=string_too_long, input_value='839203552933', input_type=str]
    For further information visit https://errors.pydantic.dev/2.4/v/string_too_long]
INFO : [25/Oct/2023 11:49:08 logger 7 12516 12192 package : apps.auths.controller.register_controller --> position : Register.post]
ERROR : [25/Oct/2023 11:49:08 logger 10 12516 12192 package : apps.auths.controller.register_controller --> position : Register.post --> exception : 2 validation errors for RegisterMainDTO
password
  String should have at least 6 characters [type=string_too_short, input_value='', input_type=str]
    For further information visit https://errors.pydantic.dev/2.4/v/string_too_short
phone
  String should have at most 10 characters [type=string_too_long, input_value='839203552933', input_type=str]
    For further information visit https://errors.pydantic.dev/2.4/v/string_too_long]
INFO : [25/Oct/2023 11:49:52 logger 7 3268 6660 package : apps.auths.controller.register_controller --> position : Register.post]
ERROR : [25/Oct/2023 11:49:52 logger 10 3268 6660 package : apps.auths.controller.register_controller --> position : Register.post --> exception : invalid email!]
INFO : [25/Oct/2023 11:50:00 logger 7 3268 6660 package : apps.auths.controller.register_controller --> position : Register.post]
ERROR : [25/Oct/2023 11:50:00 logger 10 3268 6660 package : apps.auths.controller.register_controller --> position : Register.post --> exception : 3 validation errors for RegisterMainDTO
password
  String should have at least 6 characters [type=string_too_short, input_value='', input_type=str]
    For further information visit https://errors.pydantic.dev/2.4/v/string_too_short
email
  String should have at least 1 characters [type=string_too_short, input_value='', input_type=str]
    For further information visit https://errors.pydantic.dev/2.4/v/string_too_short
phone
  String should have at most 10 characters [type=string_too_long, input_value='839203552933', input_type=str]
    For further information visit https://errors.pydantic.dev/2.4/v/string_too_long]
INFO : [25/Oct/2023 11:52:50 logger 7 8196 2300 package : apps.auths.controller.register_controller --> position : Register.post]
ERROR : [25/Oct/2023 11:52:51 logger 10 8196 2300 package : apps.auths.controller.register_controller --> position : Register.post --> exception : 1 validation error for RegisterMainDTO
phone
  String should have at most 10 characters [type=string_too_long, input_value='839203552933', input_type=str]
    For further information visit https://errors.pydantic.dev/2.4/v/string_too_long]
INFO : [25/Oct/2023 11:53:12 logger 7 8196 2300 package : apps.auths.controller.register_controller --> position : Register.post]
ERROR : [25/Oct/2023 11:53:12 logger 10 8196 2300 package : apps.auths.controller.register_controller --> position : Register.post --> exception : 2 validation errors for RegisterMainDTO
password
  String should have at least 6 characters [type=string_too_short, input_value='uts', input_type=str]
    For further information visit https://errors.pydantic.dev/2.4/v/string_too_short
phone
  String should have at most 10 characters [type=string_too_long, input_value='839203552933', input_type=str]
    For further information visit https://errors.pydantic.dev/2.4/v/string_too_long]
INFO : [25/Oct/2023 12:09:26 logger 7 6396 8096 package : apps.auths.controller.register_controller --> position : Register.post]
ERROR : [25/Oct/2023 12:09:26 logger 10 6396 8096 package : apps.auths.controller.register_controller --> position : Register.post --> exception : 2 validation errors for RegisterMainDTO
password
  String should have at least 6 characters [type=string_too_short, input_value='uts', input_type=str]
    For further information visit https://errors.pydantic.dev/2.4/v/string_too_short
phone
  String should have at most 10 characters [type=string_too_long, input_value='839203552933', input_type=str]
    For further information visit https://errors.pydantic.dev/2.4/v/string_too_long]
INFO : [25/Oct/2023 12:10:03 logger 7 6396 8096 package : apps.auths.controller.register_controller --> position : Register.post]
INFO : [25/Oct/2023 12:10:24 logger 7 8008 11832 package : apps.auths.controller.register_controller --> position : Register.post]
ERROR : [25/Oct/2023 12:10:24 logger 10 8008 11832 package : apps.auths.controller.register_controller --> position : Register.post --> exception : user already exists!]
INFO : [25/Oct/2023 12:36:03 logger 7 5892 5908 package : apps.auths.controller.login_controller --> position : Login.post]
ERROR : [25/Oct/2023 12:36:03 logger 10 5892 5908 package : apps.auths.controller.login_controller --> position : Login.post --> exception : 'Response' object has no attribute 'cookies']
INFO : [25/Oct/2023 12:36:47 logger 7 13480 12936 package : apps.auths.controller.login_controller --> position : Login.post]
ERROR : [25/Oct/2023 12:36:47 logger 10 13480 12936 package : apps.auths.controller.login_controller --> position : Login.post --> exception : 'Response' object has no attribute 'cookies']
INFO : [25/Oct/2023 12:38:29 logger 7 10180 9064 package : apps.auths.controller.login_controller --> position : Login.post]
ERROR : [25/Oct/2023 12:38:30 logger 10 10180 9064 package : apps.auths.controller.login_controller --> position : Login.post --> exception : 'Response' object has no attribute 'cookies']
INFO : [25/Oct/2023 12:40:51 logger 7 7092 9508 package : apps.auths.controller.login_controller --> position : Login.post]
ERROR : [25/Oct/2023 12:40:52 logger 10 7092 9508 package : apps.auths.controller.login_controller --> position : Login.post --> exception : 'Response' object has no attribute 'cookies']
INFO : [25/Oct/2023 12:43:56 logger 7 3976 7648 package : apps.auths.controller.login_controller --> position : Login.post]
ERROR : [25/Oct/2023 12:43:56 logger 10 3976 7648 package : apps.auths.controller.login_controller --> position : Login.post --> exception : 'Responses' object has no attribute 'cookies']
INFO : [25/Oct/2023 12:46:39 logger 7 12740 2256 package : apps.auths.controller.login_controller --> position : Login.post]
INFO : [25/Oct/2023 12:47:24 logger 7 12688 5192 package : apps.auths.controller.login_controller --> position : Login.post]
INFO : [25/Oct/2023 12:49:27 logger 7 4364 7716 package : apps.auths.controller.login_controller --> position : Login.post]
INFO : [25/Oct/2023 12:50:20 logger 7 3668 7292 package : apps.auths.controller.login_controller --> position : Login.post]
ERROR : [25/Oct/2023 12:50:20 logger 10 3668 7292 package : apps.auths.controller.login_controller --> position : Login.post --> exception : 'Response' object is not callable]
INFO : [25/Oct/2023 12:50:31 logger 7 13764 9064 package : apps.auths.controller.login_controller --> position : Login.post]
ERROR : [25/Oct/2023 12:50:32 logger 10 13764 9064 package : apps.auths.controller.login_controller --> position : Login.post --> exception : 'Response' object is not callable]
INFO : [25/Oct/2023 12:51:07 logger 7 9400 9628 package : apps.auths.controller.login_controller --> position : Login.post]
ERROR : [25/Oct/2023 12:51:07 logger 10 9400 9628 package : apps.auths.controller.login_controller --> position : Login.post --> exception : 'Response' object is not callable]
INFO : [25/Oct/2023 12:52:15 logger 7 12936 4104 package : apps.auths.controller.login_controller --> position : Login.post]
INFO : [25/Oct/2023 12:52:19 logger 7 12936 4104 package : apps.auths.controller.login_controller --> position : Login.post]
INFO : [25/Oct/2023 12:53:22 logger 7 3468 4160 package : apps.auths.controller.login_controller --> position : Login.post]
ERROR : [25/Oct/2023 12:53:22 logger 10 3468 4160 package : apps.auths.controller.login_controller --> position : Login.post --> exception : __init__() should return None, not 'Response']
INFO : [25/Oct/2023 12:53:44 logger 7 13212 6000 package : apps.auths.controller.login_controller --> position : Login.post]
ERROR : [25/Oct/2023 12:53:44 logger 10 13212 6000 package : apps.auths.controller.login_controller --> position : Login.post --> exception : __init__() takes from 1 to 7 positional arguments but 8 were given]
INFO : [25/Oct/2023 12:54:30 logger 7 9912 4664 package : apps.auths.controller.login_controller --> position : Login.post]
ERROR : [25/Oct/2023 12:54:31 logger 10 9912 4664 package : apps.auths.controller.login_controller --> position : Login.post --> exception : 'Responses' object has no attribute 'cookies']
INFO : [25/Oct/2023 12:55:13 logger 7 8052 8340 package : apps.auths.controller.login_controller --> position : Login.post]
ERROR : [25/Oct/2023 12:55:13 logger 10 8052 8340 package : apps.auths.controller.login_controller --> position : Login.post --> exception : 'Responses' object has no attribute 'cookies']
INFO : [25/Oct/2023 12:55:14 logger 7 8052 8340 package : apps.auths.controller.login_controller --> position : Login.post]
ERROR : [25/Oct/2023 12:55:15 logger 10 8052 8340 package : apps.auths.controller.login_controller --> position : Login.post --> exception : 'Responses' object has no attribute 'cookies']
INFO : [25/Oct/2023 12:56:02 logger 7 3268 9348 package : apps.auths.controller.login_controller --> position : Login.post]
ERROR : [25/Oct/2023 12:56:02 logger 10 3268 9348 package : apps.auths.controller.login_controller --> position : Login.post --> exception : set_cookie() missing 1 required positional argument: 'key']
INFO : [25/Oct/2023 12:56:35 logger 7 8416 12324 package : apps.auths.controller.login_controller --> position : Login.post]
ERROR : [25/Oct/2023 12:56:35 logger 10 8416 12324 package : apps.auths.controller.login_controller --> position : Login.post --> exception : 'Responses' object has no attribute 'cookies']
INFO : [25/Oct/2023 12:59:47 logger 7 5552 9852 package : apps.auths.controller.login_controller --> position : Login.post]
ERROR : [25/Oct/2023 12:59:47 logger 10 5552 9852 package : apps.auths.controller.login_controller --> position : Login.post --> exception : 'Responses' object has no attribute 'cookies']
INFO : [25/Oct/2023 12:59:49 logger 7 5552 9852 package : apps.auths.controller.login_controller --> position : Login.post]
ERROR : [25/Oct/2023 12:59:49 logger 10 5552 9852 package : apps.auths.controller.login_controller --> position : Login.post --> exception : 'Responses' object has no attribute 'cookies']
INFO : [25/Oct/2023 13:02:31 logger 7 11500 4032 package : apps.auths.controller.login_controller --> position : Login.post]
ERROR : [25/Oct/2023 13:02:31 logger 10 11500 4032 package : apps.auths.controller.login_controller --> position : Login.post --> exception : 'Responses' object has no attribute 'cookies']
INFO : [25/Oct/2023 13:04:50 logger 7 6560 8028 package : apps.auths.controller.login_controller --> position : Login.post]
ERROR : [25/Oct/2023 13:04:50 logger 10 6560 8028 package : apps.auths.controller.login_controller --> position : Login.post --> exception : 'Responses' object has no attribute 'cookies']
INFO : [25/Oct/2023 13:05:03 logger 7 12408 12140 package : apps.auths.controller.login_controller --> position : Login.post]
ERROR : [25/Oct/2023 13:05:03 logger 10 12408 12140 package : apps.auths.controller.login_controller --> position : Login.post --> exception : local variable '_resp' referenced before assignment]
INFO : [25/Oct/2023 13:05:17 logger 7 5168 10676 package : apps.auths.controller.login_controller --> position : Login.post]
INFO : [25/Oct/2023 13:05:44 logger 7 7940 3088 package : apps.auths.controller.login_controller --> position : Login.post]
ERROR : [25/Oct/2023 13:05:44 logger 10 7940 3088 package : apps.auths.controller.login_controller --> position : Login.post --> exception : 'Responses' object has no attribute 'cookies']
INFO : [25/Oct/2023 13:06:34 logger 7 12832 1744 package : apps.auths.controller.login_controller --> position : Login.post]
INFO : [25/Oct/2023 13:07:36 logger 7 6080 6732 package : apps.auths.controller.login_controller --> position : Login.post]
INFO : [25/Oct/2023 13:08:20 logger 7 13188 12204 package : apps.auths.controller.login_controller --> position : Login.post]
INFO : [25/Oct/2023 13:09:27 logger 7 11032 12784 package : apps.auths.controller.login_controller --> position : Login.post]
