INFO : [08/Nov/2023 13:46:55 logger 7 13088 2188 package : apps.auths.controller.login_controller --> position : Login.post]
INFO : [08/Nov/2023 13:47:16 logger 7 13088 7388 package : apps.auths.controller.login_controller --> position : Login.post]
INFO : [08/Nov/2023 13:47:21 logger 7 13088 7388 package : apps.sharing.controller.sectionShareController --> position : SectionShareController.post]
ERROR : [08/Nov/2023 13:47:21 logger 10 13088 7388 package : apps.sharing.controller.sectionShareController --> position : SectionShareController.post --> exception : no such table: sharing_sharedsection]
INFO : [08/Nov/2023 13:49:11 logger 7 12076 7588 package : apps.sharing.controller.sectionShareController --> position : SectionShareController.post]
ERROR : [08/Nov/2023 13:49:11 logger 10 12076 7588 package : apps.sharing.controller.sectionShareController --> position : SectionShareController.post --> exception : no such table: sharing_sharedsection]
INFO : [08/Nov/2023 13:50:36 logger 7 12076 7588 package : apps.sharing.controller.sectionShareController --> position : SectionShareController.post]
ERROR : [08/Nov/2023 13:50:36 logger 10 12076 7588 package : apps.sharing.controller.sectionShareController --> position : SectionShareController.post --> exception : Got AttributeError when attempting to get a value for field `profile_pic` on serializer `UserSerializer`.
The serializer field might be named incorrectly and not match any attribute or key on the `User` instance.
Original exception text was: 'User' object has no attribute 'profile_pic'.]
INFO : [08/Nov/2023 13:57:24 logger 7 4520 9432 package : apps.auths.controller.login_controller --> position : Login.post]
INFO : [08/Nov/2023 13:57:29 logger 7 4520 9432 package : apps.sharing.controller.sectionShareController --> position : SectionShareController.post]
INFO : [08/Nov/2023 14:02:30 logger 7 4520 12908 package : apps.auths.controller.register_controller --> position : Register.post]
INFO : [08/Nov/2023 14:04:53 logger 7 4280 1588 package : apps.auths.controller.register_controller --> position : Register.post]
INFO : [08/Nov/2023 14:06:33 logger 7 11844 11640 package : apps.sharing.controller.sectionShareController --> position : SectionShareController.post]
ERROR : [08/Nov/2023 14:06:33 logger 10 11844 11640 package : apps.sharing.controller.sectionShareController --> position : SectionShareController.post --> exception : you can not share this!]
INFO : [08/Nov/2023 14:06:48 logger 7 11844 11640 package : apps.sharing.controller.sectionShareController --> position : SectionShareController.post]
ERROR : [08/Nov/2023 14:06:48 logger 10 11844 11640 package : apps.sharing.controller.sectionShareController --> position : SectionShareController.post --> exception : you can not share this!]
INFO : [08/Nov/2023 14:06:49 logger 7 11844 11640 package : apps.sharing.controller.sectionShareController --> position : SectionShareController.post]
ERROR : [08/Nov/2023 14:06:49 logger 10 11844 11640 package : apps.sharing.controller.sectionShareController --> position : SectionShareController.post --> exception : you can not share this!]
INFO : [08/Nov/2023 14:06:50 logger 7 11844 11640 package : apps.sharing.controller.sectionShareController --> position : SectionShareController.post]
ERROR : [08/Nov/2023 14:06:50 logger 10 11844 11640 package : apps.sharing.controller.sectionShareController --> position : SectionShareController.post --> exception : you can not share this!]
INFO : [08/Nov/2023 14:06:51 logger 7 11844 11640 package : apps.sharing.controller.sectionShareController --> position : SectionShareController.post]
ERROR : [08/Nov/2023 14:06:51 logger 10 11844 11640 package : apps.sharing.controller.sectionShareController --> position : SectionShareController.post --> exception : you can not share this!]
INFO : [08/Nov/2023 14:07:36 logger 7 11844 11640 package : apps.sharing.controller.sectionShareController --> position : SectionShareController.post]
ERROR : [08/Nov/2023 14:07:36 logger 10 11844 11640 package : apps.sharing.controller.sectionShareController --> position : SectionShareController.post --> exception : you can not share this!]
INFO : [08/Nov/2023 14:07:37 logger 7 11844 11640 package : apps.sharing.controller.sectionShareController --> position : SectionShareController.post]
ERROR : [08/Nov/2023 14:07:37 logger 10 11844 11640 package : apps.sharing.controller.sectionShareController --> position : SectionShareController.post --> exception : you can not share this!]
INFO : [08/Nov/2023 14:08:13 logger 7 11844 11640 package : apps.sharing.controller.sectionShareController --> position : SectionShareController.post]
ERROR : [08/Nov/2023 14:08:13 logger 10 11844 11640 package : apps.sharing.controller.sectionShareController --> position : SectionShareController.post --> exception : you can not share this!]
INFO : [08/Nov/2023 14:08:21 logger 7 11844 11640 package : apps.auths.controller.login_controller --> position : Login.post]
INFO : [08/Nov/2023 14:08:25 logger 7 11844 11640 package : apps.sharing.controller.sectionShareController --> position : SectionShareController.post]
INFO : [08/Nov/2023 19:03:28 logger 7 11844 10160 package : apps.auths.controller.login_controller --> position : Login.post]
INFO : [08/Nov/2023 19:03:35 logger 7 11844 10160 package : apps.sharing.controller.sectionShareController --> position : SectionShareController.post]
ERROR : [08/Nov/2023 19:03:35 logger 10 11844 10160 package : apps.sharing.controller.sectionShareController --> position : SectionShareController.post --> exception : encoding without a string argument]
INFO : [08/Nov/2023 19:05:04 logger 7 4364 6684 package : apps.sharing.controller.sectionShareController --> position : SectionShareController.post]
ERROR : [08/Nov/2023 19:05:04 logger 10 4364 6684 package : apps.sharing.controller.sectionShareController --> position : SectionShareController.post --> exception : descriptor 'timestamp' for 'datetime.datetime' objects doesn't apply to a 'builtin_function_or_method' object]
INFO : [08/Nov/2023 19:05:30 logger 7 8892 10496 package : apps.sharing.controller.sectionShareController --> position : SectionShareController.post]
ERROR : [08/Nov/2023 19:05:30 logger 10 8892 10496 package : apps.sharing.controller.sectionShareController --> position : SectionShareController.post --> exception : uuid3() missing 1 required positional argument: 'name']
INFO : [08/Nov/2023 19:05:51 logger 7 1016 3532 package : apps.sharing.controller.sectionShareController --> position : SectionShareController.post]
ERROR : [08/Nov/2023 19:05:51 logger 10 1016 3532 package : apps.sharing.controller.sectionShareController --> position : SectionShareController.post --> exception : encoding without a string argument]
INFO : [08/Nov/2023 19:06:05 logger 7 9068 7780 package : apps.sharing.controller.sectionShareController --> position : SectionShareController.post]
INFO : [08/Nov/2023 19:16:26 logger 7 12040 9732 package : apps.auths.controller.login_controller --> position : Login.post]
INFO : [08/Nov/2023 19:16:31 logger 7 12040 9732 package : apps.sharing.controller.sectionShareController --> position : SectionShareController.delete]
ERROR : [08/Nov/2023 19:16:31 logger 10 12040 9732 package : apps.sharing.controller.sectionShareController --> position : SectionShareController.delete --> exception : you can't delete this!]
INFO : [08/Nov/2023 21:51:40 logger 7 9172 6084 package : apps.auths.controller.login_controller --> position : Login.post]
INFO : [08/Nov/2023 21:51:47 logger 7 9172 6084 package : apps.sharing.controller.sectionShareController --> position : SectionShareController.post]
ERROR : [08/Nov/2023 21:51:47 logger 10 9172 6084 package : apps.sharing.controller.sectionShareController --> position : SectionShareController.post --> exception : 1 validation error for AddShareSectionDTO
user
  field required (type=value_error.missing)]
INFO : [08/Nov/2023 21:52:49 logger 7 9172 6084 package : apps.sharing.controller.sectionShareController --> position : SectionShareController.post]
ERROR : [08/Nov/2023 21:52:49 logger 10 9172 6084 package : apps.sharing.controller.sectionShareController --> position : SectionShareController.post --> exception : 1 validation error for AddShareSectionDTO
user
  field required (type=value_error.missing)]
INFO : [08/Nov/2023 21:53:37 logger 7 9172 6084 package : apps.sharing.controller.sectionShareController --> position : SectionShareController.post]
INFO : [08/Nov/2023 21:56:00 logger 7 12428 12944 package : apps.sharing.controller.postShareController --> position : PostShareController.post]
ERROR : [08/Nov/2023 21:56:00 logger 10 12428 12944 package : apps.sharing.controller.postShareController --> position : PostShareController.post --> exception : Cannot assign "PostData(post_id='6dfd0f2a-7667-11ee-ac4c-18c04d5465c7', title='playbooks5.0', about='dvfs', notes='jhskhadcfdf', visibility=None, created_at=datetime.datetime(2023, 10, 29, 14, 28, 29, 407415), post_meta=[PostMetaData(post_file_meta_id=datetime.datetime(2023, 10, 29, 14, 28, 29, 407415), file_name=None, file_url=None, public_id=None, resource_type=None, types=None)])": "SharedPost.post" must be a "Post" instance.]
INFO : [08/Nov/2023 21:59:59 logger 7 11072 4172 package : apps.sharing.controller.postShareController --> position : PostShareController.post]
INFO : [08/Nov/2023 22:00:34 logger 7 11792 8808 package : apps.sharing.controller.postShareController --> position : PostShareController.post]
INFO : [08/Nov/2023 22:01:55 logger 7 4040 3104 package : apps.auths.controller.login_controller --> position : Login.post]
INFO : [08/Nov/2023 22:01:59 logger 7 4040 3104 package : apps.sharing.controller.postShareController --> position : PostShareController.post]
INFO : [08/Nov/2023 22:03:08 logger 7 2900 460 package : apps.sharing.controller.postShareController --> position : PostShareController.post]
INFO : [08/Nov/2023 22:04:20 logger 7 2900 460 package : apps.sharing.controller.postShareController --> position : PostShareController.post]
