INFO : [31/Oct/2023 13:40:05 logger 7 3716 6900 package : apps.posts.controller.post_controller --> position : PostController.post]
ERROR : [31/Oct/2023 13:40:05 logger 10 3716 6900 package : apps.posts.controller.post_controller --> position : PostController.post --> exception : Got AttributeError when attempting to get a value for field `post_meta` on serializer `PostSerializer`.
The serializer field might be named incorrectly and not match any attribute or key on the `Post` instance.
Original exception text was: 'Post' object has no attribute 'post_meta'.]
INFO : [31/Oct/2023 13:40:36 logger 7 5420 12972 package : apps.posts.controller.post_controller --> position : PostController.post]
INFO : [31/Oct/2023 19:28:21 logger 7 2364 10344 package : apps.posts.controller.post_controller --> position : PostController.get]
INFO : [31/Oct/2023 19:28:58 logger 7 2364 10344 package : apps.posts.controller.post_controller --> position : PostController.get]
ERROR : [31/Oct/2023 19:28:58 logger 10 2364 10344 package : apps.posts.controller.post_controller --> position : PostController.get --> exception : 1 validation error for GetPostDTO
section_id
  Field required [type=missing, input_value={'post_id': 'a6a3fdf8-762...11ee-a5f2-18c04d5465c7'}, input_type=dict]
    For further information visit https://errors.pydantic.dev/2.4/v/missing]
INFO : [31/Oct/2023 19:30:07 logger 7 8424 5700 package : apps.posts.controller.post_controller --> position : PostController.get]
INFO : [31/Oct/2023 19:30:16 logger 7 8424 5700 package : apps.posts.controller.post_controller --> position : PostController.get]
INFO : [31/Oct/2023 19:33:09 logger 7 14200 6532 package : apps.posts.controller.post_controller --> position : PostController.get]
INFO : [31/Oct/2023 19:38:17 logger 7 7800 11292 package : apps.posts.controller.post_controller --> position : PostController.get]
INFO : [31/Oct/2023 19:39:08 logger 7 7800 11292 package : apps.posts.controller.post_controller --> position : PostController.get]
INFO : [31/Oct/2023 19:39:31 logger 7 7800 11292 package : apps.posts.controller.post_controller --> position : PostController.get]
INFO : [31/Oct/2023 19:39:54 logger 7 7800 11292 package : apps.posts.controller.post_controller --> position : PostController.get]
INFO : [31/Oct/2023 19:40:23 logger 7 4076 1012 package : apps.posts.controller.post_controller --> position : PostController.get]
INFO : [31/Oct/2023 19:42:57 logger 7 1216 11008 package : apps.posts.controller.post_controller --> position : PostController.get]
INFO : [31/Oct/2023 19:44:55 logger 7 3024 5488 package : apps.posts.controller.post_controller --> position : PostController.get]
INFO : [31/Oct/2023 19:45:06 logger 7 3024 5488 package : apps.posts.controller.post_controller --> position : PostController.put]
ERROR : [31/Oct/2023 19:45:06 logger 10 3024 5488 package : apps.posts.controller.post_controller --> position : PostController.put --> exception : not enough values to unpack (expected 2, got 0)]
INFO : [31/Oct/2023 19:46:32 logger 7 12760 11876 package : apps.posts.controller.post_controller --> position : PostController.put]
ERROR : [31/Oct/2023 19:46:32 logger 10 12760 11876 package : apps.posts.controller.post_controller --> position : PostController.put --> exception : already same title exists..]
INFO : [31/Oct/2023 19:46:36 logger 7 12760 11876 package : apps.posts.controller.post_controller --> position : PostController.put]
ERROR : [31/Oct/2023 19:46:36 logger 10 12760 11876 package : apps.posts.controller.post_controller --> position : PostController.put --> exception : already same title exists..]
INFO : [31/Oct/2023 19:46:37 logger 7 12760 11876 package : apps.posts.controller.post_controller --> position : PostController.put]
ERROR : [31/Oct/2023 19:46:37 logger 10 12760 11876 package : apps.posts.controller.post_controller --> position : PostController.put --> exception : already same title exists..]
INFO : [31/Oct/2023 19:49:17 logger 7 3460 236 package : apps.posts.controller.post_controller --> position : PostController.put]
INFO : [31/Oct/2023 19:49:41 logger 7 3460 236 package : apps.posts.controller.post_controller --> position : PostController.get]
INFO : [31/Oct/2023 19:58:16 logger 7 1884 8608 package : apps.auths.controller.login_controller --> position : Login.post]
INFO : [31/Oct/2023 19:58:22 logger 7 1884 8608 package : apps.posts.controller.post_controller --> position : PostController.get]
