INFO : [28/Oct/2023 11:19:30 logger 7 3472 12600 package : apps.auths.controller.login_controller --> position : Login.post]
INFO : [28/Oct/2023 11:22:47 logger 7 11600 14128 package : apps.sections.controller.section_controller --> position : SectionController.post]
INFO : [28/Oct/2023 11:23:02 logger 7 9620 12124 package : apps.sections.controller.section_controller --> position : SectionController.post]
ERROR : [28/Oct/2023 11:23:02 logger 10 9620 12124 package : apps.sections.controller.section_controller --> position : SectionController.post --> exception : post() takes 2 positional arguments but 3 were given]
INFO : [28/Oct/2023 11:23:23 logger 7 12052 12396 package : apps.sections.controller.section_controller --> position : SectionController.post]
INFO : [28/Oct/2023 11:23:40 logger 7 10608 11288 package : apps.sections.controller.section_controller --> position : SectionController.post]
INFO : [28/Oct/2023 11:23:54 logger 7 10896 13796 package : apps.sections.controller.section_controller --> position : SectionController.post]
INFO : [28/Oct/2023 11:23:59 logger 7 10896 13796 package : apps.sections.controller.section_controller --> position : SectionController.post]
INFO : [28/Oct/2023 11:24:55 logger 7 10896 13796 package : apps.sections.controller.section_controller --> position : SectionController.post]
INFO : [28/Oct/2023 11:25:25 logger 7 10896 13796 package : apps.sections.controller.section_controller --> position : SectionController.post]
INFO : [28/Oct/2023 11:32:51 logger 7 10336 8920 package : apps.auths.controller.login_controller --> position : Login.post]
INFO : [28/Oct/2023 11:32:58 logger 7 10336 8920 package : apps.auths.controller.login_controller --> position : Login.post]
INFO : [28/Oct/2023 11:34:09 logger 7 10336 8920 package : apps.sections.controller.section_controller --> position : SectionController.post]
INFO : [28/Oct/2023 11:34:38 logger 7 9820 11340 package : apps.sections.controller.section_controller --> position : SectionController.post]
ERROR : [28/Oct/2023 11:34:38 logger 10 9820 11340 package : apps.sections.controller.section_controller --> position : SectionController.post --> exception : post() missing 1 required positional argument: 'id']
INFO : [28/Oct/2023 11:34:40 logger 7 9820 11340 package : apps.sections.controller.section_controller --> position : SectionController.post]
ERROR : [28/Oct/2023 11:34:40 logger 10 9820 11340 package : apps.sections.controller.section_controller --> position : SectionController.post --> exception : post() missing 1 required positional argument: 'id']
INFO : [28/Oct/2023 11:34:41 logger 7 9820 11340 package : apps.sections.controller.section_controller --> position : SectionController.post]
ERROR : [28/Oct/2023 11:34:41 logger 10 9820 11340 package : apps.sections.controller.section_controller --> position : SectionController.post --> exception : post() missing 1 required positional argument: 'id']
INFO : [28/Oct/2023 11:34:42 logger 7 9820 11340 package : apps.sections.controller.section_controller --> position : SectionController.post]
ERROR : [28/Oct/2023 11:34:42 logger 10 9820 11340 package : apps.sections.controller.section_controller --> position : SectionController.post --> exception : post() missing 1 required positional argument: 'id']
INFO : [28/Oct/2023 11:34:54 logger 7 2268 13604 package : apps.sections.controller.section_controller --> position : SectionController.post]
INFO : [28/Oct/2023 11:35:04 logger 7 2268 13604 package : apps.sections.controller.section_controller --> position : SectionController.post]
INFO : [28/Oct/2023 11:35:19 logger 7 2268 13604 package : apps.sections.controller.section_controller --> position : SectionController.post]
INFO : [28/Oct/2023 11:35:47 logger 7 1372 10956 package : apps.sections.controller.section_controller --> position : SectionController.post]
INFO : [28/Oct/2023 11:35:54 logger 7 1372 10956 package : apps.sections.controller.section_controller --> position : SectionController.post]
INFO : [28/Oct/2023 11:37:19 logger 7 6148 2016 package : apps.sections.controller.section_controller --> position : SectionController.post]
INFO : [28/Oct/2023 11:38:10 logger 7 2548 8036 package : apps.auths.controller.login_controller --> position : Login.post]
INFO : [28/Oct/2023 11:38:23 logger 7 2548 8036 package : apps.auths.controller.login_controller --> position : Login.post]
INFO : [28/Oct/2023 11:38:48 logger 7 10476 6852 package : apps.auths.controller.login_controller --> position : Login.post]
INFO : [28/Oct/2023 11:39:08 logger 7 10476 6852 package : apps.auths.controller.register_controller --> position : Register.post]
ERROR : [28/Oct/2023 11:39:08 logger 10 10476 6852 package : apps.auths.controller.register_controller --> position : Register.post --> exception : user already exists!]
INFO : [28/Oct/2023 11:39:13 logger 7 10476 6852 package : apps.sections.controller.section_controller --> position : SectionController.post]
INFO : [28/Oct/2023 11:39:34 logger 7 10476 6852 package : apps.sections.controller.section_controller --> position : SectionController.post]
INFO : [28/Oct/2023 12:08:19 logger 7 13152 8112 package : apps.auths.controller.login_controller --> position : Login.post]
INFO : [28/Oct/2023 12:08:21 logger 7 13152 8112 package : apps.sections.controller.section_controller --> position : SectionController.get]
ERROR : [28/Oct/2023 12:08:21 logger 10 13152 8112 package : apps.sections.controller.section_controller --> position : SectionController.get --> exception : get_allSections() missing 1 required positional argument: 'self']
INFO : [28/Oct/2023 12:08:43 logger 7 8912 9772 package : apps.sections.controller.section_controller --> position : SectionController.get]
ERROR : [28/Oct/2023 12:08:43 logger 10 8912 9772 package : apps.sections.controller.section_controller --> position : SectionController.get --> exception : __init__() got an unexpected keyword argument 'author_name']
INFO : [28/Oct/2023 12:09:47 logger 7 8568 4276 package : apps.sections.controller.section_controller --> position : SectionController.get]
INFO : [28/Oct/2023 12:10:33 logger 7 10560 4016 package : apps.sections.controller.section_controller --> position : SectionController.get]
INFO : [28/Oct/2023 12:11:45 logger 7 10560 4016 package : apps.sections.controller.section_controller --> position : SectionController.get]
ERROR : [28/Oct/2023 12:11:45 logger 10 10560 4016 package : apps.sections.controller.section_controller --> position : SectionController.get --> exception : 'GetSectionService' object has no attribute '_getASections']
INFO : [28/Oct/2023 12:12:12 logger 7 7732 684 package : apps.sections.controller.section_controller --> position : SectionController.get]
ERROR : [28/Oct/2023 12:12:12 logger 10 7732 684 package : apps.sections.controller.section_controller --> position : SectionController.get --> exception : Section matching query does not exist.]
INFO : [28/Oct/2023 12:18:37 logger 7 3552 9756 package : apps.auths.controller.login_controller --> position : Login.post]
INFO : [28/Oct/2023 12:19:05 logger 7 10440 10344 package : apps.sections.controller.section_controller --> position : SectionController.get]
INFO : [28/Oct/2023 12:19:07 logger 7 10440 10344 package : apps.sections.controller.section_controller --> position : SectionController.get]
INFO : [28/Oct/2023 12:19:13 logger 7 10440 10344 package : apps.sections.controller.section_controller --> position : SectionController.get]
INFO : [28/Oct/2023 12:19:17 logger 7 10440 10344 package : apps.sections.controller.section_controller --> position : SectionController.get]
INFO : [28/Oct/2023 12:21:52 logger 7 12584 1608 package : apps.sections.controller.section_controller --> position : SectionController.get]
INFO : [28/Oct/2023 12:21:59 logger 7 12584 1608 package : apps.sections.controller.section_controller --> position : SectionController.get]
INFO : [28/Oct/2023 12:22:46 logger 7 13500 7660 package : apps.sections.controller.section_controller --> position : SectionController.get]
INFO : [28/Oct/2023 12:22:51 logger 7 13500 7660 package : apps.sections.controller.section_controller --> position : SectionController.get]
INFO : [28/Oct/2023 12:23:02 logger 7 13500 7660 package : apps.sections.controller.section_controller --> position : SectionController.get]
INFO : [28/Oct/2023 12:36:56 logger 7 13528 7576 package : apps.auths.controller.login_controller --> position : Login.post]
INFO : [28/Oct/2023 12:36:59 logger 7 13528 7576 package : apps.sections.controller.section_controller --> position : SectionController.delete]
INFO : [28/Oct/2023 12:37:17 logger 7 11644 12484 package : apps.sections.controller.section_controller --> position : SectionController.delete]
INFO : [28/Oct/2023 12:37:21 logger 7 11644 12484 package : apps.sections.controller.section_controller --> position : SectionController.delete]
INFO : [28/Oct/2023 12:37:26 logger 7 11644 12484 package : apps.sections.controller.section_controller --> position : SectionController.delete]
INFO : [28/Oct/2023 12:37:31 logger 7 11644 12484 package : apps.sections.controller.section_controller --> position : SectionController.get]
INFO : [28/Oct/2023 12:37:40 logger 7 11644 12484 package : apps.sections.controller.section_controller --> position : SectionController.get]
INFO : [28/Oct/2023 12:45:48 logger 7 14100 8440 package : apps.sections.controller.section_controller --> position : SectionController.get]
INFO : [28/Oct/2023 12:45:50 logger 7 14100 8440 package : apps.sections.controller.section_controller --> position : SectionController.get]
INFO : [28/Oct/2023 12:46:00 logger 7 14100 8440 package : apps.sections.controller.section_controller --> position : SectionController.delete]
INFO : [28/Oct/2023 12:46:49 logger 7 14100 8440 package : apps.sections.controller.section_controller --> position : SectionController.put]
ERROR : [28/Oct/2023 12:46:49 logger 10 14100 8440 package : apps.sections.controller.section_controller --> position : SectionController.put --> exception : 1 validation error for ModifySectionDTO
section_about
  Field required [type=missing, input_value={'section_name': 'ansible1'}, input_type=dict]
    For further information visit https://errors.pydantic.dev/2.4/v/missing]
INFO : [28/Oct/2023 12:47:37 logger 7 136 6564 package : apps.auths.controller.login_controller --> position : Login.post]
INFO : [28/Oct/2023 12:47:39 logger 7 136 6564 package : apps.sections.controller.section_controller --> position : SectionController.put]
ERROR : [28/Oct/2023 12:47:39 logger 10 136 6564 package : apps.sections.controller.section_controller --> position : SectionController.put --> exception : 1 validation error for ModifySectionDTO
section_about
  String should have at least 1 characters [type=string_too_short, input_value='', input_type=str]
    For further information visit https://errors.pydantic.dev/2.4/v/string_too_short]
INFO : [28/Oct/2023 12:48:04 logger 7 6624 13932 package : apps.sections.controller.section_controller --> position : SectionController.put]
ERROR : [28/Oct/2023 12:48:04 logger 10 6624 13932 package : apps.sections.controller.section_controller --> position : SectionController.put --> exception : 1 validation error for ModifySectionDTO
section_about
  String should have at least 1 characters [type=string_too_short, input_value='', input_type=str]
    For further information visit https://errors.pydantic.dev/2.4/v/string_too_short]
INFO : [28/Oct/2023 12:48:22 logger 7 2876 12740 package : apps.sections.controller.section_controller --> position : SectionController.put]
INFO : [28/Oct/2023 12:48:27 logger 7 2876 12740 package : apps.sections.controller.section_controller --> position : SectionController.get]
INFO : [28/Oct/2023 12:48:39 logger 7 2876 12740 package : apps.sections.controller.section_controller --> position : SectionController.put]
INFO : [28/Oct/2023 12:48:59 logger 7 2876 12740 package : apps.sections.controller.section_controller --> position : SectionController.get]
INFO : [28/Oct/2023 12:49:09 logger 7 2876 12740 package : apps.sections.controller.section_controller --> position : SectionController.put]
INFO : [28/Oct/2023 12:52:35 logger 7 9852 12644 package : apps.sections.controller.section_controller --> position : SectionController.put]
ERROR : [28/Oct/2023 12:52:35 logger 10 9852 12644 package : apps.sections.controller.section_controller --> position : SectionController.put --> exception : 1 validation error for ModifySectionDTO
section_name
  Field required [type=missing, input_value={'section_about': 'my devops notes!!!!!!!!!'}, input_type=dict]
    For further information visit https://errors.pydantic.dev/2.4/v/missing]
INFO : [28/Oct/2023 12:54:25 logger 7 9852 12644 package : apps.sections.controller.section_controller --> position : SectionController.put]
INFO : [28/Oct/2023 12:54:37 logger 7 9852 12644 package : apps.sections.controller.section_controller --> position : SectionController.put]
INFO : [28/Oct/2023 12:54:52 logger 7 9852 12644 package : apps.sections.controller.section_controller --> position : SectionController.put]
INFO : [28/Oct/2023 12:55:00 logger 7 9852 12644 package : apps.sections.controller.section_controller --> position : SectionController.put]
